#Build: Fabric Compiler 2021.1-SP7.3, Build 94852, May 25 15:09 2022
#Install: D:\pango\PDS_2021.1-SP7.3-ads\bin
#Application name: pds_shell.exe
#OS: Windows 10 10.0.19044
#Hostname: DESKTOP-47517NI
Generated by Fabric Compiler (version 2021.1-SP7.3 build 94852) at Mon Nov  7 20:59:43 2022
License checkout: fabric_ads
Compiling verification operator library.
Compiling common defs.
Loading technology operator library.
Compiling technology operator library.
Compiling technology operator (valence) library.
Reading design from compile DB
W: Adm-4001: Attribute '.reg_init' is not supported. It is ignored.
W: Adm-4001: Attribute '.reg_init' is not supported. It is ignored.
W: Adm-4001: Attribute '.reg_init' is not supported. It is ignored.
W: Adm-4001: Attribute '.reg_init' is not supported. It is ignored.
W: Adm-4001: Attribute '.reg_init' is not supported. It is ignored.
W: Adm-4001: Attribute '.reg_init' is not supported. It is ignored.
W: Adm-4001: Attribute '.reg_init' is not supported. It is ignored.
W: Adm-4001: Attribute '.reg_init' is not supported. It is ignored.
W: Adm-4001: Attribute '.reg_init' is not supported. It is ignored.
Reading design from compile DB successfully.
Constraint check start.
Compiling prim grid devices.
Building architecture model.
Loading device packaging model.
Building architecture floorplan logic view.
I: UserConstraintEditor-0066: [D:/hdmi_final/project.fdc(line number: 164)] | p:hdmi_de is invalid, output pin or net is required.
Constraint check end.
Program Error Out.
