#Build: Fabric Compiler 2021.1-SP7.3, Build 94852, May 25 15:09 2022
#Install: D:\pango\PDS_2021.1-SP7.3-ads\bin
#Application name: pds_shell.exe
#OS: Windows 10 10.0.19044
#Hostname: DESKTOP-47517NI
Generated by Fabric Compiler (version 2021.1-SP7.3 build 94852) at Mon Nov  7 09:54:26 2022
Compiling verification operator library.
Compiling common defs.
Compiling prim grid devices.
Compiling gate devices.
Compiling gate operators.
Building architecture model.
Loading device packaging model.
I: Parameter configuration file D:/hdmi_final/testparam.txt cannot open.
Starting placement and routing flow. (CPU time elapsed 0h:00m:00s)
Reading design from devmap DB.
Building architecture floorplan logic view.
Executing : apply_constraint -f D:/hdmi_final/device_map/top.pcf
Constraint check start.
Executing : def_port gnd1 -LOC U18 -VCCIO 3.3 -IOSTANDARD LVCMOS33 -DRIVE 4 -SLEW SLOW
Executing : def_port gnd1 -LOC U18 -VCCIO 3.3 -IOSTANDARD LVCMOS33 -DRIVE 4 -SLEW SLOW successfully.
Executing : def_port gnd2 -LOC V18 -VCCIO 3.3 -IOSTANDARD LVCMOS33 -DRIVE 4 -SLEW SLOW
Executing : def_port gnd2 -LOC V18 -VCCIO 3.3 -IOSTANDARD LVCMOS33 -DRIVE 4 -SLEW SLOW successfully.
Executing : def_port led -LOC F13 -VCCIO 3.3 -IOSTANDARD LVCMOS33 -DRIVE 4 -SLEW SLOW -BUS_KEEPER NONE
Executing : def_port led -LOC F13 -VCCIO 3.3 -IOSTANDARD LVCMOS33 -DRIVE 4 -SLEW SLOW -BUS_KEEPER NONE successfully.
Executing : def_port signal1 -LOC J14 -VCCIO 3.3 -IOSTANDARD LVCMOS33 -DRIVE 12 -SLEW SLOW -BUS_KEEPER PULLDW
Executing : def_port signal1 -LOC J14 -VCCIO 3.3 -IOSTANDARD LVCMOS33 -DRIVE 12 -SLEW SLOW -BUS_KEEPER PULLDW successfully.
Executing : def_port signal2 -LOC J15 -VCCIO 3.3 -IOSTANDARD LVCMOS33 -DRIVE 12 -SLEW SLOW -BUS_KEEPER PULLDW
Executing : def_port signal2 -LOC J15 -VCCIO 3.3 -IOSTANDARD LVCMOS33 -DRIVE 12 -SLEW SLOW -BUS_KEEPER PULLDW successfully.
Executing : def_port signal3 -LOC J17 -VCCIO 3.3 -IOSTANDARD LVCMOS33 -DRIVE 12 -SLEW SLOW -BUS_KEEPER PULLDW
Executing : def_port signal3 -LOC J17 -VCCIO 3.3 -IOSTANDARD LVCMOS33 -DRIVE 12 -SLEW SLOW -BUS_KEEPER PULLDW successfully.
Executing : def_port signal4 -LOC J18 -VCCIO 3.3 -IOSTANDARD LVCMOS33 -DRIVE 12 -SLEW SLOW -BUS_KEEPER PULLDW
Executing : def_port signal4 -LOC J18 -VCCIO 3.3 -IOSTANDARD LVCMOS33 -DRIVE 12 -SLEW SLOW -BUS_KEEPER PULLDW successfully.
Executing : def_port {B_data_input[0]} -LOC L17 -VCCIO 3.3 -IOSTANDARD LVTTL33
Executing : def_port {B_data_input[0]} -LOC L17 -VCCIO 3.3 -IOSTANDARD LVTTL33 successfully.
Executing : def_port {B_data_input[1]} -LOC L18 -VCCIO 3.3 -IOSTANDARD LVTTL33
Executing : def_port {B_data_input[1]} -LOC L18 -VCCIO 3.3 -IOSTANDARD LVTTL33 successfully.
Executing : def_port {B_data_input[2]} -LOC N18 -VCCIO 3.3 -IOSTANDARD LVTTL33
Executing : def_port {B_data_input[2]} -LOC N18 -VCCIO 3.3 -IOSTANDARD LVTTL33 successfully.
Executing : def_port {B_data_input[3]} -LOC L15 -VCCIO 3.3 -IOSTANDARD LVTTL33
Executing : def_port {B_data_input[3]} -LOC L15 -VCCIO 3.3 -IOSTANDARD LVTTL33 successfully.
Executing : def_port {B_data_input[4]} -LOC L14 -VCCIO 3.3 -IOSTANDARD LVTTL33
Executing : def_port {B_data_input[4]} -LOC L14 -VCCIO 3.3 -IOSTANDARD LVTTL33 successfully.
Executing : def_port {B_data_input[5]} -LOC M14 -VCCIO 3.3 -IOSTANDARD LVTTL33
Executing : def_port {B_data_input[5]} -LOC M14 -VCCIO 3.3 -IOSTANDARD LVTTL33 successfully.
Executing : def_port {B_data_input[6]} -LOC M13 -VCCIO 3.3 -IOSTANDARD LVTTL33
Executing : def_port {B_data_input[6]} -LOC M13 -VCCIO 3.3 -IOSTANDARD LVTTL33 successfully.
Executing : def_port {B_data_input[7]} -LOC U17 -VCCIO 3.3 -IOSTANDARD LVTTL33
Executing : def_port {B_data_input[7]} -LOC U17 -VCCIO 3.3 -IOSTANDARD LVTTL33 successfully.
Executing : def_port {G_data_input[0]} -LOC T17 -VCCIO 3.3 -IOSTANDARD LVTTL33
Executing : def_port {G_data_input[0]} -LOC T17 -VCCIO 3.3 -IOSTANDARD LVTTL33 successfully.
Executing : def_port {G_data_input[1]} -LOC V17 -VCCIO 3.3 -IOSTANDARD LVTTL33
Executing : def_port {G_data_input[1]} -LOC V17 -VCCIO 3.3 -IOSTANDARD LVTTL33 successfully.
Executing : def_port {G_data_input[2]} -LOC U16 -VCCIO 3.3 -IOSTANDARD LVTTL33
Executing : def_port {G_data_input[2]} -LOC U16 -VCCIO 3.3 -IOSTANDARD LVTTL33 successfully.
Executing : def_port {G_data_input[3]} -LOC V16 -VCCIO 3.3 -IOSTANDARD LVTTL33
Executing : def_port {G_data_input[3]} -LOC V16 -VCCIO 3.3 -IOSTANDARD LVTTL33 successfully.
Executing : def_port {G_data_input[4]} -LOC T16 -VCCIO 3.3 -IOSTANDARD LVTTL33
Executing : def_port {G_data_input[4]} -LOC T16 -VCCIO 3.3 -IOSTANDARD LVTTL33 successfully.
Executing : def_port {G_data_input[5]} -LOC R16 -VCCIO 3.3 -IOSTANDARD LVTTL33
Executing : def_port {G_data_input[5]} -LOC R16 -VCCIO 3.3 -IOSTANDARD LVTTL33 successfully.
Executing : def_port {G_data_input[6]} -LOC R15 -VCCIO 3.3 -IOSTANDARD LVTTL33
Executing : def_port {G_data_input[6]} -LOC R15 -VCCIO 3.3 -IOSTANDARD LVTTL33 successfully.
Executing : def_port {G_data_input[7]} -LOC R14 -VCCIO 3.3 -IOSTANDARD LVTTL33
Executing : def_port {G_data_input[7]} -LOC R14 -VCCIO 3.3 -IOSTANDARD LVTTL33 successfully.
Executing : def_port {R_data_input[0]} -LOC P13 -VCCIO 3.3 -IOSTANDARD LVTTL33
Executing : def_port {R_data_input[0]} -LOC P13 -VCCIO 3.3 -IOSTANDARD LVTTL33 successfully.
Executing : def_port {R_data_input[1]} -LOC P14 -VCCIO 3.3 -IOSTANDARD LVTTL33
Executing : def_port {R_data_input[1]} -LOC P14 -VCCIO 3.3 -IOSTANDARD LVTTL33 successfully.
Executing : def_port {R_data_input[2]} -LOC T13 -VCCIO 3.3 -IOSTANDARD LVTTL33
Executing : def_port {R_data_input[2]} -LOC T13 -VCCIO 3.3 -IOSTANDARD LVTTL33 successfully.
Executing : def_port {R_data_input[3]} -LOC R13 -VCCIO 3.3 -IOSTANDARD LVTTL33
Executing : def_port {R_data_input[3]} -LOC R13 -VCCIO 3.3 -IOSTANDARD LVTTL33 successfully.
Executing : def_port {R_data_input[4]} -LOC P12 -VCCIO 3.3 -IOSTANDARD LVTTL33
Executing : def_port {R_data_input[4]} -LOC P12 -VCCIO 3.3 -IOSTANDARD LVTTL33 successfully.
Executing : def_port {R_data_input[5]} -LOC P11 -VCCIO 3.3 -IOSTANDARD LVTTL33
Executing : def_port {R_data_input[5]} -LOC P11 -VCCIO 3.3 -IOSTANDARD LVTTL33 successfully.
Executing : def_port {R_data_input[6]} -LOC T11 -VCCIO 3.3 -IOSTANDARD LVTTL33
Executing : def_port {R_data_input[6]} -LOC T11 -VCCIO 3.3 -IOSTANDARD LVTTL33 successfully.
Executing : def_port {R_data_input[7]} -LOC R11 -VCCIO 3.3 -IOSTANDARD LVTTL33
Executing : def_port {R_data_input[7]} -LOC R11 -VCCIO 3.3 -IOSTANDARD LVTTL33 successfully.
Executing : def_port hdmi_clk -LOC T18 -VCCIO 3.3 -IOSTANDARD LVTTL33
Executing : def_port hdmi_clk -LOC T18 -VCCIO 3.3 -IOSTANDARD LVTTL33 successfully.
Executing : def_port hdmi_de -LOC N16 -VCCIO 3.3 -IOSTANDARD LVTTL33
Executing : def_port hdmi_de -LOC N16 -VCCIO 3.3 -IOSTANDARD LVTTL33 successfully.
Executing : def_port hdmi_hs -LOC L13 -VCCIO 3.3 -IOSTANDARD LVTTL33
Executing : def_port hdmi_hs -LOC L13 -VCCIO 3.3 -IOSTANDARD LVTTL33 successfully.
Executing : def_port hdmi_vs -LOC N15 -VCCIO 3.3 -IOSTANDARD LVTTL33
Executing : def_port hdmi_vs -LOC N15 -VCCIO 3.3 -IOSTANDARD LVTTL33 successfully.
Executing : def_port sys_clk -LOC B5 -VCCIO 3.3 -IOSTANDARD LVTTL33
Executing : def_port sys_clk -LOC B5 -VCCIO 3.3 -IOSTANDARD LVTTL33 successfully.
Constraint check end.
Executing : apply_constraint -f D:/hdmi_final/device_map/top.pcf successfully.

Placement started.
Pre global placement started.
Mapping instance instance_name/u_pll_e1/goppll to PLL_82_71.
Mapping instance led_clk/u_pll_e1/goppll to PLL_82_319.
Mapping instance clkbufg_3052/gopclkbufg to USCM_74_104.
Mapping instance clkbufg_3051/gopclkbufg to USCM_74_105.
Mapping instance clkbufg_3049/gopclkbufg to USCM_74_106.
Mapping instance clkbufg_3050/gopclkbufg to USCM_74_107.
Mapping instance clkbufg_3048/gopclkbufg to USCM_74_108.
Pre global placement takes 5.34 sec.

Global placement started.
Run super clustering :
	Initial slack 160274.
	2 iterations finished.
	Final slack 161263.
Super clustering done.
Design Utilization : 46%.
Wirelength after global placement is 66804.
Global placement takes 4.42 sec.

Post global placement started.
Placed fixed group with base inst B_data_input_ibuf[0]/opit_1 on IOL_151_165.
Placed fixed group with base inst B_data_input_ibuf[1]/opit_1 on IOL_151_166.
Placed fixed group with base inst B_data_input_ibuf[2]/opit_1 on IOL_151_138.
Placed fixed group with base inst B_data_input_ibuf[3]/opit_1 on IOL_151_130.
Placed fixed group with base inst B_data_input_ibuf[4]/opit_1 on IOL_151_129.
Placed fixed group with base inst B_data_input_ibuf[5]/opit_1 on IOL_151_145.
Placed fixed group with base inst B_data_input_ibuf[6]/opit_1 on IOL_151_146.
Placed fixed group with base inst B_data_input_ibuf[7]/opit_1 on IOL_151_77.
Placed fixed group with base inst G_data_input_ibuf[0]/opit_1 on IOL_151_73.
Placed fixed group with base inst G_data_input_ibuf[1]/opit_1 on IOL_151_81.
Placed fixed group with base inst G_data_input_ibuf[2]/opit_1 on IOL_151_21.
Placed fixed group with base inst G_data_input_ibuf[3]/opit_1 on IOL_151_22.
Placed fixed group with base inst G_data_input_ibuf[4]/opit_1 on IOL_151_41.
Placed fixed group with base inst G_data_input_ibuf[5]/opit_1 on IOL_151_42.
Placed fixed group with base inst G_data_input_ibuf[6]/opit_1 on IOL_151_17.
Placed fixed group with base inst G_data_input_ibuf[7]/opit_1 on IOL_151_18.
Placed fixed group with base inst R_data_input_ibuf[0]/opit_1 on IOL_151_10.
Placed fixed group with base inst R_data_input_ibuf[1]/opit_1 on IOL_151_9.
Placed fixed group with base inst R_data_input_ibuf[2]/opit_1 on IOL_151_13.
Placed fixed group with base inst R_data_input_ibuf[3]/opit_1 on IOL_151_14.
Placed fixed group with base inst R_data_input_ibuf[4]/opit_1 on IOL_151_85.
Placed fixed group with base inst R_data_input_ibuf[5]/opit_1 on IOL_151_86.
Placed fixed group with base inst R_data_input_ibuf[6]/opit_1 on IOL_151_89.
Placed fixed group with base inst R_data_input_ibuf[7]/opit_1 on IOL_151_90.
Placed fixed group with base inst gnd1_obuf/opit_1 on IOL_151_78.
Placed fixed group with base inst gnd2_obuf/opit_1 on IOL_151_82.
Placed fixed group with base inst hdmi_clk_ibuf/opit_1 on IOL_151_74.
Placed fixed group with base inst hdmi_de_ibuf/opit_1 on IOL_151_133.
Placed fixed group with base inst hdmi_hs_ibuf/opit_1 on IOL_151_162.
Placed fixed group with base inst hdmi_vs_ibuf/opit_1 on IOL_151_134.
Placed fixed group with base inst led_obuf/opit_1 on IOL_151_241.
Placed fixed group with base inst signal1_obuf/opit_1 on IOL_151_209.
Placed fixed group with base inst signal2_obuf/opit_1 on IOL_151_210.
Placed fixed group with base inst signal3_obuf/opit_1 on IOL_151_173.
Placed fixed group with base inst signal4_obuf/opit_1 on IOL_151_174.
Placed fixed group with base inst sys_clk_ibuf/opit_1 on IOL_7_298.
Placed fixed instance clkbufg_3048/gopclkbufg on USCM_74_108.
Placed fixed instance clkbufg_3049/gopclkbufg on USCM_74_106.
Placed fixed instance clkbufg_3050/gopclkbufg on USCM_74_107.
Placed fixed instance clkbufg_3051/gopclkbufg on USCM_74_105.
Placed fixed instance clkbufg_3052/gopclkbufg on USCM_74_104.
Placed fixed instance instance_name/u_pll_e1/goppll on PLL_82_71.
Placed fixed instance led_clk/u_pll_e1/goppll on PLL_82_319.
Placed fixed instance BKCL_auto_0 on BKCL_2_268.
Placed fixed instance BKCL_auto_1 on BKCL_154_144.
Placed fixed instance BKCL_auto_2 on BKCL_154_20.
IO placement started.
IO placement takes 0.03 sec.

Macro cell placement started.
Wirelength after Macro cell placement is 67560.
Macro cell placement takes 0.05 sec.

Run super clustering :
	Initial slack 160274.
	2 iterations finished.
	Final slack 161263.
Super clustering done.
Design Utilization : 46%.
Wirelength after post global placement is 69409.
Post global placement takes 4.55 sec.

Legalization started.
Wirelength after legalization is 71928.
Legalization takes 0.45 sec.

Timing-driven detailed placement started.
replication start
Worst slack before Replication Place is 163592.
Wirelength after replication placement is 71928.
Legalized cost 163592.000000.
Cost at iteration 0 : 163592.000000, wslk 163315.
Cost at iteration 1 : 163596.000000, wslk 163596.
Cost at iteration 2 : 163596.000000, wslk 163596.
Cost at iteration 3 : 163596.000000, wslk 163596.
Cost at iteration 4 : 163596.000000, wslk 163596.
Cost at iteration 5 : 163596.000000, wslk 163596.
Cost at iteration 6 : 163596.000000, wslk 163596.
Cost at iteration 7 : 163596.000000, wslk 163596.
Cost at iteration 8 : 163596.000000, wslk 163596.
Cost at iteration 9 : 163596.000000, wslk 163596.
Cost at iteration 10 : 163596.000000, wslk 163596.
The detailed placement ends at 11th iteration.
Wirelength after detailed placement is 71949.
Timing-driven detailed placement takes 2.41 sec.

Worst slack is 163602, TNS after placement is 0.
Placement done.
Total placement takes 17.80 sec.
Finished placement. (CPU time elapsed 0h:00m:18s)

Routing started.
Building routing graph takes 0.81 sec.
Worst slack is 163602, TNS before global route is 0.
Processing design graph takes 0.28 sec.
Total memory for routing:
	51.795712 M.
Total nets for routing : 8542.
Rcf routing step 1 processed 0 nets, it takes 0.00 sec.
Rcf routing step 2 processed 0 nets, it takes 0.00 sec.
Rcf routing step 3 processed 0 nets, it takes 0.00 sec.
Global Routing step 1 processed 0 nets, it takes 0.02 sec.
Global Routing step 2 processed 0 nets, it takes 0.02 sec.
Unrouted nets 221 at the end of iteration 0.
Unrouted nets 160 at the end of iteration 1.
Unrouted nets 148 at the end of iteration 2.
Unrouted nets 118 at the end of iteration 3.
Unrouted nets 112 at the end of iteration 4.
Unrouted nets 99 at the end of iteration 5.
Unrouted nets 81 at the end of iteration 6.
Unrouted nets 72 at the end of iteration 7.
Unrouted nets 63 at the end of iteration 8.
Unrouted nets 53 at the end of iteration 9.
Unrouted nets 55 at the end of iteration 10.
Unrouted nets 57 at the end of iteration 11.
Unrouted nets 52 at the end of iteration 12.
Unrouted nets 39 at the end of iteration 13.
Unrouted nets 25 at the end of iteration 14.
Unrouted nets 18 at the end of iteration 15.
Unrouted nets 22 at the end of iteration 16.
Unrouted nets 22 at the end of iteration 17.
Unrouted nets 14 at the end of iteration 18.
Unrouted nets 8 at the end of iteration 19.
Unrouted nets 8 at the end of iteration 20.
Unrouted nets 10 at the end of iteration 21.
Unrouted nets 6 at the end of iteration 22.
Unrouted nets 5 at the end of iteration 23.
Unrouted nets 2 at the end of iteration 24.
Unrouted nets 0 at the end of iteration 25.
Global Routing step 3 processed 363 nets, it takes 14.89 sec.
Global routing takes 14.92 sec.
Total 12706 subnets.
    forward max bucket size 788 , backward 221.
        Unrouted nets 10326 at the end of iteration 0.
    route iteration 0, CPU time elapsed 1.500000 sec.
    forward max bucket size 768 , backward 428.
        Unrouted nets 8433 at the end of iteration 1.
    route iteration 1, CPU time elapsed 1.375000 sec.
    forward max bucket size 281 , backward 660.
        Unrouted nets 6430 at the end of iteration 2.
    route iteration 2, CPU time elapsed 1.343750 sec.
    forward max bucket size 535 , backward 462.
        Unrouted nets 5582 at the end of iteration 3.
    route iteration 3, CPU time elapsed 1.234375 sec.
    forward max bucket size 685 , backward 441.
        Unrouted nets 4529 at the end of iteration 4.
    route iteration 4, CPU time elapsed 1.156250 sec.
    forward max bucket size 975 , backward 603.
        Unrouted nets 4498 at the end of iteration 5.
    route iteration 5, CPU time elapsed 0.828125 sec.
    forward max bucket size 983 , backward 624.
        Unrouted nets 3843 at the end of iteration 6.
    route iteration 6, CPU time elapsed 0.718750 sec.
    forward max bucket size 789 , backward 594.
        Unrouted nets 3025 at the end of iteration 7.
    route iteration 7, CPU time elapsed 0.578125 sec.
    forward max bucket size 605 , backward 511.
        Unrouted nets 2275 at the end of iteration 8.
    route iteration 8, CPU time elapsed 0.468750 sec.
    forward max bucket size 961 , backward 850.
        Unrouted nets 1772 at the end of iteration 9.
    route iteration 9, CPU time elapsed 0.390625 sec.
    forward max bucket size 975 , backward 550.
        Unrouted nets 1395 at the end of iteration 10.
    route iteration 10, CPU time elapsed 0.328125 sec.
    forward max bucket size 501 , backward 520.
        Unrouted nets 1000 at the end of iteration 11.
    route iteration 11, CPU time elapsed 0.265625 sec.
    forward max bucket size 295 , backward 492.
        Unrouted nets 725 at the end of iteration 12.
    route iteration 12, CPU time elapsed 0.203125 sec.
    forward max bucket size 344 , backward 388.
        Unrouted nets 600 at the end of iteration 13.
    route iteration 13, CPU time elapsed 0.171875 sec.
    forward max bucket size 745 , backward 269.
        Unrouted nets 438 at the end of iteration 14.
    route iteration 14, CPU time elapsed 0.156250 sec.
    forward max bucket size 631 , backward 380.
        Unrouted nets 377 at the end of iteration 15.
    route iteration 15, CPU time elapsed 0.125000 sec.
    forward max bucket size 675 , backward 368.
        Unrouted nets 308 at the end of iteration 16.
    route iteration 16, CPU time elapsed 0.125000 sec.
    forward max bucket size 364 , backward 220.
        Unrouted nets 280 at the end of iteration 17.
    route iteration 17, CPU time elapsed 0.109375 sec.
    forward max bucket size 750 , backward 276.
        Unrouted nets 274 at the end of iteration 18.
    route iteration 18, CPU time elapsed 0.093750 sec.
    forward max bucket size 188 , backward 325.
        Unrouted nets 212 at the end of iteration 19.
    route iteration 19, CPU time elapsed 0.093750 sec.
    forward max bucket size 187 , backward 325.
        Unrouted nets 162 at the end of iteration 20.
    route iteration 20, CPU time elapsed 0.078125 sec.
    forward max bucket size 344 , backward 407.
        Unrouted nets 127 at the end of iteration 21.
    route iteration 21, CPU time elapsed 0.078125 sec.
    forward max bucket size 327 , backward 161.
        Unrouted nets 92 at the end of iteration 22.
    route iteration 22, CPU time elapsed 0.062500 sec.
    forward max bucket size 71 , backward 128.
        Unrouted nets 72 at the end of iteration 23.
    route iteration 23, CPU time elapsed 0.062500 sec.
    forward max bucket size 63 , backward 84.
        Unrouted nets 57 at the end of iteration 24.
    route iteration 24, CPU time elapsed 0.046875 sec.
    forward max bucket size 31 , backward 31.
        Unrouted nets 32 at the end of iteration 25.
    route iteration 25, CPU time elapsed 0.046875 sec.
    forward max bucket size 34 , backward 76.
        Unrouted nets 22 at the end of iteration 26.
    route iteration 26, CPU time elapsed 0.046875 sec.
    forward max bucket size 22 , backward 91.
        Unrouted nets 27 at the end of iteration 27.
    route iteration 27, CPU time elapsed 0.046875 sec.
    forward max bucket size 36 , backward 132.
        Unrouted nets 19 at the end of iteration 28.
    route iteration 28, CPU time elapsed 0.046875 sec.
    forward max bucket size 115 , backward 257.
        Unrouted nets 9 at the end of iteration 29.
    route iteration 29, CPU time elapsed 0.046875 sec.
    forward max bucket size 24 , backward 19.
        Unrouted nets 10 at the end of iteration 30.
    route iteration 30, CPU time elapsed 0.031250 sec.
    forward max bucket size 17 , backward 18.
        Unrouted nets 4 at the end of iteration 31.
    route iteration 31, CPU time elapsed 0.031250 sec.
    forward max bucket size 78 , backward 23.
        Unrouted nets 6 at the end of iteration 32.
    route iteration 32, CPU time elapsed 0.046875 sec.
    forward max bucket size 17 , backward 18.
        Unrouted nets 8 at the end of iteration 33.
    route iteration 33, CPU time elapsed 0.031250 sec.
    forward max bucket size 12 , backward 105.
        Unrouted nets 4 at the end of iteration 34.
    route iteration 34, CPU time elapsed 0.046875 sec.
    forward max bucket size 12 , backward 18.
        Unrouted nets 0 at the end of iteration 35.
    route iteration 35, CPU time elapsed 0.031250 sec.
C: Route-2036: The clock path from N13/gateop:Z to hdmi_input_inst/block_row[3]/opit_0_A2Q21:CLK is routed by SRB.
C: Route-2036: The clock path from N10/gateop:Z to hdmi_input_inst/block_re_ch1/channel/opit_0_inv:CLK is routed by SRB.
C: Route-2036: The clock path from N11/gateop:Z to hdmi_input_inst/B/u_divider_step0/dividend_kp[15]/opit_0_L5Q:CLK is routed by SRB.
C: Route-2036: The clock path from data_to_block_inst/ok/opit_0_L5Q:Q to cal_block1/Bdata[3]/opit_0_A2Q21:CLK is routed by SRB.
Detailed routing takes 12.67 sec.
Start fix hold violation.
Build tmp routing results takes 0.09 sec.
Timing analysis takes 0.59 sec.
Hold violation fix iter 0 takes 0.25 sec, total_step_forward 23842.
Incremental timing analysis takes 0.44 sec.
Hold violation fix iter 1 takes 0.00 sec, total_step_forward 0.
Fix hold violation Finished.
Hold Violation Fix in router takes 1.55 sec.

Dispose routing result:
    Collect routing result.
    Delete unused device instances.
    Annotate routing result.
    Change LUT configuration.
    Dispose misc instances.
    Annotate routing result again.
Finish routing takes 0.66 sec.
Used srb routing arc is 127000.
Cleanup routing takes 0.00 sec.
Routing done.
Total routing takes 31.38 sec.


Device Utilization Summary :
+----------------------------------------------------------------------------+
| Logic Utilization        | Used     | Available     | Utilization(%)     
+----------------------------------------------------------------------------+
| Use of ADC               | 0        | 1             | 0                   
| Use of APM               | 0        | 30            | 0                   
| Use of BKCL              | 3        | 6             | 50                  
| Use of CLMA              | 2162     | 3274          | 67                  
|   FF                     | 3381     | 19644         | 18                  
|   LUT                    | 6543     | 13096         | 50                  
|   LUT-FF pairs           | 1517     | 13096         | 12                  
| Use of CLMS              | 787      | 1110          | 71                  
|   FF                     | 650      | 6660          | 10                  
|   LUT                    | 1654     | 4440          | 38                  
|   LUT-FF pairs           | 175      | 4440          | 4                   
|   Distributed RAM        | 408      | 4440          | 10                  
| Use of CRYSTAL           | 0        | 6             | 0                   
| Use of DLL               | 0        | 6             | 0                   
| Use of DQSL              | 0        | 18            | 0                   
| Use of DRM               | 0        | 48            | 0                   
| Use of FLSIF             | 0        | 1             | 0                   
| Use of FUSECODE          | 0        | 1             | 0                   
| Use of HARD0N1           | 0        | 2745          | 0                   
| Use of HMEMC             | 0        | 2             | 0                   
| Use of IO                | 36       | 240           | 15                  
|   IOBD                   | 19       | 120           | 16                  
|   IOBR                   | 2        | 6             | 34                  
|   IOBS                   | 15       | 114           | 14                  
| Use of IOCKDIV           | 0        | 12            | 0                   
| Use of IOCKDLY           | 0        | 24            | 0                   
| Use of IOCKGATE          | 0        | 12            | 0                   
| Use of IOCKGMUX_TEST     | 0        | 12            | 0                   
| Use of IOL               | 36       | 240           | 15                  
| Use of IPAL              | 0        | 1             | 0                   
| Use of MFG_TEST          | 0        | 1             | 0                   
| Use of OSC               | 0        | 1             | 0                   
| Use of PLL               | 2        | 6             | 34                  
| Use of PREGMUX_TEST      | 0        | 6             | 0                   
| Use of RCKB              | 0        | 24            | 0                   
| Use of RCKBMUX_TEST      | 0        | 12            | 0                   
| Use of RESCAL            | 0        | 6             | 0                   
| Use of SCANCHAIN         | 0        | 4             | 0                   
| Use of START             | 1        | 1             | 100                 
| Use of UDID              | 0        | 1             | 0                   
| Use of USCM              | 6        | 20            | 30                  
| Use of USCMMUX_TEST      | 0        | 20            | 0                   
| Use of VCKBMUX_TEST      | 0        | 12            | 0                   
+----------------------------------------------------------------------------+

Finished routing. (CPU time elapsed 0h:00m:50s)
Design 'top' has been placed and routed successfully.
Saving design to DB.
Action pnr: Real time elapsed is 55.000 sec
Action pnr: CPU time elapsed is 53.375 sec
Current time: Mon Nov  7 09:55:20 2022
Action pnr: Peak memory pool usage is 584,138,752 bytes
Finished placement and routing. (CPU time elapsed 0h:00m:51s)
