#Build: Fabric Compiler 2021.1-SP7.3, Build 94852, May 25 15:09 2022
#Install: D:\pango\PDS_2021.1-SP7.3-ads\bin
#Application name: pds_shell.exe
#OS: Windows 10 10.0.19044
#Hostname: DESKTOP-47517NI
Generated by Fabric Compiler (version 2021.1-SP7.3 build 94852) at Mon Nov  7 13:15:24 2022
Compiling verification operator library.
Compiling common defs.
Compiling prim grid devices.
Compiling gate devices.
Compiling gate operators.
Building architecture model.
Loading device packaging model.
I: Parameter configuration file D:/hdmi_final/testparam.txt cannot open.
Starting placement and routing flow. (CPU time elapsed 0h:00m:00s)
Reading design from devmap DB.
Building architecture floorplan logic view.
Executing : apply_constraint -f D:/hdmi_final/device_map/top.pcf
Constraint check start.
Executing : def_port gnd1 -LOC U18 -VCCIO 3.3 -IOSTANDARD LVCMOS33 -DRIVE 4 -SLEW SLOW
Executing : def_port gnd1 -LOC U18 -VCCIO 3.3 -IOSTANDARD LVCMOS33 -DRIVE 4 -SLEW SLOW successfully.
Executing : def_port gnd2 -LOC V18 -VCCIO 3.3 -IOSTANDARD LVCMOS33 -DRIVE 4 -SLEW SLOW
Executing : def_port gnd2 -LOC V18 -VCCIO 3.3 -IOSTANDARD LVCMOS33 -DRIVE 4 -SLEW SLOW successfully.
Executing : def_port led -LOC F13 -VCCIO 3.3 -IOSTANDARD LVCMOS33 -DRIVE 4 -SLEW SLOW -BUS_KEEPER NONE
Executing : def_port led -LOC F13 -VCCIO 3.3 -IOSTANDARD LVCMOS33 -DRIVE 4 -SLEW SLOW -BUS_KEEPER NONE successfully.
Executing : def_port signal1 -LOC J14 -VCCIO 3.3 -IOSTANDARD LVCMOS33 -DRIVE 12 -SLEW SLOW -BUS_KEEPER PULLDW
Executing : def_port signal1 -LOC J14 -VCCIO 3.3 -IOSTANDARD LVCMOS33 -DRIVE 12 -SLEW SLOW -BUS_KEEPER PULLDW successfully.
Executing : def_port signal2 -LOC J15 -VCCIO 3.3 -IOSTANDARD LVCMOS33 -DRIVE 12 -SLEW SLOW -BUS_KEEPER PULLDW
Executing : def_port signal2 -LOC J15 -VCCIO 3.3 -IOSTANDARD LVCMOS33 -DRIVE 12 -SLEW SLOW -BUS_KEEPER PULLDW successfully.
Executing : def_port signal3 -LOC J17 -VCCIO 3.3 -IOSTANDARD LVCMOS33 -DRIVE 12 -SLEW SLOW -BUS_KEEPER PULLDW
Executing : def_port signal3 -LOC J17 -VCCIO 3.3 -IOSTANDARD LVCMOS33 -DRIVE 12 -SLEW SLOW -BUS_KEEPER PULLDW successfully.
Executing : def_port signal4 -LOC J18 -VCCIO 3.3 -IOSTANDARD LVCMOS33 -DRIVE 12 -SLEW SLOW -BUS_KEEPER PULLDW
Executing : def_port signal4 -LOC J18 -VCCIO 3.3 -IOSTANDARD LVCMOS33 -DRIVE 12 -SLEW SLOW -BUS_KEEPER PULLDW successfully.
Executing : def_port {B_data_input[0]} -LOC L17 -VCCIO 3.3 -IOSTANDARD LVTTL33
Executing : def_port {B_data_input[0]} -LOC L17 -VCCIO 3.3 -IOSTANDARD LVTTL33 successfully.
Executing : def_port {B_data_input[1]} -LOC L18 -VCCIO 3.3 -IOSTANDARD LVTTL33
Executing : def_port {B_data_input[1]} -LOC L18 -VCCIO 3.3 -IOSTANDARD LVTTL33 successfully.
Executing : def_port {B_data_input[2]} -LOC N18 -VCCIO 3.3 -IOSTANDARD LVTTL33
Executing : def_port {B_data_input[2]} -LOC N18 -VCCIO 3.3 -IOSTANDARD LVTTL33 successfully.
Executing : def_port {B_data_input[3]} -LOC L15 -VCCIO 3.3 -IOSTANDARD LVTTL33
Executing : def_port {B_data_input[3]} -LOC L15 -VCCIO 3.3 -IOSTANDARD LVTTL33 successfully.
Executing : def_port {B_data_input[4]} -LOC L14 -VCCIO 3.3 -IOSTANDARD LVTTL33
Executing : def_port {B_data_input[4]} -LOC L14 -VCCIO 3.3 -IOSTANDARD LVTTL33 successfully.
Executing : def_port {B_data_input[5]} -LOC M14 -VCCIO 3.3 -IOSTANDARD LVTTL33
Executing : def_port {B_data_input[5]} -LOC M14 -VCCIO 3.3 -IOSTANDARD LVTTL33 successfully.
Executing : def_port {B_data_input[6]} -LOC M13 -VCCIO 3.3 -IOSTANDARD LVTTL33
Executing : def_port {B_data_input[6]} -LOC M13 -VCCIO 3.3 -IOSTANDARD LVTTL33 successfully.
Executing : def_port {B_data_input[7]} -LOC U17 -VCCIO 3.3 -IOSTANDARD LVTTL33
Executing : def_port {B_data_input[7]} -LOC U17 -VCCIO 3.3 -IOSTANDARD LVTTL33 successfully.
Executing : def_port {G_data_input[0]} -LOC T17 -VCCIO 3.3 -IOSTANDARD LVTTL33
Executing : def_port {G_data_input[0]} -LOC T17 -VCCIO 3.3 -IOSTANDARD LVTTL33 successfully.
Executing : def_port {G_data_input[1]} -LOC V17 -VCCIO 3.3 -IOSTANDARD LVTTL33
Executing : def_port {G_data_input[1]} -LOC V17 -VCCIO 3.3 -IOSTANDARD LVTTL33 successfully.
Executing : def_port {G_data_input[2]} -LOC U16 -VCCIO 3.3 -IOSTANDARD LVTTL33
Executing : def_port {G_data_input[2]} -LOC U16 -VCCIO 3.3 -IOSTANDARD LVTTL33 successfully.
Executing : def_port {G_data_input[3]} -LOC V16 -VCCIO 3.3 -IOSTANDARD LVTTL33
Executing : def_port {G_data_input[3]} -LOC V16 -VCCIO 3.3 -IOSTANDARD LVTTL33 successfully.
Executing : def_port {G_data_input[4]} -LOC T16 -VCCIO 3.3 -IOSTANDARD LVTTL33
Executing : def_port {G_data_input[4]} -LOC T16 -VCCIO 3.3 -IOSTANDARD LVTTL33 successfully.
Executing : def_port {G_data_input[5]} -LOC R16 -VCCIO 3.3 -IOSTANDARD LVTTL33
Executing : def_port {G_data_input[5]} -LOC R16 -VCCIO 3.3 -IOSTANDARD LVTTL33 successfully.
Executing : def_port {G_data_input[6]} -LOC R15 -VCCIO 3.3 -IOSTANDARD LVTTL33
Executing : def_port {G_data_input[6]} -LOC R15 -VCCIO 3.3 -IOSTANDARD LVTTL33 successfully.
Executing : def_port {G_data_input[7]} -LOC R14 -VCCIO 3.3 -IOSTANDARD LVTTL33
Executing : def_port {G_data_input[7]} -LOC R14 -VCCIO 3.3 -IOSTANDARD LVTTL33 successfully.
Executing : def_port {R_data_input[0]} -LOC P13 -VCCIO 3.3 -IOSTANDARD LVTTL33
Executing : def_port {R_data_input[0]} -LOC P13 -VCCIO 3.3 -IOSTANDARD LVTTL33 successfully.
Executing : def_port {R_data_input[1]} -LOC P14 -VCCIO 3.3 -IOSTANDARD LVTTL33
Executing : def_port {R_data_input[1]} -LOC P14 -VCCIO 3.3 -IOSTANDARD LVTTL33 successfully.
Executing : def_port {R_data_input[2]} -LOC T13 -VCCIO 3.3 -IOSTANDARD LVTTL33
Executing : def_port {R_data_input[2]} -LOC T13 -VCCIO 3.3 -IOSTANDARD LVTTL33 successfully.
Executing : def_port {R_data_input[3]} -LOC R13 -VCCIO 3.3 -IOSTANDARD LVTTL33
Executing : def_port {R_data_input[3]} -LOC R13 -VCCIO 3.3 -IOSTANDARD LVTTL33 successfully.
Executing : def_port {R_data_input[4]} -LOC P12 -VCCIO 3.3 -IOSTANDARD LVTTL33
Executing : def_port {R_data_input[4]} -LOC P12 -VCCIO 3.3 -IOSTANDARD LVTTL33 successfully.
Executing : def_port {R_data_input[5]} -LOC P11 -VCCIO 3.3 -IOSTANDARD LVTTL33
Executing : def_port {R_data_input[5]} -LOC P11 -VCCIO 3.3 -IOSTANDARD LVTTL33 successfully.
Executing : def_port {R_data_input[6]} -LOC T11 -VCCIO 3.3 -IOSTANDARD LVTTL33
Executing : def_port {R_data_input[6]} -LOC T11 -VCCIO 3.3 -IOSTANDARD LVTTL33 successfully.
Executing : def_port {R_data_input[7]} -LOC R11 -VCCIO 3.3 -IOSTANDARD LVTTL33
Executing : def_port {R_data_input[7]} -LOC R11 -VCCIO 3.3 -IOSTANDARD LVTTL33 successfully.
Executing : def_port hdmi_clk -LOC T18 -VCCIO 3.3 -IOSTANDARD LVTTL33
Executing : def_port hdmi_clk -LOC T18 -VCCIO 3.3 -IOSTANDARD LVTTL33 successfully.
Executing : def_port hdmi_de -LOC N16 -VCCIO 3.3 -IOSTANDARD LVTTL33
Executing : def_port hdmi_de -LOC N16 -VCCIO 3.3 -IOSTANDARD LVTTL33 successfully.
Executing : def_port hdmi_hs -LOC L13 -VCCIO 3.3 -IOSTANDARD LVTTL33
Executing : def_port hdmi_hs -LOC L13 -VCCIO 3.3 -IOSTANDARD LVTTL33 successfully.
Executing : def_port hdmi_vs -LOC N15 -VCCIO 3.3 -IOSTANDARD LVTTL33
Executing : def_port hdmi_vs -LOC N15 -VCCIO 3.3 -IOSTANDARD LVTTL33 successfully.
Executing : def_port sys_clk -LOC B5 -VCCIO 3.3 -IOSTANDARD LVTTL33
Executing : def_port sys_clk -LOC B5 -VCCIO 3.3 -IOSTANDARD LVTTL33 successfully.
Constraint check end.
Executing : apply_constraint -f D:/hdmi_final/device_map/top.pcf successfully.

Placement started.
Pre global placement started.
Mapping instance instance_name/u_pll_e1/goppll to PLL_82_71.
Mapping instance led_clk/u_pll_e1/goppll to PLL_82_319.
E: Place-0084: GLOBAL_CLOCK: the driver hdmi_hs_ibuf/opit_1 fixed at IOL_151_162 is unreasonable. Sub-optimal placement for a clock source and a clock buffer.
Program Error Out.
