Vivado Simulator v2021.1
Copyright 1986-1999, 2001-2021 Xilinx, Inc. All Rights Reserved.
Running: D:/xilinx/Vivado/2021.1/bin/unwrapped/win64.o/xelab.exe -wto 19d8def531d74772b84a7cadfab53734 --incr --debug typical --relax --mt 2 -L xil_defaultlib -L unisims_ver -L secureip --snapshot final_sim_func_impl xil_defaultlib.final_sim xil_defaultlib.glbl -log elaborate.log 
Using 2 slave threads.
Starting static elaboration
Pass Through NonSizing Optimizer
Completed static elaboration
Starting simulation data flow analysis
Completed simulation data flow analysis
Time Resolution for simulation is 1ps
Compiling module unisims_ver.OBUFDS
Compiling module unisims_ver.IBUF
Compiling module unisims_ver.LUT6
Compiling module unisims_ver.FDCE_default
Compiling module unisims_ver.FDRE_default
Compiling module xil_defaultlib.cal_block_rest__parameterized47
Compiling module xil_defaultlib.cal_block_rest__parameterized48
Compiling module xil_defaultlib.cal_block_rest__parameterized49
Compiling module xil_defaultlib.cal_block_rest__parameterized50
Compiling module xil_defaultlib.cal_block_rest__parameterized51
Compiling module xil_defaultlib.cal_block_rest__parameterized52
Compiling module xil_defaultlib.cal_block_rest__parameterized53
Compiling module xil_defaultlib.cal_block_rest__parameterized54
Compiling module xil_defaultlib.cal_block_rest__parameterized55
Compiling module xil_defaultlib.cal_block_rest__parameterized56
Compiling module xil_defaultlib.cal_block_rest__parameterized57
Compiling module xil_defaultlib.cal_block_rest__parameterized58
Compiling module xil_defaultlib.cal_block_rest__parameterized59
Compiling module xil_defaultlib.cal_block_rest__parameterized60
Compiling module xil_defaultlib.cal_block_rest__parameterized61
Compiling module xil_defaultlib.cal_block_rest__parameterized62
Compiling module xil_defaultlib.cal_block_rest__parameterized63
Compiling module xil_defaultlib.cal_block_rest__parameterized64
Compiling module xil_defaultlib.cal_block_rest__parameterized65
Compiling module xil_defaultlib.cal_block_rest__parameterized66
Compiling module xil_defaultlib.cal_block_rest__parameterized67
Compiling module xil_defaultlib.cal_block_rest__parameterized68
Compiling module xil_defaultlib.cal_block_rest__parameterized69
Compiling module xil_defaultlib.cal_block_rest__parameterized70
Compiling module xil_defaultlib.cal_block_rest__parameterized71
Compiling module xil_defaultlib.cal_block_rest__parameterized72
Compiling module xil_defaultlib.cal_block_rest__parameterized73
Compiling module xil_defaultlib.cal_block_rest__parameterized74
Compiling module xil_defaultlib.cal_block_rest__parameterized75
Compiling module xil_defaultlib.cal_block_rest__parameterized76
Compiling module xil_defaultlib.cal_block_rest__parameterized77
Compiling module xil_defaultlib.cal_block_rest__parameterized78
Compiling module unisims_ver.LUT5
Compiling module unisims_ver.LUT4
Compiling module xil_defaultlib.cal_block_rest__parameterized31
Compiling module xil_defaultlib.cal_block_rest__parameterized32
Compiling module xil_defaultlib.cal_block_rest__parameterized33
Compiling module xil_defaultlib.cal_block_rest__parameterized34
Compiling module xil_defaultlib.cal_block_rest__parameterized35
Compiling module xil_defaultlib.cal_block_rest__parameterized36
Compiling module xil_defaultlib.cal_block_rest__parameterized37
Compiling module xil_defaultlib.cal_block_rest__parameterized38
Compiling module xil_defaultlib.cal_block_rest__parameterized39
Compiling module xil_defaultlib.cal_block_rest__parameterized40
Compiling module xil_defaultlib.cal_block_rest__parameterized41
Compiling module xil_defaultlib.cal_block_rest__parameterized42
Compiling module xil_defaultlib.cal_block_rest__parameterized43
Compiling module xil_defaultlib.cal_block_rest__parameterized44
Compiling module xil_defaultlib.cal_block_rest__parameterized45
Compiling module xil_defaultlib.cal_block_rest__parameterized46
Compiling module xil_defaultlib.cal_block_rest__parameterized79
Compiling module xil_defaultlib.cal_block_rest__parameterized80
Compiling module xil_defaultlib.cal_block_rest__parameterized81
Compiling module xil_defaultlib.cal_block_rest__parameterized82
Compiling module xil_defaultlib.cal_block_rest__parameterized83
Compiling module xil_defaultlib.cal_block_rest__parameterized84
Compiling module xil_defaultlib.cal_block_rest__parameterized85
Compiling module xil_defaultlib.cal_block_rest__parameterized86
Compiling module xil_defaultlib.cal_block_rest__parameterized87
Compiling module xil_defaultlib.cal_block_rest__parameterized88
Compiling module xil_defaultlib.cal_block_rest__parameterized89
Compiling module xil_defaultlib.cal_block_rest__parameterized90
Compiling module xil_defaultlib.cal_block_rest__parameterized91
Compiling module xil_defaultlib.cal_block_rest__parameterized92
Compiling module xil_defaultlib.cal_block_rest__parameterized93
Compiling module xil_defaultlib.cal_block_rest__parameterized94
Compiling module xil_defaultlib.cal_block_rest
Compiling module xil_defaultlib.cal_block_rest__parameterized9
Compiling module xil_defaultlib.cal_block_rest__parameterized10
Compiling module xil_defaultlib.cal_block_rest__parameterized11
Compiling module xil_defaultlib.cal_block_rest__parameterized12
Compiling module xil_defaultlib.cal_block_rest__parameterized13
Compiling module xil_defaultlib.cal_block_rest__parameterized14
Compiling module xil_defaultlib.cal_block_rest__parameterized15
Compiling module xil_defaultlib.cal_block_rest__parameterized16
Compiling module xil_defaultlib.cal_block_rest__parameterized17
Compiling module xil_defaultlib.cal_block_rest__parameterized18
Compiling module xil_defaultlib.cal_block_rest__parameterized0
Compiling module xil_defaultlib.cal_block_rest__parameterized19
Compiling module xil_defaultlib.cal_block_rest__parameterized20
Compiling module xil_defaultlib.cal_block_rest__parameterized21
Compiling module xil_defaultlib.cal_block_rest__parameterized22
Compiling module xil_defaultlib.cal_block_rest__parameterized23
Compiling module xil_defaultlib.cal_block_rest__parameterized24
Compiling module xil_defaultlib.cal_block_rest__parameterized25
Compiling module xil_defaultlib.cal_block_rest__parameterized26
Compiling module xil_defaultlib.cal_block_rest__parameterized27
Compiling module xil_defaultlib.cal_block_rest__parameterized28
Compiling module xil_defaultlib.cal_block_rest__parameterized1
Compiling module xil_defaultlib.cal_block_rest__parameterized29
Compiling module xil_defaultlib.cal_block_rest__parameterized30
Compiling module xil_defaultlib.cal_block_rest__parameterized2
Compiling module xil_defaultlib.cal_block_rest__parameterized3
Compiling module xil_defaultlib.cal_block_rest__parameterized4
Compiling module xil_defaultlib.cal_block_rest__parameterized5
Compiling module xil_defaultlib.cal_block_rest__parameterized6
Compiling module xil_defaultlib.cal_block_rest__parameterized7
Compiling module xil_defaultlib.cal_block_rest__parameterized8
Compiling module unisims_ver.x_lut2_mux4
Compiling module unisims_ver.LUT2
Compiling module unisims_ver.FDPE_default
Compiling module unisims_ver.x_lut1_mux2
Compiling module unisims_ver.LUT1
Compiling module unisims_ver.x_lut3_mux8
Compiling module unisims_ver.LUT3
Compiling module unisims_ver.BUFGCE
Compiling module xil_defaultlib.data_to_block
Compiling module xil_defaultlib.dbg_hub_xsdbm_v3_0_0_ctl_reg
Compiling module xil_defaultlib.dbg_hub_xsdbm_v3_0_0_stat_reg
Compiling module xil_defaultlib.dbg_hub_xsdbm_v3_0_0_stat_reg__p...
Compiling module xil_defaultlib.dbg_hub_xsdbm_v3_0_0_ctl_reg__pa...
Compiling module xil_defaultlib.dbg_hub_xsdbm_v3_0_0_ctl_reg__pa...
Compiling module unisims_ver.GND
Compiling module unisims_ver.VCC
Compiling module xil_defaultlib.dbg_hub_synchronizer_ff__paramet...
Compiling module xil_defaultlib.dbg_hub_synchronizer_ff__paramet...
Compiling module xil_defaultlib.dbg_hub_synchronizer_ff__paramet...
Compiling module xil_defaultlib.dbg_hub_synchronizer_ff__paramet...
Compiling module xil_defaultlib.dbg_hub_clk_x_pntrs_7
Compiling module xil_defaultlib.dbg_hub_rd_fwft
Compiling module xil_defaultlib.dbg_hub_rd_status_flags_as_17
Compiling module xil_defaultlib.dbg_hub_rd_handshaking_flags__pa...
Compiling module xil_defaultlib.dbg_hub_rd_bin_cntr_18
Compiling module xil_defaultlib.dbg_hub_rd_logic__parameterized0
Compiling module xil_defaultlib.dbg_hub_wr_status_flags_as_14
Compiling module xil_defaultlib.dbg_hub_wr_handshaking_flags_15
Compiling module xil_defaultlib.dbg_hub_wr_bin_cntr_16
Compiling module xil_defaultlib.dbg_hub_wr_logic__parameterized0
Compiling module unisims_ver.RAM32M16
Compiling module unisims_ver.RAM32X1D
Compiling module xil_defaultlib.dbg_hub_dmem_13
Compiling module xil_defaultlib.dbg_hub_memory__parameterized0
Compiling module xil_defaultlib.dbg_hub_synchronizer_ff_9
Compiling module xil_defaultlib.dbg_hub_synchronizer_ff_10
Compiling module xil_defaultlib.dbg_hub_synchronizer_ff_11
Compiling module xil_defaultlib.dbg_hub_synchronizer_ff_12
Compiling module xil_defaultlib.dbg_hub_reset_blk_ramfifo_8
Compiling module xil_defaultlib.dbg_hub_fifo_generator_ramfifo__...
Compiling module xil_defaultlib.dbg_hub_fifo_generator_top__para...
Compiling module xil_defaultlib.dbg_hub_fifo_generator_v13_1_4_s...
Compiling module xil_defaultlib.dbg_hub_fifo_generator_v13_1_4__...
Compiling module xil_defaultlib.dbg_hub_xsdbm_v3_0_0_rdfifo
Compiling module xil_defaultlib.dbg_hub_xsdbm_v3_0_0_rdreg
Compiling module xil_defaultlib.dbg_hub_synchronizer_ff__paramet...
Compiling module xil_defaultlib.dbg_hub_synchronizer_ff__paramet...
Compiling module xil_defaultlib.dbg_hub_synchronizer_ff__paramet...
Compiling module xil_defaultlib.dbg_hub_synchronizer_ff__paramet...
Compiling module xil_defaultlib.dbg_hub_clk_x_pntrs
Compiling module xil_defaultlib.dbg_hub_rd_status_flags_as
Compiling module xil_defaultlib.dbg_hub_rd_handshaking_flags
Compiling module xil_defaultlib.dbg_hub_rd_bin_cntr
Compiling module xil_defaultlib.dbg_hub_rd_logic
Compiling module xil_defaultlib.dbg_hub_wr_status_flags_as
Compiling module xil_defaultlib.dbg_hub_wr_handshaking_flags
Compiling module xil_defaultlib.dbg_hub_wr_bin_cntr
Compiling module xil_defaultlib.dbg_hub_wr_logic
Compiling module xil_defaultlib.dbg_hub_dmem
Compiling module xil_defaultlib.dbg_hub_memory
Compiling module xil_defaultlib.dbg_hub_synchronizer_ff
Compiling module xil_defaultlib.dbg_hub_synchronizer_ff_1
Compiling module xil_defaultlib.dbg_hub_synchronizer_ff_2
Compiling module xil_defaultlib.dbg_hub_synchronizer_ff_3
Compiling module xil_defaultlib.dbg_hub_reset_blk_ramfifo
Compiling module xil_defaultlib.dbg_hub_fifo_generator_ramfifo
Compiling module xil_defaultlib.dbg_hub_fifo_generator_top
Compiling module xil_defaultlib.dbg_hub_fifo_generator_v13_1_4_s...
Compiling module xil_defaultlib.dbg_hub_fifo_generator_v13_1_4
Compiling module xil_defaultlib.dbg_hub_xsdbm_v3_0_0_wrfifo
Compiling module xil_defaultlib.dbg_hub_xsdbm_v3_0_0_wrreg
Compiling module xil_defaultlib.dbg_hub_xsdbm_v3_0_0_ctl_reg__pa...
Compiling module xil_defaultlib.dbg_hub_xsdbm_v3_0_0_stat_reg__p...
Compiling module xil_defaultlib.dbg_hub_xsdbm_v3_0_0_if_static_s...
Compiling module xil_defaultlib.dbg_hub_xsdbm_v3_0_0_if
Compiling module unisims_ver.CARRY8
Compiling module xil_defaultlib.dbg_hub_xsdbm_v3_0_0_addr_ctl
Compiling module xil_defaultlib.dbg_hub_xsdbm_v3_0_0_burst_wdlen...
Compiling module xil_defaultlib.dbg_hub_xsdbm_v3_0_0_bus_ctl_flg...
Compiling module xil_defaultlib.dbg_hub_xsdbm_v3_0_0_bus_ctl_flg
Compiling module xil_defaultlib.dbg_hub_xsdbm_v3_0_0_bus_ctl_cnt
Compiling module xil_defaultlib.dbg_hub_xsdbm_v3_0_0_bus_ctl
Compiling module xil_defaultlib.dbg_hub_xsdbm_v3_0_0_bus_mstr2sl...
Compiling module xil_defaultlib.dbg_hub_xsdbm_v3_0_0_icon2xsdb
Compiling module xil_defaultlib.dbg_hub_xsdbm_v3_0_0_cmd_decode
Compiling module xil_defaultlib.dbg_hub_xsdbm_v3_0_0_stat
Compiling module xil_defaultlib.dbg_hub_xsdbm_v3_0_0_sync
Compiling module xil_defaultlib.dbg_hub_xsdbm_v3_0_0_icon
Compiling module unisims_ver.BSCANE2
Compiling module xil_defaultlib.dbg_hub_ltlib_v1_0_0_bscan
Compiling module unisims_ver.FDSE_default
Compiling module xil_defaultlib.dbg_hub_xsdbm_v3_0_0_bscan_switc...
Compiling module unisims_ver.BUFGCE(CE_TYPE="ASYNC",SIM_DEVIC...
Compiling module xil_defaultlib.dbg_hub_xsdbm_v3_0_0_xsdbm_id
Compiling module xil_defaultlib.dbg_hub_xsdbm_v3_0_0_xsdbm
Compiling module xil_defaultlib.dbg_hub
Compiling module unisims_ver.OBUF
Compiling module unisims_ver.FDRE(IS_C_INVERTED=1'b1)
Compiling module xil_defaultlib.div_gen_0
Compiling module unisims_ver.FDCE(IS_C_INVERTED=1'b1)
Compiling module xil_defaultlib.div_gen_0_HD3
Compiling module xil_defaultlib.div_gen_0_HD197
Compiling module xil_defaultlib.block_re
Compiling module xil_defaultlib.block_re_12
Compiling module unisims_ver.RAMB36E2(CLOCK_DOMAINS="COMMON",...
Compiling module xil_defaultlib.blk_mem_gen_0_blk_mem_gen_generi...
Compiling module xil_defaultlib.blk_mem_gen_0
Compiling module xil_defaultlib.register
Compiling module xil_defaultlib.switch
Compiling module xil_defaultlib.hdmi_input
Compiling module unisims_ver.BUFGCE(IS_I_INVERTED=1'b1)
Compiling module unisims_ver.IBUFDS
Compiling module unisims_ver.MMCME4_ADV(CLKFBOUT_MULT_F=9.0,C...
Compiling module xil_defaultlib.clk_wiz_0_clk_wiz
Compiling module xil_defaultlib.clk_wiz_0
Compiling module unisims_ver.MMCME4_ADV(CLKFBOUT_MULT_F=6.0,C...
Compiling module xil_defaultlib.clk_wiz_2_clk_wiz
Compiling module xil_defaultlib.clk_wiz_2
Compiling module xil_defaultlib.collect_8
Compiling module unisims_ver.MUXF7
Compiling module xil_defaultlib.choose_11
Compiling module xil_defaultlib.outputdata_10
Compiling module xil_defaultlib.led_9
Compiling module xil_defaultlib.led_top
Compiling module xil_defaultlib.collect__parameterized0_4
Compiling module unisims_ver.MUXF8
Compiling module xil_defaultlib.choose_7
Compiling module xil_defaultlib.outputdata_6
Compiling module xil_defaultlib.led__parameterized0_5
Compiling module xil_defaultlib.led_top__parameterized0
Compiling module xil_defaultlib.collect__parameterized0
Compiling module xil_defaultlib.choose_3
Compiling module xil_defaultlib.outputdata_2
Compiling module xil_defaultlib.led__parameterized0
Compiling module xil_defaultlib.led_top__parameterized0_0
Compiling module xil_defaultlib.collect
Compiling module xil_defaultlib.choose
Compiling module xil_defaultlib.outputdata
Compiling module xil_defaultlib.led
Compiling module xil_defaultlib.led_top_1
Compiling module unisims_ver.RAMB36E2(IS_CLKARDCLK_INVERTED=1...
Compiling module unisims_ver.RAMB36E2(CASCADE_ORDER_A="FIRST"...
Compiling module unisims_ver.RAMB36E2(CASCADE_ORDER_A="LAST",...
Compiling module unisims_ver.SRL16E(IS_CLK_INVERTED=1'b1)
Compiling module unisims_ver.SRLC32E_default
Compiling module unisims_ver.SRL16E_default
Compiling module unisims_ver.SRLC16E_default
Compiling module unisims_ver.CFGLUT5_default
Compiling module xil_defaultlib.ila_0
Compiling module xil_defaultlib.top
Compiling module xil_defaultlib.final_sim
Built simulation snapshot final_sim_func_impl
