INFO: [VRFC 10-2263] Analyzing Verilog file "D:/fpga project/hdmi_final/hdmi_final.sim/sim_1/impl/func/xsim/final_sim_func_impl.v" into library xil_defaultlib
INFO: [VRFC 10-311] analyzing module dbg_hub
INFO: [VRFC 10-311] analyzing module dbg_hub_clk_x_pntrs
INFO: [VRFC 10-311] analyzing module dbg_hub_clk_x_pntrs_7
INFO: [VRFC 10-311] analyzing module dbg_hub_dmem
INFO: [VRFC 10-311] analyzing module dbg_hub_dmem_13
INFO: [VRFC 10-311] analyzing module dbg_hub_fifo_generator_ramfifo
INFO: [VRFC 10-311] analyzing module dbg_hub_fifo_generator_ramfifo__parameterized0
INFO: [VRFC 10-311] analyzing module dbg_hub_fifo_generator_top
INFO: [VRFC 10-311] analyzing module dbg_hub_fifo_generator_top__parameterized0
INFO: [VRFC 10-311] analyzing module dbg_hub_fifo_generator_v13_1_4
INFO: [VRFC 10-311] analyzing module dbg_hub_fifo_generator_v13_1_4__parameterized0
INFO: [VRFC 10-311] analyzing module dbg_hub_fifo_generator_v13_1_4_synth
INFO: [VRFC 10-311] analyzing module dbg_hub_fifo_generator_v13_1_4_synth__parameterized0
INFO: [VRFC 10-311] analyzing module dbg_hub_ltlib_v1_0_0_bscan
INFO: [VRFC 10-311] analyzing module dbg_hub_memory
INFO: [VRFC 10-311] analyzing module dbg_hub_memory__parameterized0
INFO: [VRFC 10-311] analyzing module dbg_hub_rd_bin_cntr
INFO: [VRFC 10-311] analyzing module dbg_hub_rd_bin_cntr_18
INFO: [VRFC 10-311] analyzing module dbg_hub_rd_fwft
INFO: [VRFC 10-311] analyzing module dbg_hub_rd_handshaking_flags
INFO: [VRFC 10-311] analyzing module dbg_hub_rd_handshaking_flags__parameterized0
INFO: [VRFC 10-311] analyzing module dbg_hub_rd_logic
INFO: [VRFC 10-311] analyzing module dbg_hub_rd_logic__parameterized0
INFO: [VRFC 10-311] analyzing module dbg_hub_rd_status_flags_as
INFO: [VRFC 10-311] analyzing module dbg_hub_rd_status_flags_as_17
INFO: [VRFC 10-311] analyzing module dbg_hub_reset_blk_ramfifo
INFO: [VRFC 10-311] analyzing module dbg_hub_reset_blk_ramfifo_8
INFO: [VRFC 10-311] analyzing module dbg_hub_synchronizer_ff
INFO: [VRFC 10-311] analyzing module dbg_hub_synchronizer_ff_1
INFO: [VRFC 10-311] analyzing module dbg_hub_synchronizer_ff_10
INFO: [VRFC 10-311] analyzing module dbg_hub_synchronizer_ff_11
INFO: [VRFC 10-311] analyzing module dbg_hub_synchronizer_ff_12
INFO: [VRFC 10-311] analyzing module dbg_hub_synchronizer_ff_2
INFO: [VRFC 10-311] analyzing module dbg_hub_synchronizer_ff_3
INFO: [VRFC 10-311] analyzing module dbg_hub_synchronizer_ff_9
INFO: [VRFC 10-311] analyzing module dbg_hub_synchronizer_ff__parameterized0
INFO: [VRFC 10-311] analyzing module dbg_hub_synchronizer_ff__parameterized0_19
INFO: [VRFC 10-311] analyzing module dbg_hub_synchronizer_ff__parameterized0_20
INFO: [VRFC 10-311] analyzing module dbg_hub_synchronizer_ff__parameterized0_21
INFO: [VRFC 10-311] analyzing module dbg_hub_synchronizer_ff__parameterized0_22
INFO: [VRFC 10-311] analyzing module dbg_hub_synchronizer_ff__parameterized0_4
INFO: [VRFC 10-311] analyzing module dbg_hub_synchronizer_ff__parameterized0_5
INFO: [VRFC 10-311] analyzing module dbg_hub_synchronizer_ff__parameterized0_6
INFO: [VRFC 10-311] analyzing module dbg_hub_wr_bin_cntr
INFO: [VRFC 10-311] analyzing module dbg_hub_wr_bin_cntr_16
INFO: [VRFC 10-311] analyzing module dbg_hub_wr_handshaking_flags
INFO: [VRFC 10-311] analyzing module dbg_hub_wr_handshaking_flags_15
INFO: [VRFC 10-311] analyzing module dbg_hub_wr_logic
INFO: [VRFC 10-311] analyzing module dbg_hub_wr_logic__parameterized0
INFO: [VRFC 10-311] analyzing module dbg_hub_wr_status_flags_as
INFO: [VRFC 10-311] analyzing module dbg_hub_wr_status_flags_as_14
INFO: [VRFC 10-311] analyzing module dbg_hub_xsdbm_v3_0_0_addr_ctl
INFO: [VRFC 10-311] analyzing module dbg_hub_xsdbm_v3_0_0_bscan_switch
INFO: [VRFC 10-311] analyzing module dbg_hub_xsdbm_v3_0_0_burst_wdlen_ctl
INFO: [VRFC 10-311] analyzing module dbg_hub_xsdbm_v3_0_0_bus_ctl
INFO: [VRFC 10-311] analyzing module dbg_hub_xsdbm_v3_0_0_bus_ctl_cnt
INFO: [VRFC 10-311] analyzing module dbg_hub_xsdbm_v3_0_0_bus_ctl_flg
INFO: [VRFC 10-311] analyzing module dbg_hub_xsdbm_v3_0_0_bus_ctl_flg__parameterized0
INFO: [VRFC 10-311] analyzing module dbg_hub_xsdbm_v3_0_0_bus_mstr2sl_if
INFO: [VRFC 10-311] analyzing module dbg_hub_xsdbm_v3_0_0_cmd_decode
INFO: [VRFC 10-311] analyzing module dbg_hub_xsdbm_v3_0_0_ctl_reg
INFO: [VRFC 10-311] analyzing module dbg_hub_xsdbm_v3_0_0_ctl_reg__parameterized0
INFO: [VRFC 10-311] analyzing module dbg_hub_xsdbm_v3_0_0_ctl_reg__parameterized1
INFO: [VRFC 10-311] analyzing module dbg_hub_xsdbm_v3_0_0_ctl_reg__parameterized2
INFO: [VRFC 10-311] analyzing module dbg_hub_xsdbm_v3_0_0_icon
INFO: [VRFC 10-311] analyzing module dbg_hub_xsdbm_v3_0_0_icon2xsdb
INFO: [VRFC 10-311] analyzing module dbg_hub_xsdbm_v3_0_0_if
INFO: [VRFC 10-311] analyzing module dbg_hub_xsdbm_v3_0_0_if_static_status
INFO: [VRFC 10-311] analyzing module dbg_hub_xsdbm_v3_0_0_rdfifo
INFO: [VRFC 10-311] analyzing module dbg_hub_xsdbm_v3_0_0_rdreg
INFO: [VRFC 10-311] analyzing module dbg_hub_xsdbm_v3_0_0_stat
INFO: [VRFC 10-311] analyzing module dbg_hub_xsdbm_v3_0_0_stat_reg
INFO: [VRFC 10-311] analyzing module dbg_hub_xsdbm_v3_0_0_stat_reg__parameterized0
INFO: [VRFC 10-311] analyzing module dbg_hub_xsdbm_v3_0_0_stat_reg__parameterized0_0
INFO: [VRFC 10-311] analyzing module dbg_hub_xsdbm_v3_0_0_sync
INFO: [VRFC 10-311] analyzing module dbg_hub_xsdbm_v3_0_0_wrfifo
INFO: [VRFC 10-311] analyzing module dbg_hub_xsdbm_v3_0_0_wrreg
INFO: [VRFC 10-311] analyzing module dbg_hub_xsdbm_v3_0_0_xsdbm
INFO: [VRFC 10-311] analyzing module dbg_hub_xsdbm_v3_0_0_xsdbm_id
INFO: [VRFC 10-311] analyzing module blk_mem_gen_0
INFO: [VRFC 10-311] analyzing module block_re
INFO: [VRFC 10-311] analyzing module block_re_12
INFO: [VRFC 10-311] analyzing module cal_block_rest
INFO: [VRFC 10-311] analyzing module cal_block_rest__parameterized0
INFO: [VRFC 10-311] analyzing module cal_block_rest__parameterized1
INFO: [VRFC 10-311] analyzing module cal_block_rest__parameterized10
INFO: [VRFC 10-311] analyzing module cal_block_rest__parameterized11
INFO: [VRFC 10-311] analyzing module cal_block_rest__parameterized12
INFO: [VRFC 10-311] analyzing module cal_block_rest__parameterized13
INFO: [VRFC 10-311] analyzing module cal_block_rest__parameterized14
INFO: [VRFC 10-311] analyzing module cal_block_rest__parameterized15
INFO: [VRFC 10-311] analyzing module cal_block_rest__parameterized16
INFO: [VRFC 10-311] analyzing module cal_block_rest__parameterized17
INFO: [VRFC 10-311] analyzing module cal_block_rest__parameterized18
INFO: [VRFC 10-311] analyzing module cal_block_rest__parameterized19
INFO: [VRFC 10-311] analyzing module cal_block_rest__parameterized2
INFO: [VRFC 10-311] analyzing module cal_block_rest__parameterized20
INFO: [VRFC 10-311] analyzing module cal_block_rest__parameterized21
INFO: [VRFC 10-311] analyzing module cal_block_rest__parameterized22
INFO: [VRFC 10-311] analyzing module cal_block_rest__parameterized23
INFO: [VRFC 10-311] analyzing module cal_block_rest__parameterized24
INFO: [VRFC 10-311] analyzing module cal_block_rest__parameterized25
INFO: [VRFC 10-311] analyzing module cal_block_rest__parameterized26
INFO: [VRFC 10-311] analyzing module cal_block_rest__parameterized27
INFO: [VRFC 10-311] analyzing module cal_block_rest__parameterized28
INFO: [VRFC 10-311] analyzing module cal_block_rest__parameterized29
INFO: [VRFC 10-311] analyzing module cal_block_rest__parameterized3
INFO: [VRFC 10-311] analyzing module cal_block_rest__parameterized30
INFO: [VRFC 10-311] analyzing module cal_block_rest__parameterized31
INFO: [VRFC 10-311] analyzing module cal_block_rest__parameterized32
INFO: [VRFC 10-311] analyzing module cal_block_rest__parameterized33
INFO: [VRFC 10-311] analyzing module cal_block_rest__parameterized34
INFO: [VRFC 10-311] analyzing module cal_block_rest__parameterized35
INFO: [VRFC 10-311] analyzing module cal_block_rest__parameterized36
INFO: [VRFC 10-311] analyzing module cal_block_rest__parameterized37
INFO: [VRFC 10-311] analyzing module cal_block_rest__parameterized38
INFO: [VRFC 10-311] analyzing module cal_block_rest__parameterized39
INFO: [VRFC 10-311] analyzing module cal_block_rest__parameterized4
INFO: [VRFC 10-311] analyzing module cal_block_rest__parameterized40
INFO: [VRFC 10-311] analyzing module cal_block_rest__parameterized41
INFO: [VRFC 10-311] analyzing module cal_block_rest__parameterized42
INFO: [VRFC 10-311] analyzing module cal_block_rest__parameterized43
INFO: [VRFC 10-311] analyzing module cal_block_rest__parameterized44
INFO: [VRFC 10-311] analyzing module cal_block_rest__parameterized45
INFO: [VRFC 10-311] analyzing module cal_block_rest__parameterized46
INFO: [VRFC 10-311] analyzing module cal_block_rest__parameterized47
INFO: [VRFC 10-311] analyzing module cal_block_rest__parameterized48
INFO: [VRFC 10-311] analyzing module cal_block_rest__parameterized49
INFO: [VRFC 10-311] analyzing module cal_block_rest__parameterized5
INFO: [VRFC 10-311] analyzing module cal_block_rest__parameterized50
INFO: [VRFC 10-311] analyzing module cal_block_rest__parameterized51
INFO: [VRFC 10-311] analyzing module cal_block_rest__parameterized52
INFO: [VRFC 10-311] analyzing module cal_block_rest__parameterized53
INFO: [VRFC 10-311] analyzing module cal_block_rest__parameterized54
INFO: [VRFC 10-311] analyzing module cal_block_rest__parameterized55
INFO: [VRFC 10-311] analyzing module cal_block_rest__parameterized56
INFO: [VRFC 10-311] analyzing module cal_block_rest__parameterized57
INFO: [VRFC 10-311] analyzing module cal_block_rest__parameterized58
INFO: [VRFC 10-311] analyzing module cal_block_rest__parameterized59
INFO: [VRFC 10-311] analyzing module cal_block_rest__parameterized6
INFO: [VRFC 10-311] analyzing module cal_block_rest__parameterized60
INFO: [VRFC 10-311] analyzing module cal_block_rest__parameterized61
INFO: [VRFC 10-311] analyzing module cal_block_rest__parameterized62
INFO: [VRFC 10-311] analyzing module cal_block_rest__parameterized63
INFO: [VRFC 10-311] analyzing module cal_block_rest__parameterized64
INFO: [VRFC 10-311] analyzing module cal_block_rest__parameterized65
INFO: [VRFC 10-311] analyzing module cal_block_rest__parameterized66
INFO: [VRFC 10-311] analyzing module cal_block_rest__parameterized67
INFO: [VRFC 10-311] analyzing module cal_block_rest__parameterized68
INFO: [VRFC 10-311] analyzing module cal_block_rest__parameterized69
INFO: [VRFC 10-311] analyzing module cal_block_rest__parameterized7
INFO: [VRFC 10-311] analyzing module cal_block_rest__parameterized70
INFO: [VRFC 10-311] analyzing module cal_block_rest__parameterized71
INFO: [VRFC 10-311] analyzing module cal_block_rest__parameterized72
INFO: [VRFC 10-311] analyzing module cal_block_rest__parameterized73
INFO: [VRFC 10-311] analyzing module cal_block_rest__parameterized74
INFO: [VRFC 10-311] analyzing module cal_block_rest__parameterized75
INFO: [VRFC 10-311] analyzing module cal_block_rest__parameterized76
INFO: [VRFC 10-311] analyzing module cal_block_rest__parameterized77
INFO: [VRFC 10-311] analyzing module cal_block_rest__parameterized78
INFO: [VRFC 10-311] analyzing module cal_block_rest__parameterized79
INFO: [VRFC 10-311] analyzing module cal_block_rest__parameterized8
INFO: [VRFC 10-311] analyzing module cal_block_rest__parameterized80
INFO: [VRFC 10-311] analyzing module cal_block_rest__parameterized81
INFO: [VRFC 10-311] analyzing module cal_block_rest__parameterized82
INFO: [VRFC 10-311] analyzing module cal_block_rest__parameterized83
INFO: [VRFC 10-311] analyzing module cal_block_rest__parameterized84
INFO: [VRFC 10-311] analyzing module cal_block_rest__parameterized85
INFO: [VRFC 10-311] analyzing module cal_block_rest__parameterized86
INFO: [VRFC 10-311] analyzing module cal_block_rest__parameterized87
INFO: [VRFC 10-311] analyzing module cal_block_rest__parameterized88
INFO: [VRFC 10-311] analyzing module cal_block_rest__parameterized89
INFO: [VRFC 10-311] analyzing module cal_block_rest__parameterized9
INFO: [VRFC 10-311] analyzing module cal_block_rest__parameterized90
INFO: [VRFC 10-311] analyzing module cal_block_rest__parameterized91
INFO: [VRFC 10-311] analyzing module cal_block_rest__parameterized92
INFO: [VRFC 10-311] analyzing module cal_block_rest__parameterized93
INFO: [VRFC 10-311] analyzing module cal_block_rest__parameterized94
INFO: [VRFC 10-311] analyzing module choose
INFO: [VRFC 10-311] analyzing module choose_11
INFO: [VRFC 10-311] analyzing module choose_3
INFO: [VRFC 10-311] analyzing module choose_7
INFO: [VRFC 10-311] analyzing module clk_wiz_0
INFO: [VRFC 10-311] analyzing module clk_wiz_0_clk_wiz
INFO: [VRFC 10-311] analyzing module clk_wiz_2
INFO: [VRFC 10-311] analyzing module clk_wiz_2_clk_wiz
INFO: [VRFC 10-311] analyzing module collect
INFO: [VRFC 10-311] analyzing module collect_8
INFO: [VRFC 10-311] analyzing module collect__parameterized0
INFO: [VRFC 10-311] analyzing module collect__parameterized0_4
INFO: [VRFC 10-311] analyzing module data_to_block
INFO: [VRFC 10-311] analyzing module div_gen_0
INFO: [VRFC 10-311] analyzing module div_gen_0_HD197
INFO: [VRFC 10-311] analyzing module div_gen_0_HD3
INFO: [VRFC 10-311] analyzing module hdmi_input
INFO: [VRFC 10-311] analyzing module ila_0
INFO: [VRFC 10-311] analyzing module led
INFO: [VRFC 10-311] analyzing module led_9
INFO: [VRFC 10-311] analyzing module led__parameterized0
INFO: [VRFC 10-311] analyzing module led__parameterized0_5
INFO: [VRFC 10-311] analyzing module led_top
INFO: [VRFC 10-311] analyzing module led_top_1
INFO: [VRFC 10-311] analyzing module led_top__parameterized0
INFO: [VRFC 10-311] analyzing module led_top__parameterized0_0
INFO: [VRFC 10-311] analyzing module outputdata
INFO: [VRFC 10-311] analyzing module outputdata_10
INFO: [VRFC 10-311] analyzing module outputdata_2
INFO: [VRFC 10-311] analyzing module outputdata_6
INFO: [VRFC 10-311] analyzing module register
INFO: [VRFC 10-311] analyzing module switch
INFO: [VRFC 10-311] analyzing module top
INFO: [VRFC 10-311] analyzing module ila_0_ila_v6_2_11_ila
INFO: [VRFC 10-311] analyzing module ila_0_ila_v6_2_11_ila_cap_addrgen
INFO: [VRFC 10-311] analyzing module ila_0_ila_v6_2_11_ila_cap_ctrl_legacy
INFO: [VRFC 10-311] analyzing module ila_0_ila_v6_2_11_ila_cap_sample_counter
INFO: [VRFC 10-311] analyzing module ila_0_ila_v6_2_11_ila_cap_window_counter
INFO: [VRFC 10-311] analyzing module ila_0_ila_v6_2_11_ila_core
INFO: [VRFC 10-311] analyzing module ila_0_ila_v6_2_11_ila_register
INFO: [VRFC 10-311] analyzing module ila_0_ila_v6_2_11_ila_reset_ctrl
INFO: [VRFC 10-311] analyzing module ila_0_ila_v6_2_11_ila_trace_memory
INFO: [VRFC 10-311] analyzing module ila_0_ila_v6_2_11_ila_trig_match
INFO: [VRFC 10-311] analyzing module ila_0_ila_v6_2_11_ila_trigger
INFO: [VRFC 10-311] analyzing module ila_0_ltlib_v1_0_0_all_typeA
INFO: [VRFC 10-311] analyzing module ila_0_ltlib_v1_0_0_all_typeA_8
INFO: [VRFC 10-311] analyzing module ila_0_ltlib_v1_0_0_all_typeA__parameterized0
INFO: [VRFC 10-311] analyzing module ila_0_ltlib_v1_0_0_all_typeA__parameterized0_4
INFO: [VRFC 10-311] analyzing module ila_0_ltlib_v1_0_0_all_typeA__parameterized1
INFO: [VRFC 10-311] analyzing module ila_0_ltlib_v1_0_0_all_typeA__parameterized1_37
INFO: [VRFC 10-311] analyzing module ila_0_ltlib_v1_0_0_all_typeA__parameterized1_46
INFO: [VRFC 10-311] analyzing module ila_0_ltlib_v1_0_0_all_typeA_slice
INFO: [VRFC 10-311] analyzing module ila_0_ltlib_v1_0_0_all_typeA_slice_2
INFO: [VRFC 10-311] analyzing module ila_0_ltlib_v1_0_0_all_typeA_slice_7
INFO: [VRFC 10-311] analyzing module ila_0_ltlib_v1_0_0_all_typeA_slice_9
INFO: [VRFC 10-311] analyzing module ila_0_ltlib_v1_0_0_all_typeA_slice__parameterized0
INFO: [VRFC 10-311] analyzing module ila_0_ltlib_v1_0_0_all_typeA_slice__parameterized0_1
INFO: [VRFC 10-311] analyzing module ila_0_ltlib_v1_0_0_all_typeA_slice__parameterized0_5
INFO: [VRFC 10-311] analyzing module ila_0_ltlib_v1_0_0_all_typeA_slice__parameterized0_6
INFO: [VRFC 10-311] analyzing module ila_0_ltlib_v1_0_0_all_typeA_slice__parameterized1
INFO: [VRFC 10-311] analyzing module ila_0_ltlib_v1_0_0_all_typeA_slice__parameterized1_35
INFO: [VRFC 10-311] analyzing module ila_0_ltlib_v1_0_0_all_typeA_slice__parameterized1_38
INFO: [VRFC 10-311] analyzing module ila_0_ltlib_v1_0_0_all_typeA_slice__parameterized1_39
INFO: [VRFC 10-311] analyzing module ila_0_ltlib_v1_0_0_all_typeA_slice__parameterized1_47
INFO: [VRFC 10-311] analyzing module ila_0_ltlib_v1_0_0_all_typeA_slice__parameterized1_48
INFO: [VRFC 10-311] analyzing module ila_0_ltlib_v1_0_0_all_typeA_slice__parameterized2
INFO: [VRFC 10-311] analyzing module ila_0_ltlib_v1_0_0_all_typeA_slice__parameterized2_40
INFO: [VRFC 10-311] analyzing module ila_0_ltlib_v1_0_0_all_typeA_slice__parameterized2_49
INFO: [VRFC 10-311] analyzing module ila_0_ltlib_v1_0_0_allx_typeA
INFO: [VRFC 10-311] analyzing module ila_0_ltlib_v1_0_0_allx_typeA__parameterized0
INFO: [VRFC 10-311] analyzing module ila_0_ltlib_v1_0_0_allx_typeA__parameterized0_3
INFO: [VRFC 10-311] analyzing module ila_0_ltlib_v1_0_0_allx_typeA__parameterized1
INFO: [VRFC 10-311] analyzing module ila_0_ltlib_v1_0_0_allx_typeA_nodelay
INFO: [VRFC 10-311] analyzing module ila_0_ltlib_v1_0_0_allx_typeA_nodelay_36
INFO: [VRFC 10-311] analyzing module ila_0_ltlib_v1_0_0_allx_typeA_nodelay_45
INFO: [VRFC 10-311] analyzing module ila_0_ltlib_v1_0_0_async_edge_xfer
INFO: [VRFC 10-311] analyzing module ila_0_ltlib_v1_0_0_async_edge_xfer_10
INFO: [VRFC 10-311] analyzing module ila_0_ltlib_v1_0_0_async_edge_xfer_11
INFO: [VRFC 10-311] analyzing module ila_0_ltlib_v1_0_0_async_edge_xfer_12
INFO: [VRFC 10-311] analyzing module ila_0_ltlib_v1_0_0_cfglut4
INFO: [VRFC 10-311] analyzing module ila_0_ltlib_v1_0_0_cfglut4_41
INFO: [VRFC 10-311] analyzing module ila_0_ltlib_v1_0_0_cfglut5
INFO: [VRFC 10-311] analyzing module ila_0_ltlib_v1_0_0_cfglut5_33
INFO: [VRFC 10-311] analyzing module ila_0_ltlib_v1_0_0_cfglut5_42
INFO: [VRFC 10-311] analyzing module ila_0_ltlib_v1_0_0_cfglut6
INFO: [VRFC 10-311] analyzing module ila_0_ltlib_v1_0_0_cfglut6_43
INFO: [VRFC 10-311] analyzing module ila_0_ltlib_v1_0_0_cfglut6__parameterized0
INFO: [VRFC 10-311] analyzing module ila_0_ltlib_v1_0_0_cfglut7
INFO: [VRFC 10-311] analyzing module ila_0_ltlib_v1_0_0_cfglut7_32
INFO: [VRFC 10-311] analyzing module ila_0_ltlib_v1_0_0_generic_memrd
INFO: [VRFC 10-311] analyzing module ila_0_ltlib_v1_0_0_match
INFO: [VRFC 10-311] analyzing module ila_0_ltlib_v1_0_0_match__parameterized0
INFO: [VRFC 10-311] analyzing module ila_0_ltlib_v1_0_0_match__parameterized0_0
INFO: [VRFC 10-311] analyzing module ila_0_ltlib_v1_0_0_match__parameterized1
INFO: [VRFC 10-311] analyzing module ila_0_ltlib_v1_0_0_match_nodelay
INFO: [VRFC 10-311] analyzing module ila_0_ltlib_v1_0_0_match_nodelay_34
INFO: [VRFC 10-311] analyzing module ila_0_ltlib_v1_0_0_match_nodelay_44
INFO: [VRFC 10-311] analyzing module ila_0_ltlib_v1_0_0_rising_edge_detection
INFO: [VRFC 10-311] analyzing module ila_0_ltlib_v1_0_0_rising_edge_detection_13
INFO: [VRFC 10-311] analyzing module ila_0_xsdbs_v1_0_2_reg__parameterized15
INFO: [VRFC 10-311] analyzing module ila_0_xsdbs_v1_0_2_reg__parameterized16
INFO: [VRFC 10-311] analyzing module ila_0_xsdbs_v1_0_2_reg__parameterized17
INFO: [VRFC 10-311] analyzing module ila_0_xsdbs_v1_0_2_reg__parameterized18
INFO: [VRFC 10-311] analyzing module ila_0_xsdbs_v1_0_2_reg__parameterized19
INFO: [VRFC 10-311] analyzing module ila_0_xsdbs_v1_0_2_reg__parameterized30
INFO: [VRFC 10-311] analyzing module ila_0_xsdbs_v1_0_2_reg__parameterized31
INFO: [VRFC 10-311] analyzing module ila_0_xsdbs_v1_0_2_reg__parameterized32
INFO: [VRFC 10-311] analyzing module ila_0_xsdbs_v1_0_2_reg__parameterized33
INFO: [VRFC 10-311] analyzing module ila_0_xsdbs_v1_0_2_reg__parameterized34
INFO: [VRFC 10-311] analyzing module ila_0_xsdbs_v1_0_2_reg__parameterized35
INFO: [VRFC 10-311] analyzing module ila_0_xsdbs_v1_0_2_reg__parameterized36
INFO: [VRFC 10-311] analyzing module ila_0_xsdbs_v1_0_2_reg__parameterized37
INFO: [VRFC 10-311] analyzing module ila_0_xsdbs_v1_0_2_reg__parameterized38
INFO: [VRFC 10-311] analyzing module ila_0_xsdbs_v1_0_2_reg__parameterized39
INFO: [VRFC 10-311] analyzing module ila_0_xsdbs_v1_0_2_reg__parameterized40
INFO: [VRFC 10-311] analyzing module ila_0_xsdbs_v1_0_2_reg__parameterized41
INFO: [VRFC 10-311] analyzing module ila_0_xsdbs_v1_0_2_reg__parameterized43
INFO: [VRFC 10-311] analyzing module ila_0_xsdbs_v1_0_2_reg__parameterized45
INFO: [VRFC 10-311] analyzing module ila_0_xsdbs_v1_0_2_reg__parameterized48
INFO: [VRFC 10-311] analyzing module ila_0_xsdbs_v1_0_2_reg_ctl
INFO: [VRFC 10-311] analyzing module ila_0_xsdbs_v1_0_2_reg_ctl_18
INFO: [VRFC 10-311] analyzing module ila_0_xsdbs_v1_0_2_reg_ctl_19
INFO: [VRFC 10-311] analyzing module ila_0_xsdbs_v1_0_2_reg_ctl_20
INFO: [VRFC 10-311] analyzing module ila_0_xsdbs_v1_0_2_reg_ctl_21
INFO: [VRFC 10-311] analyzing module ila_0_xsdbs_v1_0_2_reg_ctl_24
INFO: [VRFC 10-311] analyzing module ila_0_xsdbs_v1_0_2_reg_ctl_26
INFO: [VRFC 10-311] analyzing module ila_0_xsdbs_v1_0_2_reg_ctl_27
INFO: [VRFC 10-311] analyzing module ila_0_xsdbs_v1_0_2_reg_ctl_28
INFO: [VRFC 10-311] analyzing module ila_0_xsdbs_v1_0_2_reg_ctl_29
INFO: [VRFC 10-311] analyzing module ila_0_xsdbs_v1_0_2_reg_ctl_30
INFO: [VRFC 10-311] analyzing module ila_0_xsdbs_v1_0_2_reg_ctl__parameterized0
INFO: [VRFC 10-311] analyzing module ila_0_xsdbs_v1_0_2_reg_ctl__parameterized1
INFO: [VRFC 10-311] analyzing module ila_0_xsdbs_v1_0_2_reg_ctl__parameterized1_22
INFO: [VRFC 10-311] analyzing module ila_0_xsdbs_v1_0_2_reg_ctl__parameterized1_25
INFO: [VRFC 10-311] analyzing module ila_0_xsdbs_v1_0_2_reg_p2s
INFO: [VRFC 10-311] analyzing module ila_0_xsdbs_v1_0_2_reg_p2s__parameterized0
INFO: [VRFC 10-311] analyzing module ila_0_xsdbs_v1_0_2_reg_p2s__parameterized1
INFO: [VRFC 10-311] analyzing module ila_0_xsdbs_v1_0_2_reg_p2s__parameterized2
INFO: [VRFC 10-311] analyzing module ila_0_xsdbs_v1_0_2_reg_p2s__parameterized3
INFO: [VRFC 10-311] analyzing module ila_0_xsdbs_v1_0_2_reg_stat
INFO: [VRFC 10-311] analyzing module ila_0_xsdbs_v1_0_2_reg_stat_14
INFO: [VRFC 10-311] analyzing module ila_0_xsdbs_v1_0_2_reg_stat_15
INFO: [VRFC 10-311] analyzing module ila_0_xsdbs_v1_0_2_reg_stat_16
INFO: [VRFC 10-311] analyzing module ila_0_xsdbs_v1_0_2_reg_stat_17
INFO: [VRFC 10-311] analyzing module ila_0_xsdbs_v1_0_2_reg_stat_23
INFO: [VRFC 10-311] analyzing module ila_0_xsdbs_v1_0_2_reg_stat_31
INFO: [VRFC 10-311] analyzing module ila_0_xsdbs_v1_0_2_reg_stream
INFO: [VRFC 10-311] analyzing module ila_0_xsdbs_v1_0_2_reg_stream__parameterized0
INFO: [VRFC 10-311] analyzing module ila_0_xsdbs_v1_0_2_xsdbs
INFO: [VRFC 10-311] analyzing module blk_mem_gen_0_blk_mem_gen_generic_cstr
INFO: [VRFC 10-311] analyzing module blk_mem_gen_0_blk_mem_gen_top
INFO: [VRFC 10-311] analyzing module blk_mem_gen_0_blk_mem_gen_v8_4_4
INFO: [VRFC 10-311] analyzing module blk_mem_gen_0_blk_mem_gen_v8_4_4_synth
INFO: [VRFC 10-311] analyzing module ila_0_blk_mem_gen_v8_4_4
INFO: [VRFC 10-311] analyzing module ila_0_blk_mem_gen_v8_4_4_blk_mem_gen_generic_cstr
INFO: [VRFC 10-311] analyzing module ila_0_blk_mem_gen_v8_4_4_blk_mem_gen_mux__parameterized0
INFO: [VRFC 10-311] analyzing module ila_0_blk_mem_gen_v8_4_4_blk_mem_gen_prim_width
INFO: [VRFC 10-311] analyzing module ila_0_blk_mem_gen_v8_4_4_blk_mem_gen_prim_width__parameterized0
INFO: [VRFC 10-311] analyzing module ila_0_blk_mem_gen_v8_4_4_blk_mem_gen_prim_width__parameterized1
INFO: [VRFC 10-311] analyzing module ila_0_blk_mem_gen_v8_4_4_blk_mem_gen_prim_width__parameterized10
INFO: [VRFC 10-311] analyzing module ila_0_blk_mem_gen_v8_4_4_blk_mem_gen_prim_width__parameterized100
INFO: [VRFC 10-311] analyzing module ila_0_blk_mem_gen_v8_4_4_blk_mem_gen_prim_width__parameterized101
INFO: [VRFC 10-311] analyzing module ila_0_blk_mem_gen_v8_4_4_blk_mem_gen_prim_width__parameterized102
INFO: [VRFC 10-311] analyzing module ila_0_blk_mem_gen_v8_4_4_blk_mem_gen_prim_width__parameterized103
INFO: [VRFC 10-311] analyzing module ila_0_blk_mem_gen_v8_4_4_blk_mem_gen_prim_width__parameterized104
INFO: [VRFC 10-311] analyzing module ila_0_blk_mem_gen_v8_4_4_blk_mem_gen_prim_width__parameterized105
INFO: [VRFC 10-311] analyzing module ila_0_blk_mem_gen_v8_4_4_blk_mem_gen_prim_width__parameterized106
INFO: [VRFC 10-311] analyzing module ila_0_blk_mem_gen_v8_4_4_blk_mem_gen_prim_width__parameterized107
INFO: [VRFC 10-311] analyzing module ila_0_blk_mem_gen_v8_4_4_blk_mem_gen_prim_width__parameterized108
INFO: [VRFC 10-311] analyzing module ila_0_blk_mem_gen_v8_4_4_blk_mem_gen_prim_width__parameterized109
INFO: [VRFC 10-311] analyzing module ila_0_blk_mem_gen_v8_4_4_blk_mem_gen_prim_width__parameterized11
INFO: [VRFC 10-311] analyzing module ila_0_blk_mem_gen_v8_4_4_blk_mem_gen_prim_width__parameterized110
INFO: [VRFC 10-311] analyzing module ila_0_blk_mem_gen_v8_4_4_blk_mem_gen_prim_width__parameterized111
INFO: [VRFC 10-311] analyzing module ila_0_blk_mem_gen_v8_4_4_blk_mem_gen_prim_width__parameterized112
INFO: [VRFC 10-311] analyzing module ila_0_blk_mem_gen_v8_4_4_blk_mem_gen_prim_width__parameterized113
INFO: [VRFC 10-311] analyzing module ila_0_blk_mem_gen_v8_4_4_blk_mem_gen_prim_width__parameterized114
INFO: [VRFC 10-311] analyzing module ila_0_blk_mem_gen_v8_4_4_blk_mem_gen_prim_width__parameterized115
INFO: [VRFC 10-311] analyzing module ila_0_blk_mem_gen_v8_4_4_blk_mem_gen_prim_width__parameterized116
INFO: [VRFC 10-311] analyzing module ila_0_blk_mem_gen_v8_4_4_blk_mem_gen_prim_width__parameterized117
INFO: [VRFC 10-311] analyzing module ila_0_blk_mem_gen_v8_4_4_blk_mem_gen_prim_width__parameterized118
INFO: [VRFC 10-311] analyzing module ila_0_blk_mem_gen_v8_4_4_blk_mem_gen_prim_width__parameterized119
INFO: [VRFC 10-311] analyzing module ila_0_blk_mem_gen_v8_4_4_blk_mem_gen_prim_width__parameterized12
INFO: [VRFC 10-311] analyzing module ila_0_blk_mem_gen_v8_4_4_blk_mem_gen_prim_width__parameterized120
INFO: [VRFC 10-311] analyzing module ila_0_blk_mem_gen_v8_4_4_blk_mem_gen_prim_width__parameterized121
INFO: [VRFC 10-311] analyzing module ila_0_blk_mem_gen_v8_4_4_blk_mem_gen_prim_width__parameterized122
INFO: [VRFC 10-311] analyzing module ila_0_blk_mem_gen_v8_4_4_blk_mem_gen_prim_width__parameterized123
INFO: [VRFC 10-311] analyzing module ila_0_blk_mem_gen_v8_4_4_blk_mem_gen_prim_width__parameterized124
INFO: [VRFC 10-311] analyzing module ila_0_blk_mem_gen_v8_4_4_blk_mem_gen_prim_width__parameterized125
INFO: [VRFC 10-311] analyzing module ila_0_blk_mem_gen_v8_4_4_blk_mem_gen_prim_width__parameterized126
INFO: [VRFC 10-311] analyzing module ila_0_blk_mem_gen_v8_4_4_blk_mem_gen_prim_width__parameterized127
INFO: [VRFC 10-311] analyzing module ila_0_blk_mem_gen_v8_4_4_blk_mem_gen_prim_width__parameterized128
INFO: [VRFC 10-311] analyzing module ila_0_blk_mem_gen_v8_4_4_blk_mem_gen_prim_width__parameterized129
INFO: [VRFC 10-311] analyzing module ila_0_blk_mem_gen_v8_4_4_blk_mem_gen_prim_width__parameterized13
INFO: [VRFC 10-311] analyzing module ila_0_blk_mem_gen_v8_4_4_blk_mem_gen_prim_width__parameterized130
INFO: [VRFC 10-311] analyzing module ila_0_blk_mem_gen_v8_4_4_blk_mem_gen_prim_width__parameterized131
INFO: [VRFC 10-311] analyzing module ila_0_blk_mem_gen_v8_4_4_blk_mem_gen_prim_width__parameterized132
INFO: [VRFC 10-311] analyzing module ila_0_blk_mem_gen_v8_4_4_blk_mem_gen_prim_width__parameterized133
INFO: [VRFC 10-311] analyzing module ila_0_blk_mem_gen_v8_4_4_blk_mem_gen_prim_width__parameterized134
INFO: [VRFC 10-311] analyzing module ila_0_blk_mem_gen_v8_4_4_blk_mem_gen_prim_width__parameterized135
INFO: [VRFC 10-311] analyzing module ila_0_blk_mem_gen_v8_4_4_blk_mem_gen_prim_width__parameterized136
INFO: [VRFC 10-311] analyzing module ila_0_blk_mem_gen_v8_4_4_blk_mem_gen_prim_width__parameterized137
INFO: [VRFC 10-311] analyzing module ila_0_blk_mem_gen_v8_4_4_blk_mem_gen_prim_width__parameterized138
INFO: [VRFC 10-311] analyzing module ila_0_blk_mem_gen_v8_4_4_blk_mem_gen_prim_width__parameterized139
INFO: [VRFC 10-311] analyzing module ila_0_blk_mem_gen_v8_4_4_blk_mem_gen_prim_width__parameterized14
INFO: [VRFC 10-311] analyzing module ila_0_blk_mem_gen_v8_4_4_blk_mem_gen_prim_width__parameterized140
INFO: [VRFC 10-311] analyzing module ila_0_blk_mem_gen_v8_4_4_blk_mem_gen_prim_width__parameterized141
INFO: [VRFC 10-311] analyzing module ila_0_blk_mem_gen_v8_4_4_blk_mem_gen_prim_width__parameterized142
INFO: [VRFC 10-311] analyzing module ila_0_blk_mem_gen_v8_4_4_blk_mem_gen_prim_width__parameterized143
INFO: [VRFC 10-311] analyzing module ila_0_blk_mem_gen_v8_4_4_blk_mem_gen_prim_width__parameterized144
INFO: [VRFC 10-311] analyzing module ila_0_blk_mem_gen_v8_4_4_blk_mem_gen_prim_width__parameterized145
INFO: [VRFC 10-311] analyzing module ila_0_blk_mem_gen_v8_4_4_blk_mem_gen_prim_width__parameterized146
INFO: [VRFC 10-311] analyzing module ila_0_blk_mem_gen_v8_4_4_blk_mem_gen_prim_width__parameterized147
INFO: [VRFC 10-311] analyzing module ila_0_blk_mem_gen_v8_4_4_blk_mem_gen_prim_width__parameterized148
INFO: [VRFC 10-311] analyzing module ila_0_blk_mem_gen_v8_4_4_blk_mem_gen_prim_width__parameterized149
INFO: [VRFC 10-311] analyzing module ila_0_blk_mem_gen_v8_4_4_blk_mem_gen_prim_width__parameterized15
INFO: [VRFC 10-311] analyzing module ila_0_blk_mem_gen_v8_4_4_blk_mem_gen_prim_width__parameterized150
INFO: [VRFC 10-311] analyzing module ila_0_blk_mem_gen_v8_4_4_blk_mem_gen_prim_width__parameterized151
INFO: [VRFC 10-311] analyzing module ila_0_blk_mem_gen_v8_4_4_blk_mem_gen_prim_width__parameterized152
INFO: [VRFC 10-311] analyzing module ila_0_blk_mem_gen_v8_4_4_blk_mem_gen_prim_width__parameterized153
INFO: [VRFC 10-311] analyzing module ila_0_blk_mem_gen_v8_4_4_blk_mem_gen_prim_width__parameterized154
INFO: [VRFC 10-311] analyzing module ila_0_blk_mem_gen_v8_4_4_blk_mem_gen_prim_width__parameterized155
INFO: [VRFC 10-311] analyzing module ila_0_blk_mem_gen_v8_4_4_blk_mem_gen_prim_width__parameterized156
INFO: [VRFC 10-311] analyzing module ila_0_blk_mem_gen_v8_4_4_blk_mem_gen_prim_width__parameterized157
INFO: [VRFC 10-311] analyzing module ila_0_blk_mem_gen_v8_4_4_blk_mem_gen_prim_width__parameterized158
INFO: [VRFC 10-311] analyzing module ila_0_blk_mem_gen_v8_4_4_blk_mem_gen_prim_width__parameterized159
INFO: [VRFC 10-311] analyzing module ila_0_blk_mem_gen_v8_4_4_blk_mem_gen_prim_width__parameterized16
INFO: [VRFC 10-311] analyzing module ila_0_blk_mem_gen_v8_4_4_blk_mem_gen_prim_width__parameterized160
INFO: [VRFC 10-311] analyzing module ila_0_blk_mem_gen_v8_4_4_blk_mem_gen_prim_width__parameterized161
INFO: [VRFC 10-311] analyzing module ila_0_blk_mem_gen_v8_4_4_blk_mem_gen_prim_width__parameterized162
INFO: [VRFC 10-311] analyzing module ila_0_blk_mem_gen_v8_4_4_blk_mem_gen_prim_width__parameterized163
INFO: [VRFC 10-311] analyzing module ila_0_blk_mem_gen_v8_4_4_blk_mem_gen_prim_width__parameterized164
INFO: [VRFC 10-311] analyzing module ila_0_blk_mem_gen_v8_4_4_blk_mem_gen_prim_width__parameterized165
INFO: [VRFC 10-311] analyzing module ila_0_blk_mem_gen_v8_4_4_blk_mem_gen_prim_width__parameterized166
INFO: [VRFC 10-311] analyzing module ila_0_blk_mem_gen_v8_4_4_blk_mem_gen_prim_width__parameterized167
INFO: [VRFC 10-311] analyzing module ila_0_blk_mem_gen_v8_4_4_blk_mem_gen_prim_width__parameterized168
INFO: [VRFC 10-311] analyzing module ila_0_blk_mem_gen_v8_4_4_blk_mem_gen_prim_width__parameterized17
INFO: [VRFC 10-311] analyzing module ila_0_blk_mem_gen_v8_4_4_blk_mem_gen_prim_width__parameterized18
INFO: [VRFC 10-311] analyzing module ila_0_blk_mem_gen_v8_4_4_blk_mem_gen_prim_width__parameterized19
INFO: [VRFC 10-311] analyzing module ila_0_blk_mem_gen_v8_4_4_blk_mem_gen_prim_width__parameterized2
INFO: [VRFC 10-311] analyzing module ila_0_blk_mem_gen_v8_4_4_blk_mem_gen_prim_width__parameterized20
INFO: [VRFC 10-311] analyzing module ila_0_blk_mem_gen_v8_4_4_blk_mem_gen_prim_width__parameterized21
INFO: [VRFC 10-311] analyzing module ila_0_blk_mem_gen_v8_4_4_blk_mem_gen_prim_width__parameterized22
INFO: [VRFC 10-311] analyzing module ila_0_blk_mem_gen_v8_4_4_blk_mem_gen_prim_width__parameterized23
INFO: [VRFC 10-311] analyzing module ila_0_blk_mem_gen_v8_4_4_blk_mem_gen_prim_width__parameterized24
INFO: [VRFC 10-311] analyzing module ila_0_blk_mem_gen_v8_4_4_blk_mem_gen_prim_width__parameterized25
INFO: [VRFC 10-311] analyzing module ila_0_blk_mem_gen_v8_4_4_blk_mem_gen_prim_width__parameterized26
INFO: [VRFC 10-311] analyzing module ila_0_blk_mem_gen_v8_4_4_blk_mem_gen_prim_width__parameterized27
INFO: [VRFC 10-311] analyzing module ila_0_blk_mem_gen_v8_4_4_blk_mem_gen_prim_width__parameterized28
INFO: [VRFC 10-311] analyzing module ila_0_blk_mem_gen_v8_4_4_blk_mem_gen_prim_width__parameterized29
INFO: [VRFC 10-311] analyzing module ila_0_blk_mem_gen_v8_4_4_blk_mem_gen_prim_width__parameterized3
INFO: [VRFC 10-311] analyzing module ila_0_blk_mem_gen_v8_4_4_blk_mem_gen_prim_width__parameterized30
INFO: [VRFC 10-311] analyzing module ila_0_blk_mem_gen_v8_4_4_blk_mem_gen_prim_width__parameterized31
INFO: [VRFC 10-311] analyzing module ila_0_blk_mem_gen_v8_4_4_blk_mem_gen_prim_width__parameterized32
INFO: [VRFC 10-311] analyzing module ila_0_blk_mem_gen_v8_4_4_blk_mem_gen_prim_width__parameterized33
INFO: [VRFC 10-311] analyzing module ila_0_blk_mem_gen_v8_4_4_blk_mem_gen_prim_width__parameterized34
INFO: [VRFC 10-311] analyzing module ila_0_blk_mem_gen_v8_4_4_blk_mem_gen_prim_width__parameterized35
INFO: [VRFC 10-311] analyzing module ila_0_blk_mem_gen_v8_4_4_blk_mem_gen_prim_width__parameterized36
INFO: [VRFC 10-311] analyzing module ila_0_blk_mem_gen_v8_4_4_blk_mem_gen_prim_width__parameterized37
INFO: [VRFC 10-311] analyzing module ila_0_blk_mem_gen_v8_4_4_blk_mem_gen_prim_width__parameterized38
INFO: [VRFC 10-311] analyzing module ila_0_blk_mem_gen_v8_4_4_blk_mem_gen_prim_width__parameterized39
INFO: [VRFC 10-311] analyzing module ila_0_blk_mem_gen_v8_4_4_blk_mem_gen_prim_width__parameterized4
INFO: [VRFC 10-311] analyzing module ila_0_blk_mem_gen_v8_4_4_blk_mem_gen_prim_width__parameterized40
INFO: [VRFC 10-311] analyzing module ila_0_blk_mem_gen_v8_4_4_blk_mem_gen_prim_width__parameterized41
INFO: [VRFC 10-311] analyzing module ila_0_blk_mem_gen_v8_4_4_blk_mem_gen_prim_width__parameterized42
INFO: [VRFC 10-311] analyzing module ila_0_blk_mem_gen_v8_4_4_blk_mem_gen_prim_width__parameterized43
INFO: [VRFC 10-311] analyzing module ila_0_blk_mem_gen_v8_4_4_blk_mem_gen_prim_width__parameterized44
INFO: [VRFC 10-311] analyzing module ila_0_blk_mem_gen_v8_4_4_blk_mem_gen_prim_width__parameterized45
INFO: [VRFC 10-311] analyzing module ila_0_blk_mem_gen_v8_4_4_blk_mem_gen_prim_width__parameterized46
INFO: [VRFC 10-311] analyzing module ila_0_blk_mem_gen_v8_4_4_blk_mem_gen_prim_width__parameterized47
INFO: [VRFC 10-311] analyzing module ila_0_blk_mem_gen_v8_4_4_blk_mem_gen_prim_width__parameterized48
INFO: [VRFC 10-311] analyzing module ila_0_blk_mem_gen_v8_4_4_blk_mem_gen_prim_width__parameterized49
INFO: [VRFC 10-311] analyzing module ila_0_blk_mem_gen_v8_4_4_blk_mem_gen_prim_width__parameterized5
INFO: [VRFC 10-311] analyzing module ila_0_blk_mem_gen_v8_4_4_blk_mem_gen_prim_width__parameterized50
INFO: [VRFC 10-311] analyzing module ila_0_blk_mem_gen_v8_4_4_blk_mem_gen_prim_width__parameterized51
INFO: [VRFC 10-311] analyzing module ila_0_blk_mem_gen_v8_4_4_blk_mem_gen_prim_width__parameterized52
INFO: [VRFC 10-311] analyzing module ila_0_blk_mem_gen_v8_4_4_blk_mem_gen_prim_width__parameterized53
INFO: [VRFC 10-311] analyzing module ila_0_blk_mem_gen_v8_4_4_blk_mem_gen_prim_width__parameterized54
INFO: [VRFC 10-311] analyzing module ila_0_blk_mem_gen_v8_4_4_blk_mem_gen_prim_width__parameterized55
INFO: [VRFC 10-311] analyzing module ila_0_blk_mem_gen_v8_4_4_blk_mem_gen_prim_width__parameterized56
INFO: [VRFC 10-311] analyzing module ila_0_blk_mem_gen_v8_4_4_blk_mem_gen_prim_width__parameterized57
INFO: [VRFC 10-311] analyzing module ila_0_blk_mem_gen_v8_4_4_blk_mem_gen_prim_width__parameterized58
INFO: [VRFC 10-311] analyzing module ila_0_blk_mem_gen_v8_4_4_blk_mem_gen_prim_width__parameterized59
INFO: [VRFC 10-311] analyzing module ila_0_blk_mem_gen_v8_4_4_blk_mem_gen_prim_width__parameterized6
INFO: [VRFC 10-311] analyzing module ila_0_blk_mem_gen_v8_4_4_blk_mem_gen_prim_width__parameterized60
INFO: [VRFC 10-311] analyzing module ila_0_blk_mem_gen_v8_4_4_blk_mem_gen_prim_width__parameterized61
INFO: [VRFC 10-311] analyzing module ila_0_blk_mem_gen_v8_4_4_blk_mem_gen_prim_width__parameterized62
INFO: [VRFC 10-311] analyzing module ila_0_blk_mem_gen_v8_4_4_blk_mem_gen_prim_width__parameterized63
INFO: [VRFC 10-311] analyzing module ila_0_blk_mem_gen_v8_4_4_blk_mem_gen_prim_width__parameterized64
INFO: [VRFC 10-311] analyzing module ila_0_blk_mem_gen_v8_4_4_blk_mem_gen_prim_width__parameterized65
INFO: [VRFC 10-311] analyzing module ila_0_blk_mem_gen_v8_4_4_blk_mem_gen_prim_width__parameterized66
INFO: [VRFC 10-311] analyzing module ila_0_blk_mem_gen_v8_4_4_blk_mem_gen_prim_width__parameterized67
INFO: [VRFC 10-311] analyzing module ila_0_blk_mem_gen_v8_4_4_blk_mem_gen_prim_width__parameterized68
INFO: [VRFC 10-311] analyzing module ila_0_blk_mem_gen_v8_4_4_blk_mem_gen_prim_width__parameterized69
INFO: [VRFC 10-311] analyzing module ila_0_blk_mem_gen_v8_4_4_blk_mem_gen_prim_width__parameterized7
INFO: [VRFC 10-311] analyzing module ila_0_blk_mem_gen_v8_4_4_blk_mem_gen_prim_width__parameterized70
INFO: [VRFC 10-311] analyzing module ila_0_blk_mem_gen_v8_4_4_blk_mem_gen_prim_width__parameterized71
INFO: [VRFC 10-311] analyzing module ila_0_blk_mem_gen_v8_4_4_blk_mem_gen_prim_width__parameterized72
INFO: [VRFC 10-311] analyzing module ila_0_blk_mem_gen_v8_4_4_blk_mem_gen_prim_width__parameterized73
INFO: [VRFC 10-311] analyzing module ila_0_blk_mem_gen_v8_4_4_blk_mem_gen_prim_width__parameterized74
INFO: [VRFC 10-311] analyzing module ila_0_blk_mem_gen_v8_4_4_blk_mem_gen_prim_width__parameterized75
INFO: [VRFC 10-311] analyzing module ila_0_blk_mem_gen_v8_4_4_blk_mem_gen_prim_width__parameterized76
INFO: [VRFC 10-311] analyzing module ila_0_blk_mem_gen_v8_4_4_blk_mem_gen_prim_width__parameterized77
INFO: [VRFC 10-311] analyzing module ila_0_blk_mem_gen_v8_4_4_blk_mem_gen_prim_width__parameterized78
INFO: [VRFC 10-311] analyzing module ila_0_blk_mem_gen_v8_4_4_blk_mem_gen_prim_width__parameterized79
INFO: [VRFC 10-311] analyzing module ila_0_blk_mem_gen_v8_4_4_blk_mem_gen_prim_width__parameterized8
INFO: [VRFC 10-311] analyzing module ila_0_blk_mem_gen_v8_4_4_blk_mem_gen_prim_width__parameterized80
INFO: [VRFC 10-311] analyzing module ila_0_blk_mem_gen_v8_4_4_blk_mem_gen_prim_width__parameterized81
INFO: [VRFC 10-311] analyzing module ila_0_blk_mem_gen_v8_4_4_blk_mem_gen_prim_width__parameterized82
INFO: [VRFC 10-311] analyzing module ila_0_blk_mem_gen_v8_4_4_blk_mem_gen_prim_width__parameterized83
INFO: [VRFC 10-311] analyzing module ila_0_blk_mem_gen_v8_4_4_blk_mem_gen_prim_width__parameterized84
INFO: [VRFC 10-311] analyzing module ila_0_blk_mem_gen_v8_4_4_blk_mem_gen_prim_width__parameterized85
INFO: [VRFC 10-311] analyzing module ila_0_blk_mem_gen_v8_4_4_blk_mem_gen_prim_width__parameterized86
INFO: [VRFC 10-311] analyzing module ila_0_blk_mem_gen_v8_4_4_blk_mem_gen_prim_width__parameterized87
INFO: [VRFC 10-311] analyzing module ila_0_blk_mem_gen_v8_4_4_blk_mem_gen_prim_width__parameterized88
INFO: [VRFC 10-311] analyzing module ila_0_blk_mem_gen_v8_4_4_blk_mem_gen_prim_width__parameterized89
INFO: [VRFC 10-311] analyzing module ila_0_blk_mem_gen_v8_4_4_blk_mem_gen_prim_width__parameterized9
INFO: [VRFC 10-311] analyzing module ila_0_blk_mem_gen_v8_4_4_blk_mem_gen_prim_width__parameterized90
INFO: [VRFC 10-311] analyzing module ila_0_blk_mem_gen_v8_4_4_blk_mem_gen_prim_width__parameterized91
INFO: [VRFC 10-311] analyzing module ila_0_blk_mem_gen_v8_4_4_blk_mem_gen_prim_width__parameterized92
INFO: [VRFC 10-311] analyzing module ila_0_blk_mem_gen_v8_4_4_blk_mem_gen_prim_width__parameterized93
INFO: [VRFC 10-311] analyzing module ila_0_blk_mem_gen_v8_4_4_blk_mem_gen_prim_width__parameterized94
INFO: [VRFC 10-311] analyzing module ila_0_blk_mem_gen_v8_4_4_blk_mem_gen_prim_width__parameterized95
INFO: [VRFC 10-311] analyzing module ila_0_blk_mem_gen_v8_4_4_blk_mem_gen_prim_width__parameterized96
INFO: [VRFC 10-311] analyzing module ila_0_blk_mem_gen_v8_4_4_blk_mem_gen_prim_width__parameterized97
INFO: [VRFC 10-311] analyzing module ila_0_blk_mem_gen_v8_4_4_blk_mem_gen_prim_width__parameterized98
INFO: [VRFC 10-311] analyzing module ila_0_blk_mem_gen_v8_4_4_blk_mem_gen_prim_width__parameterized99
INFO: [VRFC 10-311] analyzing module ila_0_blk_mem_gen_v8_4_4_blk_mem_gen_prim_wrapper
INFO: [VRFC 10-311] analyzing module ila_0_blk_mem_gen_v8_4_4_blk_mem_gen_prim_wrapper__parameterized0
INFO: [VRFC 10-311] analyzing module ila_0_blk_mem_gen_v8_4_4_blk_mem_gen_prim_wrapper__parameterized1
INFO: [VRFC 10-311] analyzing module ila_0_blk_mem_gen_v8_4_4_blk_mem_gen_prim_wrapper__parameterized10
INFO: [VRFC 10-311] analyzing module ila_0_blk_mem_gen_v8_4_4_blk_mem_gen_prim_wrapper__parameterized100
INFO: [VRFC 10-311] analyzing module ila_0_blk_mem_gen_v8_4_4_blk_mem_gen_prim_wrapper__parameterized101
INFO: [VRFC 10-311] analyzing module ila_0_blk_mem_gen_v8_4_4_blk_mem_gen_prim_wrapper__parameterized102
INFO: [VRFC 10-311] analyzing module ila_0_blk_mem_gen_v8_4_4_blk_mem_gen_prim_wrapper__parameterized103
INFO: [VRFC 10-311] analyzing module ila_0_blk_mem_gen_v8_4_4_blk_mem_gen_prim_wrapper__parameterized104
INFO: [VRFC 10-311] analyzing module ila_0_blk_mem_gen_v8_4_4_blk_mem_gen_prim_wrapper__parameterized105
INFO: [VRFC 10-311] analyzing module ila_0_blk_mem_gen_v8_4_4_blk_mem_gen_prim_wrapper__parameterized106
INFO: [VRFC 10-311] analyzing module ila_0_blk_mem_gen_v8_4_4_blk_mem_gen_prim_wrapper__parameterized107
INFO: [VRFC 10-311] analyzing module ila_0_blk_mem_gen_v8_4_4_blk_mem_gen_prim_wrapper__parameterized108
INFO: [VRFC 10-311] analyzing module ila_0_blk_mem_gen_v8_4_4_blk_mem_gen_prim_wrapper__parameterized109
INFO: [VRFC 10-311] analyzing module ila_0_blk_mem_gen_v8_4_4_blk_mem_gen_prim_wrapper__parameterized11
INFO: [VRFC 10-311] analyzing module ila_0_blk_mem_gen_v8_4_4_blk_mem_gen_prim_wrapper__parameterized110
INFO: [VRFC 10-311] analyzing module ila_0_blk_mem_gen_v8_4_4_blk_mem_gen_prim_wrapper__parameterized111
INFO: [VRFC 10-311] analyzing module ila_0_blk_mem_gen_v8_4_4_blk_mem_gen_prim_wrapper__parameterized112
INFO: [VRFC 10-311] analyzing module ila_0_blk_mem_gen_v8_4_4_blk_mem_gen_prim_wrapper__parameterized113
INFO: [VRFC 10-311] analyzing module ila_0_blk_mem_gen_v8_4_4_blk_mem_gen_prim_wrapper__parameterized114
INFO: [VRFC 10-311] analyzing module ila_0_blk_mem_gen_v8_4_4_blk_mem_gen_prim_wrapper__parameterized115
INFO: [VRFC 10-311] analyzing module ila_0_blk_mem_gen_v8_4_4_blk_mem_gen_prim_wrapper__parameterized116
INFO: [VRFC 10-311] analyzing module ila_0_blk_mem_gen_v8_4_4_blk_mem_gen_prim_wrapper__parameterized117
INFO: [VRFC 10-311] analyzing module ila_0_blk_mem_gen_v8_4_4_blk_mem_gen_prim_wrapper__parameterized118
INFO: [VRFC 10-311] analyzing module ila_0_blk_mem_gen_v8_4_4_blk_mem_gen_prim_wrapper__parameterized119
INFO: [VRFC 10-311] analyzing module ila_0_blk_mem_gen_v8_4_4_blk_mem_gen_prim_wrapper__parameterized12
INFO: [VRFC 10-311] analyzing module ila_0_blk_mem_gen_v8_4_4_blk_mem_gen_prim_wrapper__parameterized120
INFO: [VRFC 10-311] analyzing module ila_0_blk_mem_gen_v8_4_4_blk_mem_gen_prim_wrapper__parameterized121
INFO: [VRFC 10-311] analyzing module ila_0_blk_mem_gen_v8_4_4_blk_mem_gen_prim_wrapper__parameterized122
INFO: [VRFC 10-311] analyzing module ila_0_blk_mem_gen_v8_4_4_blk_mem_gen_prim_wrapper__parameterized123
INFO: [VRFC 10-311] analyzing module ila_0_blk_mem_gen_v8_4_4_blk_mem_gen_prim_wrapper__parameterized124
INFO: [VRFC 10-311] analyzing module ila_0_blk_mem_gen_v8_4_4_blk_mem_gen_prim_wrapper__parameterized125
INFO: [VRFC 10-311] analyzing module ila_0_blk_mem_gen_v8_4_4_blk_mem_gen_prim_wrapper__parameterized126
INFO: [VRFC 10-311] analyzing module ila_0_blk_mem_gen_v8_4_4_blk_mem_gen_prim_wrapper__parameterized127
INFO: [VRFC 10-311] analyzing module ila_0_blk_mem_gen_v8_4_4_blk_mem_gen_prim_wrapper__parameterized128
INFO: [VRFC 10-311] analyzing module ila_0_blk_mem_gen_v8_4_4_blk_mem_gen_prim_wrapper__parameterized129
INFO: [VRFC 10-311] analyzing module ila_0_blk_mem_gen_v8_4_4_blk_mem_gen_prim_wrapper__parameterized13
INFO: [VRFC 10-311] analyzing module ila_0_blk_mem_gen_v8_4_4_blk_mem_gen_prim_wrapper__parameterized130
INFO: [VRFC 10-311] analyzing module ila_0_blk_mem_gen_v8_4_4_blk_mem_gen_prim_wrapper__parameterized131
INFO: [VRFC 10-311] analyzing module ila_0_blk_mem_gen_v8_4_4_blk_mem_gen_prim_wrapper__parameterized132
INFO: [VRFC 10-311] analyzing module ila_0_blk_mem_gen_v8_4_4_blk_mem_gen_prim_wrapper__parameterized133
INFO: [VRFC 10-311] analyzing module ila_0_blk_mem_gen_v8_4_4_blk_mem_gen_prim_wrapper__parameterized134
INFO: [VRFC 10-311] analyzing module ila_0_blk_mem_gen_v8_4_4_blk_mem_gen_prim_wrapper__parameterized135
INFO: [VRFC 10-311] analyzing module ila_0_blk_mem_gen_v8_4_4_blk_mem_gen_prim_wrapper__parameterized136
INFO: [VRFC 10-311] analyzing module ila_0_blk_mem_gen_v8_4_4_blk_mem_gen_prim_wrapper__parameterized137
INFO: [VRFC 10-311] analyzing module ila_0_blk_mem_gen_v8_4_4_blk_mem_gen_prim_wrapper__parameterized138
INFO: [VRFC 10-311] analyzing module ila_0_blk_mem_gen_v8_4_4_blk_mem_gen_prim_wrapper__parameterized139
INFO: [VRFC 10-311] analyzing module ila_0_blk_mem_gen_v8_4_4_blk_mem_gen_prim_wrapper__parameterized14
INFO: [VRFC 10-311] analyzing module ila_0_blk_mem_gen_v8_4_4_blk_mem_gen_prim_wrapper__parameterized140
INFO: [VRFC 10-311] analyzing module ila_0_blk_mem_gen_v8_4_4_blk_mem_gen_prim_wrapper__parameterized141
INFO: [VRFC 10-311] analyzing module ila_0_blk_mem_gen_v8_4_4_blk_mem_gen_prim_wrapper__parameterized142
INFO: [VRFC 10-311] analyzing module ila_0_blk_mem_gen_v8_4_4_blk_mem_gen_prim_wrapper__parameterized143
INFO: [VRFC 10-311] analyzing module ila_0_blk_mem_gen_v8_4_4_blk_mem_gen_prim_wrapper__parameterized144
INFO: [VRFC 10-311] analyzing module ila_0_blk_mem_gen_v8_4_4_blk_mem_gen_prim_wrapper__parameterized145
INFO: [VRFC 10-311] analyzing module ila_0_blk_mem_gen_v8_4_4_blk_mem_gen_prim_wrapper__parameterized146
INFO: [VRFC 10-311] analyzing module ila_0_blk_mem_gen_v8_4_4_blk_mem_gen_prim_wrapper__parameterized147
INFO: [VRFC 10-311] analyzing module ila_0_blk_mem_gen_v8_4_4_blk_mem_gen_prim_wrapper__parameterized148
INFO: [VRFC 10-311] analyzing module ila_0_blk_mem_gen_v8_4_4_blk_mem_gen_prim_wrapper__parameterized149
INFO: [VRFC 10-311] analyzing module ila_0_blk_mem_gen_v8_4_4_blk_mem_gen_prim_wrapper__parameterized15
INFO: [VRFC 10-311] analyzing module ila_0_blk_mem_gen_v8_4_4_blk_mem_gen_prim_wrapper__parameterized150
INFO: [VRFC 10-311] analyzing module ila_0_blk_mem_gen_v8_4_4_blk_mem_gen_prim_wrapper__parameterized151
INFO: [VRFC 10-311] analyzing module ila_0_blk_mem_gen_v8_4_4_blk_mem_gen_prim_wrapper__parameterized152
INFO: [VRFC 10-311] analyzing module ila_0_blk_mem_gen_v8_4_4_blk_mem_gen_prim_wrapper__parameterized153
INFO: [VRFC 10-311] analyzing module ila_0_blk_mem_gen_v8_4_4_blk_mem_gen_prim_wrapper__parameterized154
INFO: [VRFC 10-311] analyzing module ila_0_blk_mem_gen_v8_4_4_blk_mem_gen_prim_wrapper__parameterized155
INFO: [VRFC 10-311] analyzing module ila_0_blk_mem_gen_v8_4_4_blk_mem_gen_prim_wrapper__parameterized156
INFO: [VRFC 10-311] analyzing module ila_0_blk_mem_gen_v8_4_4_blk_mem_gen_prim_wrapper__parameterized157
INFO: [VRFC 10-311] analyzing module ila_0_blk_mem_gen_v8_4_4_blk_mem_gen_prim_wrapper__parameterized158
INFO: [VRFC 10-311] analyzing module ila_0_blk_mem_gen_v8_4_4_blk_mem_gen_prim_wrapper__parameterized159
INFO: [VRFC 10-311] analyzing module ila_0_blk_mem_gen_v8_4_4_blk_mem_gen_prim_wrapper__parameterized16
INFO: [VRFC 10-311] analyzing module ila_0_blk_mem_gen_v8_4_4_blk_mem_gen_prim_wrapper__parameterized160
INFO: [VRFC 10-311] analyzing module ila_0_blk_mem_gen_v8_4_4_blk_mem_gen_prim_wrapper__parameterized161
INFO: [VRFC 10-311] analyzing module ila_0_blk_mem_gen_v8_4_4_blk_mem_gen_prim_wrapper__parameterized162
INFO: [VRFC 10-311] analyzing module ila_0_blk_mem_gen_v8_4_4_blk_mem_gen_prim_wrapper__parameterized163
INFO: [VRFC 10-311] analyzing module ila_0_blk_mem_gen_v8_4_4_blk_mem_gen_prim_wrapper__parameterized164
INFO: [VRFC 10-311] analyzing module ila_0_blk_mem_gen_v8_4_4_blk_mem_gen_prim_wrapper__parameterized165
INFO: [VRFC 10-311] analyzing module ila_0_blk_mem_gen_v8_4_4_blk_mem_gen_prim_wrapper__parameterized166
INFO: [VRFC 10-311] analyzing module ila_0_blk_mem_gen_v8_4_4_blk_mem_gen_prim_wrapper__parameterized167
INFO: [VRFC 10-311] analyzing module ila_0_blk_mem_gen_v8_4_4_blk_mem_gen_prim_wrapper__parameterized168
INFO: [VRFC 10-311] analyzing module ila_0_blk_mem_gen_v8_4_4_blk_mem_gen_prim_wrapper__parameterized17
INFO: [VRFC 10-311] analyzing module ila_0_blk_mem_gen_v8_4_4_blk_mem_gen_prim_wrapper__parameterized18
INFO: [VRFC 10-311] analyzing module ila_0_blk_mem_gen_v8_4_4_blk_mem_gen_prim_wrapper__parameterized19
INFO: [VRFC 10-311] analyzing module ila_0_blk_mem_gen_v8_4_4_blk_mem_gen_prim_wrapper__parameterized2
INFO: [VRFC 10-311] analyzing module ila_0_blk_mem_gen_v8_4_4_blk_mem_gen_prim_wrapper__parameterized20
INFO: [VRFC 10-311] analyzing module ila_0_blk_mem_gen_v8_4_4_blk_mem_gen_prim_wrapper__parameterized21
INFO: [VRFC 10-311] analyzing module ila_0_blk_mem_gen_v8_4_4_blk_mem_gen_prim_wrapper__parameterized22
INFO: [VRFC 10-311] analyzing module ila_0_blk_mem_gen_v8_4_4_blk_mem_gen_prim_wrapper__parameterized23
INFO: [VRFC 10-311] analyzing module ila_0_blk_mem_gen_v8_4_4_blk_mem_gen_prim_wrapper__parameterized24
INFO: [VRFC 10-311] analyzing module ila_0_blk_mem_gen_v8_4_4_blk_mem_gen_prim_wrapper__parameterized25
INFO: [VRFC 10-311] analyzing module ila_0_blk_mem_gen_v8_4_4_blk_mem_gen_prim_wrapper__parameterized26
INFO: [VRFC 10-311] analyzing module ila_0_blk_mem_gen_v8_4_4_blk_mem_gen_prim_wrapper__parameterized27
INFO: [VRFC 10-311] analyzing module ila_0_blk_mem_gen_v8_4_4_blk_mem_gen_prim_wrapper__parameterized28
INFO: [VRFC 10-311] analyzing module ila_0_blk_mem_gen_v8_4_4_blk_mem_gen_prim_wrapper__parameterized29
INFO: [VRFC 10-311] analyzing module ila_0_blk_mem_gen_v8_4_4_blk_mem_gen_prim_wrapper__parameterized3
INFO: [VRFC 10-311] analyzing module ila_0_blk_mem_gen_v8_4_4_blk_mem_gen_prim_wrapper__parameterized30
INFO: [VRFC 10-311] analyzing module ila_0_blk_mem_gen_v8_4_4_blk_mem_gen_prim_wrapper__parameterized31
INFO: [VRFC 10-311] analyzing module ila_0_blk_mem_gen_v8_4_4_blk_mem_gen_prim_wrapper__parameterized32
INFO: [VRFC 10-311] analyzing module ila_0_blk_mem_gen_v8_4_4_blk_mem_gen_prim_wrapper__parameterized33
INFO: [VRFC 10-311] analyzing module ila_0_blk_mem_gen_v8_4_4_blk_mem_gen_prim_wrapper__parameterized34
INFO: [VRFC 10-311] analyzing module ila_0_blk_mem_gen_v8_4_4_blk_mem_gen_prim_wrapper__parameterized35
INFO: [VRFC 10-311] analyzing module ila_0_blk_mem_gen_v8_4_4_blk_mem_gen_prim_wrapper__parameterized36
INFO: [VRFC 10-311] analyzing module ila_0_blk_mem_gen_v8_4_4_blk_mem_gen_prim_wrapper__parameterized37
INFO: [VRFC 10-311] analyzing module ila_0_blk_mem_gen_v8_4_4_blk_mem_gen_prim_wrapper__parameterized38
INFO: [VRFC 10-311] analyzing module ila_0_blk_mem_gen_v8_4_4_blk_mem_gen_prim_wrapper__parameterized39
INFO: [VRFC 10-311] analyzing module ila_0_blk_mem_gen_v8_4_4_blk_mem_gen_prim_wrapper__parameterized4
INFO: [VRFC 10-311] analyzing module ila_0_blk_mem_gen_v8_4_4_blk_mem_gen_prim_wrapper__parameterized40
INFO: [VRFC 10-311] analyzing module ila_0_blk_mem_gen_v8_4_4_blk_mem_gen_prim_wrapper__parameterized41
INFO: [VRFC 10-311] analyzing module ila_0_blk_mem_gen_v8_4_4_blk_mem_gen_prim_wrapper__parameterized42
INFO: [VRFC 10-311] analyzing module ila_0_blk_mem_gen_v8_4_4_blk_mem_gen_prim_wrapper__parameterized43
INFO: [VRFC 10-311] analyzing module ila_0_blk_mem_gen_v8_4_4_blk_mem_gen_prim_wrapper__parameterized44
INFO: [VRFC 10-311] analyzing module ila_0_blk_mem_gen_v8_4_4_blk_mem_gen_prim_wrapper__parameterized45
INFO: [VRFC 10-311] analyzing module ila_0_blk_mem_gen_v8_4_4_blk_mem_gen_prim_wrapper__parameterized46
INFO: [VRFC 10-311] analyzing module ila_0_blk_mem_gen_v8_4_4_blk_mem_gen_prim_wrapper__parameterized47
INFO: [VRFC 10-311] analyzing module ila_0_blk_mem_gen_v8_4_4_blk_mem_gen_prim_wrapper__parameterized48
INFO: [VRFC 10-311] analyzing module ila_0_blk_mem_gen_v8_4_4_blk_mem_gen_prim_wrapper__parameterized49
INFO: [VRFC 10-311] analyzing module ila_0_blk_mem_gen_v8_4_4_blk_mem_gen_prim_wrapper__parameterized5
INFO: [VRFC 10-311] analyzing module ila_0_blk_mem_gen_v8_4_4_blk_mem_gen_prim_wrapper__parameterized50
INFO: [VRFC 10-311] analyzing module ila_0_blk_mem_gen_v8_4_4_blk_mem_gen_prim_wrapper__parameterized51
INFO: [VRFC 10-311] analyzing module ila_0_blk_mem_gen_v8_4_4_blk_mem_gen_prim_wrapper__parameterized52
INFO: [VRFC 10-311] analyzing module ila_0_blk_mem_gen_v8_4_4_blk_mem_gen_prim_wrapper__parameterized53
INFO: [VRFC 10-311] analyzing module ila_0_blk_mem_gen_v8_4_4_blk_mem_gen_prim_wrapper__parameterized54
INFO: [VRFC 10-311] analyzing module ila_0_blk_mem_gen_v8_4_4_blk_mem_gen_prim_wrapper__parameterized55
INFO: [VRFC 10-311] analyzing module ila_0_blk_mem_gen_v8_4_4_blk_mem_gen_prim_wrapper__parameterized56
INFO: [VRFC 10-311] analyzing module ila_0_blk_mem_gen_v8_4_4_blk_mem_gen_prim_wrapper__parameterized57
INFO: [VRFC 10-311] analyzing module ila_0_blk_mem_gen_v8_4_4_blk_mem_gen_prim_wrapper__parameterized58
INFO: [VRFC 10-311] analyzing module ila_0_blk_mem_gen_v8_4_4_blk_mem_gen_prim_wrapper__parameterized59
INFO: [VRFC 10-311] analyzing module ila_0_blk_mem_gen_v8_4_4_blk_mem_gen_prim_wrapper__parameterized6
INFO: [VRFC 10-311] analyzing module ila_0_blk_mem_gen_v8_4_4_blk_mem_gen_prim_wrapper__parameterized60
INFO: [VRFC 10-311] analyzing module ila_0_blk_mem_gen_v8_4_4_blk_mem_gen_prim_wrapper__parameterized61
INFO: [VRFC 10-311] analyzing module ila_0_blk_mem_gen_v8_4_4_blk_mem_gen_prim_wrapper__parameterized62
INFO: [VRFC 10-311] analyzing module ila_0_blk_mem_gen_v8_4_4_blk_mem_gen_prim_wrapper__parameterized63
INFO: [VRFC 10-311] analyzing module ila_0_blk_mem_gen_v8_4_4_blk_mem_gen_prim_wrapper__parameterized64
INFO: [VRFC 10-311] analyzing module ila_0_blk_mem_gen_v8_4_4_blk_mem_gen_prim_wrapper__parameterized65
INFO: [VRFC 10-311] analyzing module ila_0_blk_mem_gen_v8_4_4_blk_mem_gen_prim_wrapper__parameterized66
INFO: [VRFC 10-311] analyzing module ila_0_blk_mem_gen_v8_4_4_blk_mem_gen_prim_wrapper__parameterized67
INFO: [VRFC 10-311] analyzing module ila_0_blk_mem_gen_v8_4_4_blk_mem_gen_prim_wrapper__parameterized68
INFO: [VRFC 10-311] analyzing module ila_0_blk_mem_gen_v8_4_4_blk_mem_gen_prim_wrapper__parameterized69
INFO: [VRFC 10-311] analyzing module ila_0_blk_mem_gen_v8_4_4_blk_mem_gen_prim_wrapper__parameterized7
INFO: [VRFC 10-311] analyzing module ila_0_blk_mem_gen_v8_4_4_blk_mem_gen_prim_wrapper__parameterized70
INFO: [VRFC 10-311] analyzing module ila_0_blk_mem_gen_v8_4_4_blk_mem_gen_prim_wrapper__parameterized71
INFO: [VRFC 10-311] analyzing module ila_0_blk_mem_gen_v8_4_4_blk_mem_gen_prim_wrapper__parameterized72
INFO: [VRFC 10-311] analyzing module ila_0_blk_mem_gen_v8_4_4_blk_mem_gen_prim_wrapper__parameterized73
INFO: [VRFC 10-311] analyzing module ila_0_blk_mem_gen_v8_4_4_blk_mem_gen_prim_wrapper__parameterized74
INFO: [VRFC 10-311] analyzing module ila_0_blk_mem_gen_v8_4_4_blk_mem_gen_prim_wrapper__parameterized75
INFO: [VRFC 10-311] analyzing module ila_0_blk_mem_gen_v8_4_4_blk_mem_gen_prim_wrapper__parameterized76
INFO: [VRFC 10-311] analyzing module ila_0_blk_mem_gen_v8_4_4_blk_mem_gen_prim_wrapper__parameterized77
INFO: [VRFC 10-311] analyzing module ila_0_blk_mem_gen_v8_4_4_blk_mem_gen_prim_wrapper__parameterized78
INFO: [VRFC 10-311] analyzing module ila_0_blk_mem_gen_v8_4_4_blk_mem_gen_prim_wrapper__parameterized79
INFO: [VRFC 10-311] analyzing module ila_0_blk_mem_gen_v8_4_4_blk_mem_gen_prim_wrapper__parameterized8
INFO: [VRFC 10-311] analyzing module ila_0_blk_mem_gen_v8_4_4_blk_mem_gen_prim_wrapper__parameterized80
INFO: [VRFC 10-311] analyzing module ila_0_blk_mem_gen_v8_4_4_blk_mem_gen_prim_wrapper__parameterized81
INFO: [VRFC 10-311] analyzing module ila_0_blk_mem_gen_v8_4_4_blk_mem_gen_prim_wrapper__parameterized82
INFO: [VRFC 10-311] analyzing module ila_0_blk_mem_gen_v8_4_4_blk_mem_gen_prim_wrapper__parameterized83
INFO: [VRFC 10-311] analyzing module ila_0_blk_mem_gen_v8_4_4_blk_mem_gen_prim_wrapper__parameterized84
INFO: [VRFC 10-311] analyzing module ila_0_blk_mem_gen_v8_4_4_blk_mem_gen_prim_wrapper__parameterized85
INFO: [VRFC 10-311] analyzing module ila_0_blk_mem_gen_v8_4_4_blk_mem_gen_prim_wrapper__parameterized86
INFO: [VRFC 10-311] analyzing module ila_0_blk_mem_gen_v8_4_4_blk_mem_gen_prim_wrapper__parameterized87
INFO: [VRFC 10-311] analyzing module ila_0_blk_mem_gen_v8_4_4_blk_mem_gen_prim_wrapper__parameterized88
INFO: [VRFC 10-311] analyzing module ila_0_blk_mem_gen_v8_4_4_blk_mem_gen_prim_wrapper__parameterized89
INFO: [VRFC 10-311] analyzing module ila_0_blk_mem_gen_v8_4_4_blk_mem_gen_prim_wrapper__parameterized9
INFO: [VRFC 10-311] analyzing module ila_0_blk_mem_gen_v8_4_4_blk_mem_gen_prim_wrapper__parameterized90
INFO: [VRFC 10-311] analyzing module ila_0_blk_mem_gen_v8_4_4_blk_mem_gen_prim_wrapper__parameterized91
INFO: [VRFC 10-311] analyzing module ila_0_blk_mem_gen_v8_4_4_blk_mem_gen_prim_wrapper__parameterized92
INFO: [VRFC 10-311] analyzing module ila_0_blk_mem_gen_v8_4_4_blk_mem_gen_prim_wrapper__parameterized93
INFO: [VRFC 10-311] analyzing module ila_0_blk_mem_gen_v8_4_4_blk_mem_gen_prim_wrapper__parameterized94
INFO: [VRFC 10-311] analyzing module ila_0_blk_mem_gen_v8_4_4_blk_mem_gen_prim_wrapper__parameterized95
INFO: [VRFC 10-311] analyzing module ila_0_blk_mem_gen_v8_4_4_blk_mem_gen_prim_wrapper__parameterized96
INFO: [VRFC 10-311] analyzing module ila_0_blk_mem_gen_v8_4_4_blk_mem_gen_prim_wrapper__parameterized97
INFO: [VRFC 10-311] analyzing module ila_0_blk_mem_gen_v8_4_4_blk_mem_gen_prim_wrapper__parameterized98
INFO: [VRFC 10-311] analyzing module ila_0_blk_mem_gen_v8_4_4_blk_mem_gen_prim_wrapper__parameterized99
INFO: [VRFC 10-311] analyzing module ila_0_blk_mem_gen_v8_4_4_blk_mem_gen_top
INFO: [VRFC 10-311] analyzing module ila_0_blk_mem_gen_v8_4_4_synth
INFO: [VRFC 10-311] analyzing module blk_mem_gen_0_blk_mem_gen_prim_width
INFO: [VRFC 10-311] analyzing module blk_mem_gen_0_blk_mem_gen_prim_wrapper
INFO: [VRFC 10-311] analyzing module div_gen_0_addsubreg_v
INFO: [VRFC 10-311] analyzing module div_gen_0_addsubreg_v_0
INFO: [VRFC 10-311] analyzing module div_gen_0_addsubreg_v_0_HD18
INFO: [VRFC 10-311] analyzing module div_gen_0_addsubreg_v_0_HD212
INFO: [VRFC 10-311] analyzing module div_gen_0_addsubreg_v_10
INFO: [VRFC 10-311] analyzing module div_gen_0_addsubreg_v_10_HD257
INFO: [VRFC 10-311] analyzing module div_gen_0_addsubreg_v_10_HD63
INFO: [VRFC 10-311] analyzing module div_gen_0_addsubreg_v_12
INFO: [VRFC 10-311] analyzing module div_gen_0_addsubreg_v_12_HD266
INFO: [VRFC 10-311] analyzing module div_gen_0_addsubreg_v_12_HD72
INFO: [VRFC 10-311] analyzing module div_gen_0_addsubreg_v_14
INFO: [VRFC 10-311] analyzing module div_gen_0_addsubreg_v_14_HD275
INFO: [VRFC 10-311] analyzing module div_gen_0_addsubreg_v_14_HD81
INFO: [VRFC 10-311] analyzing module div_gen_0_addsubreg_v_16
INFO: [VRFC 10-311] analyzing module div_gen_0_addsubreg_v_16_HD284
INFO: [VRFC 10-311] analyzing module div_gen_0_addsubreg_v_16_HD90
INFO: [VRFC 10-311] analyzing module div_gen_0_addsubreg_v_18
INFO: [VRFC 10-311] analyzing module div_gen_0_addsubreg_v_18_HD293
INFO: [VRFC 10-311] analyzing module div_gen_0_addsubreg_v_18_HD99
INFO: [VRFC 10-311] analyzing module div_gen_0_addsubreg_v_2
INFO: [VRFC 10-311] analyzing module div_gen_0_addsubreg_v_20
INFO: [VRFC 10-311] analyzing module div_gen_0_addsubreg_v_20_HD108
INFO: [VRFC 10-311] analyzing module div_gen_0_addsubreg_v_20_HD302
INFO: [VRFC 10-311] analyzing module div_gen_0_addsubreg_v_22
INFO: [VRFC 10-311] analyzing module div_gen_0_addsubreg_v_22_HD117
INFO: [VRFC 10-311] analyzing module div_gen_0_addsubreg_v_22_HD311
INFO: [VRFC 10-311] analyzing module div_gen_0_addsubreg_v_24
INFO: [VRFC 10-311] analyzing module div_gen_0_addsubreg_v_24_HD126
INFO: [VRFC 10-311] analyzing module div_gen_0_addsubreg_v_24_HD320
INFO: [VRFC 10-311] analyzing module div_gen_0_addsubreg_v_26
INFO: [VRFC 10-311] analyzing module div_gen_0_addsubreg_v_26_HD135
INFO: [VRFC 10-311] analyzing module div_gen_0_addsubreg_v_26_HD329
INFO: [VRFC 10-311] analyzing module div_gen_0_addsubreg_v_28
INFO: [VRFC 10-311] analyzing module div_gen_0_addsubreg_v_28_HD144
INFO: [VRFC 10-311] analyzing module div_gen_0_addsubreg_v_28_HD338
INFO: [VRFC 10-311] analyzing module div_gen_0_addsubreg_v_2_HD221
INFO: [VRFC 10-311] analyzing module div_gen_0_addsubreg_v_2_HD27
INFO: [VRFC 10-311] analyzing module div_gen_0_addsubreg_v_30
INFO: [VRFC 10-311] analyzing module div_gen_0_addsubreg_v_30_HD153
INFO: [VRFC 10-311] analyzing module div_gen_0_addsubreg_v_30_HD347
INFO: [VRFC 10-311] analyzing module div_gen_0_addsubreg_v_32
INFO: [VRFC 10-311] analyzing module div_gen_0_addsubreg_v_32_HD162
INFO: [VRFC 10-311] analyzing module div_gen_0_addsubreg_v_32_HD356
INFO: [VRFC 10-311] analyzing module div_gen_0_addsubreg_v_34
INFO: [VRFC 10-311] analyzing module div_gen_0_addsubreg_v_34_HD171
INFO: [VRFC 10-311] analyzing module div_gen_0_addsubreg_v_34_HD365
INFO: [VRFC 10-311] analyzing module div_gen_0_addsubreg_v_36
INFO: [VRFC 10-311] analyzing module div_gen_0_addsubreg_v_36_HD180
INFO: [VRFC 10-311] analyzing module div_gen_0_addsubreg_v_36_HD374
INFO: [VRFC 10-311] analyzing module div_gen_0_addsubreg_v_4
INFO: [VRFC 10-311] analyzing module div_gen_0_addsubreg_v_4_HD230
INFO: [VRFC 10-311] analyzing module div_gen_0_addsubreg_v_4_HD36
INFO: [VRFC 10-311] analyzing module div_gen_0_addsubreg_v_6
INFO: [VRFC 10-311] analyzing module div_gen_0_addsubreg_v_6_HD239
INFO: [VRFC 10-311] analyzing module div_gen_0_addsubreg_v_6_HD45
INFO: [VRFC 10-311] analyzing module div_gen_0_addsubreg_v_8
INFO: [VRFC 10-311] analyzing module div_gen_0_addsubreg_v_8_HD248
INFO: [VRFC 10-311] analyzing module div_gen_0_addsubreg_v_8_HD54
INFO: [VRFC 10-311] analyzing module div_gen_0_addsubreg_v_HD10
INFO: [VRFC 10-311] analyzing module div_gen_0_addsubreg_v_HD204
INFO: [VRFC 10-311] analyzing module div_gen_0_bip_sdivider_synth
INFO: [VRFC 10-311] analyzing module div_gen_0_bip_sdivider_synth_HD202
INFO: [VRFC 10-311] analyzing module div_gen_0_bip_sdivider_synth_HD8
INFO: [VRFC 10-311] analyzing module div_gen_0_c_addsub_lut6
INFO: [VRFC 10-311] analyzing module div_gen_0_c_addsub_lut6_102
INFO: [VRFC 10-311] analyzing module div_gen_0_c_addsub_lut6_102_HD268
INFO: [VRFC 10-311] analyzing module div_gen_0_c_addsub_lut6_102_HD74
INFO: [VRFC 10-311] analyzing module div_gen_0_c_addsub_lut6_107
INFO: [VRFC 10-311] analyzing module div_gen_0_c_addsub_lut6_107_HD259
INFO: [VRFC 10-311] analyzing module div_gen_0_c_addsub_lut6_107_HD65
INFO: [VRFC 10-311] analyzing module div_gen_0_c_addsub_lut6_112
INFO: [VRFC 10-311] analyzing module div_gen_0_c_addsub_lut6_112_HD250
INFO: [VRFC 10-311] analyzing module div_gen_0_c_addsub_lut6_112_HD56
INFO: [VRFC 10-311] analyzing module div_gen_0_c_addsub_lut6_117
INFO: [VRFC 10-311] analyzing module div_gen_0_c_addsub_lut6_117_HD241
INFO: [VRFC 10-311] analyzing module div_gen_0_c_addsub_lut6_117_HD47
INFO: [VRFC 10-311] analyzing module div_gen_0_c_addsub_lut6_122
INFO: [VRFC 10-311] analyzing module div_gen_0_c_addsub_lut6_122_HD232
INFO: [VRFC 10-311] analyzing module div_gen_0_c_addsub_lut6_122_HD38
INFO: [VRFC 10-311] analyzing module div_gen_0_c_addsub_lut6_127
INFO: [VRFC 10-311] analyzing module div_gen_0_c_addsub_lut6_127_HD223
INFO: [VRFC 10-311] analyzing module div_gen_0_c_addsub_lut6_127_HD29
INFO: [VRFC 10-311] analyzing module div_gen_0_c_addsub_lut6_132
INFO: [VRFC 10-311] analyzing module div_gen_0_c_addsub_lut6_132_HD20
INFO: [VRFC 10-311] analyzing module div_gen_0_c_addsub_lut6_132_HD214
INFO: [VRFC 10-311] analyzing module div_gen_0_c_addsub_lut6_137
INFO: [VRFC 10-311] analyzing module div_gen_0_c_addsub_lut6_137_HD12
INFO: [VRFC 10-311] analyzing module div_gen_0_c_addsub_lut6_137_HD206
INFO: [VRFC 10-311] analyzing module div_gen_0_c_addsub_lut6_47
INFO: [VRFC 10-311] analyzing module div_gen_0_c_addsub_lut6_47_HD173
INFO: [VRFC 10-311] analyzing module div_gen_0_c_addsub_lut6_47_HD367
INFO: [VRFC 10-311] analyzing module div_gen_0_c_addsub_lut6_52
INFO: [VRFC 10-311] analyzing module div_gen_0_c_addsub_lut6_52_HD164
INFO: [VRFC 10-311] analyzing module div_gen_0_c_addsub_lut6_52_HD358
INFO: [VRFC 10-311] analyzing module div_gen_0_c_addsub_lut6_57
INFO: [VRFC 10-311] analyzing module div_gen_0_c_addsub_lut6_57_HD155
INFO: [VRFC 10-311] analyzing module div_gen_0_c_addsub_lut6_57_HD349
INFO: [VRFC 10-311] analyzing module div_gen_0_c_addsub_lut6_62
INFO: [VRFC 10-311] analyzing module div_gen_0_c_addsub_lut6_62_HD146
INFO: [VRFC 10-311] analyzing module div_gen_0_c_addsub_lut6_62_HD340
INFO: [VRFC 10-311] analyzing module div_gen_0_c_addsub_lut6_67
INFO: [VRFC 10-311] analyzing module div_gen_0_c_addsub_lut6_67_HD137
INFO: [VRFC 10-311] analyzing module div_gen_0_c_addsub_lut6_67_HD331
INFO: [VRFC 10-311] analyzing module div_gen_0_c_addsub_lut6_72
INFO: [VRFC 10-311] analyzing module div_gen_0_c_addsub_lut6_72_HD128
INFO: [VRFC 10-311] analyzing module div_gen_0_c_addsub_lut6_72_HD322
INFO: [VRFC 10-311] analyzing module div_gen_0_c_addsub_lut6_77
INFO: [VRFC 10-311] analyzing module div_gen_0_c_addsub_lut6_77_HD119
INFO: [VRFC 10-311] analyzing module div_gen_0_c_addsub_lut6_77_HD313
INFO: [VRFC 10-311] analyzing module div_gen_0_c_addsub_lut6_82
INFO: [VRFC 10-311] analyzing module div_gen_0_c_addsub_lut6_82_HD110
INFO: [VRFC 10-311] analyzing module div_gen_0_c_addsub_lut6_82_HD304
INFO: [VRFC 10-311] analyzing module div_gen_0_c_addsub_lut6_87
INFO: [VRFC 10-311] analyzing module div_gen_0_c_addsub_lut6_87_HD101
INFO: [VRFC 10-311] analyzing module div_gen_0_c_addsub_lut6_87_HD295
INFO: [VRFC 10-311] analyzing module div_gen_0_c_addsub_lut6_92
INFO: [VRFC 10-311] analyzing module div_gen_0_c_addsub_lut6_92_HD286
INFO: [VRFC 10-311] analyzing module div_gen_0_c_addsub_lut6_92_HD92
INFO: [VRFC 10-311] analyzing module div_gen_0_c_addsub_lut6_97
INFO: [VRFC 10-311] analyzing module div_gen_0_c_addsub_lut6_97_HD277
INFO: [VRFC 10-311] analyzing module div_gen_0_c_addsub_lut6_97_HD83
INFO: [VRFC 10-311] analyzing module div_gen_0_c_addsub_lut6_HD182
INFO: [VRFC 10-311] analyzing module div_gen_0_c_addsub_lut6_HD376
INFO: [VRFC 10-311] analyzing module div_gen_0_c_addsub_viv
INFO: [VRFC 10-311] analyzing module div_gen_0_c_addsub_viv_101
INFO: [VRFC 10-311] analyzing module div_gen_0_c_addsub_viv_101_HD267
INFO: [VRFC 10-311] analyzing module div_gen_0_c_addsub_viv_101_HD73
INFO: [VRFC 10-311] analyzing module div_gen_0_c_addsub_viv_106
INFO: [VRFC 10-311] analyzing module div_gen_0_c_addsub_viv_106_HD258
INFO: [VRFC 10-311] analyzing module div_gen_0_c_addsub_viv_106_HD64
INFO: [VRFC 10-311] analyzing module div_gen_0_c_addsub_viv_111
INFO: [VRFC 10-311] analyzing module div_gen_0_c_addsub_viv_111_HD249
INFO: [VRFC 10-311] analyzing module div_gen_0_c_addsub_viv_111_HD55
INFO: [VRFC 10-311] analyzing module div_gen_0_c_addsub_viv_116
INFO: [VRFC 10-311] analyzing module div_gen_0_c_addsub_viv_116_HD240
INFO: [VRFC 10-311] analyzing module div_gen_0_c_addsub_viv_116_HD46
INFO: [VRFC 10-311] analyzing module div_gen_0_c_addsub_viv_121
INFO: [VRFC 10-311] analyzing module div_gen_0_c_addsub_viv_121_HD231
INFO: [VRFC 10-311] analyzing module div_gen_0_c_addsub_viv_121_HD37
INFO: [VRFC 10-311] analyzing module div_gen_0_c_addsub_viv_126
INFO: [VRFC 10-311] analyzing module div_gen_0_c_addsub_viv_126_HD222
INFO: [VRFC 10-311] analyzing module div_gen_0_c_addsub_viv_126_HD28
INFO: [VRFC 10-311] analyzing module div_gen_0_c_addsub_viv_131
INFO: [VRFC 10-311] analyzing module div_gen_0_c_addsub_viv_131_HD19
INFO: [VRFC 10-311] analyzing module div_gen_0_c_addsub_viv_131_HD213
INFO: [VRFC 10-311] analyzing module div_gen_0_c_addsub_viv_136
INFO: [VRFC 10-311] analyzing module div_gen_0_c_addsub_viv_136_HD11
INFO: [VRFC 10-311] analyzing module div_gen_0_c_addsub_viv_136_HD205
INFO: [VRFC 10-311] analyzing module div_gen_0_c_addsub_viv_46
INFO: [VRFC 10-311] analyzing module div_gen_0_c_addsub_viv_46_HD172
INFO: [VRFC 10-311] analyzing module div_gen_0_c_addsub_viv_46_HD366
INFO: [VRFC 10-311] analyzing module div_gen_0_c_addsub_viv_51
INFO: [VRFC 10-311] analyzing module div_gen_0_c_addsub_viv_51_HD163
INFO: [VRFC 10-311] analyzing module div_gen_0_c_addsub_viv_51_HD357
INFO: [VRFC 10-311] analyzing module div_gen_0_c_addsub_viv_56
INFO: [VRFC 10-311] analyzing module div_gen_0_c_addsub_viv_56_HD154
INFO: [VRFC 10-311] analyzing module div_gen_0_c_addsub_viv_56_HD348
INFO: [VRFC 10-311] analyzing module div_gen_0_c_addsub_viv_61
INFO: [VRFC 10-311] analyzing module div_gen_0_c_addsub_viv_61_HD145
INFO: [VRFC 10-311] analyzing module div_gen_0_c_addsub_viv_61_HD339
INFO: [VRFC 10-311] analyzing module div_gen_0_c_addsub_viv_66
INFO: [VRFC 10-311] analyzing module div_gen_0_c_addsub_viv_66_HD136
INFO: [VRFC 10-311] analyzing module div_gen_0_c_addsub_viv_66_HD330
INFO: [VRFC 10-311] analyzing module div_gen_0_c_addsub_viv_71
INFO: [VRFC 10-311] analyzing module div_gen_0_c_addsub_viv_71_HD127
INFO: [VRFC 10-311] analyzing module div_gen_0_c_addsub_viv_71_HD321
INFO: [VRFC 10-311] analyzing module div_gen_0_c_addsub_viv_76
INFO: [VRFC 10-311] analyzing module div_gen_0_c_addsub_viv_76_HD118
INFO: [VRFC 10-311] analyzing module div_gen_0_c_addsub_viv_76_HD312
INFO: [VRFC 10-311] analyzing module div_gen_0_c_addsub_viv_81
INFO: [VRFC 10-311] analyzing module div_gen_0_c_addsub_viv_81_HD109
INFO: [VRFC 10-311] analyzing module div_gen_0_c_addsub_viv_81_HD303
INFO: [VRFC 10-311] analyzing module div_gen_0_c_addsub_viv_86
INFO: [VRFC 10-311] analyzing module div_gen_0_c_addsub_viv_86_HD100
INFO: [VRFC 10-311] analyzing module div_gen_0_c_addsub_viv_86_HD294
INFO: [VRFC 10-311] analyzing module div_gen_0_c_addsub_viv_91
INFO: [VRFC 10-311] analyzing module div_gen_0_c_addsub_viv_91_HD285
INFO: [VRFC 10-311] analyzing module div_gen_0_c_addsub_viv_91_HD91
INFO: [VRFC 10-311] analyzing module div_gen_0_c_addsub_viv_96
INFO: [VRFC 10-311] analyzing module div_gen_0_c_addsub_viv_96_HD276
INFO: [VRFC 10-311] analyzing module div_gen_0_c_addsub_viv_96_HD82
INFO: [VRFC 10-311] analyzing module div_gen_0_c_addsub_viv_HD181
INFO: [VRFC 10-311] analyzing module div_gen_0_c_addsub_viv_HD375
INFO: [VRFC 10-311] analyzing module div_gen_0_div_gen_synth
INFO: [VRFC 10-311] analyzing module div_gen_0_div_gen_synth_HD201
INFO: [VRFC 10-311] analyzing module div_gen_0_div_gen_synth_HD7
INFO: [VRFC 10-311] analyzing module div_gen_0_div_gen_v5_1_18
INFO: [VRFC 10-311] analyzing module div_gen_0_div_gen_v5_1_18_HD198
INFO: [VRFC 10-311] analyzing module div_gen_0_div_gen_v5_1_18_HD4
INFO: [VRFC 10-311] analyzing module div_gen_0_div_gen_v5_1_18_viv
INFO: [VRFC 10-311] analyzing module div_gen_0_div_gen_v5_1_18_viv_HD199
INFO: [VRFC 10-311] analyzing module div_gen_0_div_gen_v5_1_18_viv_HD5
INFO: [VRFC 10-311] analyzing module div_gen_0_dividervdc_v
INFO: [VRFC 10-311] analyzing module div_gen_0_dividervdc_v_HD203
INFO: [VRFC 10-311] analyzing module div_gen_0_dividervdc_v_HD9
INFO: [VRFC 10-311] analyzing module div_gen_0_xbip_pipe_v3_0_6_viv__parameterized1
INFO: [VRFC 10-311] analyzing module div_gen_0_xbip_pipe_v3_0_6_viv__parameterized13
INFO: [VRFC 10-311] analyzing module div_gen_0_xbip_pipe_v3_0_6_viv__parameterized13_HD124
INFO: [VRFC 10-311] analyzing module div_gen_0_xbip_pipe_v3_0_6_viv__parameterized13_HD318
INFO: [VRFC 10-311] analyzing module div_gen_0_xbip_pipe_v3_0_6_viv__parameterized17
INFO: [VRFC 10-311] analyzing module div_gen_0_xbip_pipe_v3_0_6_viv__parameterized17_HD133
INFO: [VRFC 10-311] analyzing module div_gen_0_xbip_pipe_v3_0_6_viv__parameterized17_HD327
INFO: [VRFC 10-311] analyzing module div_gen_0_xbip_pipe_v3_0_6_viv__parameterized1_39
INFO: [VRFC 10-311] analyzing module div_gen_0_xbip_pipe_v3_0_6_viv__parameterized1_39_HD190
INFO: [VRFC 10-311] analyzing module div_gen_0_xbip_pipe_v3_0_6_viv__parameterized1_39_HD384
INFO: [VRFC 10-311] analyzing module div_gen_0_xbip_pipe_v3_0_6_viv__parameterized1_HD17
INFO: [VRFC 10-311] analyzing module div_gen_0_xbip_pipe_v3_0_6_viv__parameterized1_HD211
INFO: [VRFC 10-311] analyzing module div_gen_0_xbip_pipe_v3_0_6_viv__parameterized21
INFO: [VRFC 10-311] analyzing module div_gen_0_xbip_pipe_v3_0_6_viv__parameterized21_HD142
INFO: [VRFC 10-311] analyzing module div_gen_0_xbip_pipe_v3_0_6_viv__parameterized21_HD336
INFO: [VRFC 10-311] analyzing module div_gen_0_xbip_pipe_v3_0_6_viv__parameterized25
INFO: [VRFC 10-311] analyzing module div_gen_0_xbip_pipe_v3_0_6_viv__parameterized25_HD151
INFO: [VRFC 10-311] analyzing module div_gen_0_xbip_pipe_v3_0_6_viv__parameterized25_HD345
INFO: [VRFC 10-311] analyzing module div_gen_0_xbip_pipe_v3_0_6_viv__parameterized29
INFO: [VRFC 10-311] analyzing module div_gen_0_xbip_pipe_v3_0_6_viv__parameterized29_HD160
INFO: [VRFC 10-311] analyzing module div_gen_0_xbip_pipe_v3_0_6_viv__parameterized29_HD354
INFO: [VRFC 10-311] analyzing module div_gen_0_xbip_pipe_v3_0_6_viv__parameterized3
INFO: [VRFC 10-311] analyzing module div_gen_0_xbip_pipe_v3_0_6_viv__parameterized33
INFO: [VRFC 10-311] analyzing module div_gen_0_xbip_pipe_v3_0_6_viv__parameterized33_HD169
INFO: [VRFC 10-311] analyzing module div_gen_0_xbip_pipe_v3_0_6_viv__parameterized33_HD363
INFO: [VRFC 10-311] analyzing module div_gen_0_xbip_pipe_v3_0_6_viv__parameterized37
INFO: [VRFC 10-311] analyzing module div_gen_0_xbip_pipe_v3_0_6_viv__parameterized37_HD178
INFO: [VRFC 10-311] analyzing module div_gen_0_xbip_pipe_v3_0_6_viv__parameterized37_HD372
INFO: [VRFC 10-311] analyzing module div_gen_0_xbip_pipe_v3_0_6_viv__parameterized3_1
INFO: [VRFC 10-311] analyzing module div_gen_0_xbip_pipe_v3_0_6_viv__parameterized3_11
INFO: [VRFC 10-311] analyzing module div_gen_0_xbip_pipe_v3_0_6_viv__parameterized3_11_HD263
INFO: [VRFC 10-311] analyzing module div_gen_0_xbip_pipe_v3_0_6_viv__parameterized3_11_HD69
INFO: [VRFC 10-311] analyzing module div_gen_0_xbip_pipe_v3_0_6_viv__parameterized3_13
INFO: [VRFC 10-311] analyzing module div_gen_0_xbip_pipe_v3_0_6_viv__parameterized3_13_HD272
INFO: [VRFC 10-311] analyzing module div_gen_0_xbip_pipe_v3_0_6_viv__parameterized3_13_HD78
INFO: [VRFC 10-311] analyzing module div_gen_0_xbip_pipe_v3_0_6_viv__parameterized3_15
INFO: [VRFC 10-311] analyzing module div_gen_0_xbip_pipe_v3_0_6_viv__parameterized3_15_HD281
INFO: [VRFC 10-311] analyzing module div_gen_0_xbip_pipe_v3_0_6_viv__parameterized3_15_HD87
INFO: [VRFC 10-311] analyzing module div_gen_0_xbip_pipe_v3_0_6_viv__parameterized3_17
INFO: [VRFC 10-311] analyzing module div_gen_0_xbip_pipe_v3_0_6_viv__parameterized3_17_HD290
INFO: [VRFC 10-311] analyzing module div_gen_0_xbip_pipe_v3_0_6_viv__parameterized3_17_HD96
INFO: [VRFC 10-311] analyzing module div_gen_0_xbip_pipe_v3_0_6_viv__parameterized3_19
INFO: [VRFC 10-311] analyzing module div_gen_0_xbip_pipe_v3_0_6_viv__parameterized3_19_HD105
INFO: [VRFC 10-311] analyzing module div_gen_0_xbip_pipe_v3_0_6_viv__parameterized3_19_HD299
INFO: [VRFC 10-311] analyzing module div_gen_0_xbip_pipe_v3_0_6_viv__parameterized3_1_HD218
INFO: [VRFC 10-311] analyzing module div_gen_0_xbip_pipe_v3_0_6_viv__parameterized3_1_HD24
INFO: [VRFC 10-311] analyzing module div_gen_0_xbip_pipe_v3_0_6_viv__parameterized3_21
INFO: [VRFC 10-311] analyzing module div_gen_0_xbip_pipe_v3_0_6_viv__parameterized3_21_HD114
INFO: [VRFC 10-311] analyzing module div_gen_0_xbip_pipe_v3_0_6_viv__parameterized3_21_HD308
INFO: [VRFC 10-311] analyzing module div_gen_0_xbip_pipe_v3_0_6_viv__parameterized3_23
INFO: [VRFC 10-311] analyzing module div_gen_0_xbip_pipe_v3_0_6_viv__parameterized3_23_HD123
INFO: [VRFC 10-311] analyzing module div_gen_0_xbip_pipe_v3_0_6_viv__parameterized3_23_HD317
INFO: [VRFC 10-311] analyzing module div_gen_0_xbip_pipe_v3_0_6_viv__parameterized3_25
INFO: [VRFC 10-311] analyzing module div_gen_0_xbip_pipe_v3_0_6_viv__parameterized3_25_HD132
INFO: [VRFC 10-311] analyzing module div_gen_0_xbip_pipe_v3_0_6_viv__parameterized3_25_HD326
INFO: [VRFC 10-311] analyzing module div_gen_0_xbip_pipe_v3_0_6_viv__parameterized3_27
INFO: [VRFC 10-311] analyzing module div_gen_0_xbip_pipe_v3_0_6_viv__parameterized3_27_HD141
INFO: [VRFC 10-311] analyzing module div_gen_0_xbip_pipe_v3_0_6_viv__parameterized3_27_HD335
INFO: [VRFC 10-311] analyzing module div_gen_0_xbip_pipe_v3_0_6_viv__parameterized3_29
INFO: [VRFC 10-311] analyzing module div_gen_0_xbip_pipe_v3_0_6_viv__parameterized3_29_HD150
INFO: [VRFC 10-311] analyzing module div_gen_0_xbip_pipe_v3_0_6_viv__parameterized3_29_HD344
INFO: [VRFC 10-311] analyzing module div_gen_0_xbip_pipe_v3_0_6_viv__parameterized3_3
INFO: [VRFC 10-311] analyzing module div_gen_0_xbip_pipe_v3_0_6_viv__parameterized3_31
INFO: [VRFC 10-311] analyzing module div_gen_0_xbip_pipe_v3_0_6_viv__parameterized3_31_HD159
INFO: [VRFC 10-311] analyzing module div_gen_0_xbip_pipe_v3_0_6_viv__parameterized3_31_HD353
INFO: [VRFC 10-311] analyzing module div_gen_0_xbip_pipe_v3_0_6_viv__parameterized3_33
INFO: [VRFC 10-311] analyzing module div_gen_0_xbip_pipe_v3_0_6_viv__parameterized3_33_HD168
INFO: [VRFC 10-311] analyzing module div_gen_0_xbip_pipe_v3_0_6_viv__parameterized3_33_HD362
INFO: [VRFC 10-311] analyzing module div_gen_0_xbip_pipe_v3_0_6_viv__parameterized3_35
INFO: [VRFC 10-311] analyzing module div_gen_0_xbip_pipe_v3_0_6_viv__parameterized3_35_HD177
INFO: [VRFC 10-311] analyzing module div_gen_0_xbip_pipe_v3_0_6_viv__parameterized3_35_HD371
INFO: [VRFC 10-311] analyzing module div_gen_0_xbip_pipe_v3_0_6_viv__parameterized3_37
INFO: [VRFC 10-311] analyzing module div_gen_0_xbip_pipe_v3_0_6_viv__parameterized3_37_HD186
INFO: [VRFC 10-311] analyzing module div_gen_0_xbip_pipe_v3_0_6_viv__parameterized3_37_HD380
INFO: [VRFC 10-311] analyzing module div_gen_0_xbip_pipe_v3_0_6_viv__parameterized3_3_HD227
INFO: [VRFC 10-311] analyzing module div_gen_0_xbip_pipe_v3_0_6_viv__parameterized3_3_HD33
INFO: [VRFC 10-311] analyzing module div_gen_0_xbip_pipe_v3_0_6_viv__parameterized3_5
INFO: [VRFC 10-311] analyzing module div_gen_0_xbip_pipe_v3_0_6_viv__parameterized3_5_HD236
INFO: [VRFC 10-311] analyzing module div_gen_0_xbip_pipe_v3_0_6_viv__parameterized3_5_HD42
INFO: [VRFC 10-311] analyzing module div_gen_0_xbip_pipe_v3_0_6_viv__parameterized3_7
INFO: [VRFC 10-311] analyzing module div_gen_0_xbip_pipe_v3_0_6_viv__parameterized3_7_HD245
INFO: [VRFC 10-311] analyzing module div_gen_0_xbip_pipe_v3_0_6_viv__parameterized3_7_HD51
INFO: [VRFC 10-311] analyzing module div_gen_0_xbip_pipe_v3_0_6_viv__parameterized3_9
INFO: [VRFC 10-311] analyzing module div_gen_0_xbip_pipe_v3_0_6_viv__parameterized3_9_HD254
INFO: [VRFC 10-311] analyzing module div_gen_0_xbip_pipe_v3_0_6_viv__parameterized3_9_HD60
INFO: [VRFC 10-311] analyzing module div_gen_0_xbip_pipe_v3_0_6_viv__parameterized3_HD16
INFO: [VRFC 10-311] analyzing module div_gen_0_xbip_pipe_v3_0_6_viv__parameterized3_HD210
INFO: [VRFC 10-311] analyzing module div_gen_0_xbip_pipe_v3_0_6_viv__parameterized41
INFO: [VRFC 10-311] analyzing module div_gen_0_xbip_pipe_v3_0_6_viv__parameterized41_HD187
INFO: [VRFC 10-311] analyzing module div_gen_0_xbip_pipe_v3_0_6_viv__parameterized41_HD381
INFO: [VRFC 10-311] analyzing module div_gen_0_xbip_pipe_v3_0_6_viv__parameterized45
INFO: [VRFC 10-311] analyzing module div_gen_0_xbip_pipe_v3_0_6_viv__parameterized45_HD219
INFO: [VRFC 10-311] analyzing module div_gen_0_xbip_pipe_v3_0_6_viv__parameterized45_HD25
INFO: [VRFC 10-311] analyzing module div_gen_0_xbip_pipe_v3_0_6_viv__parameterized49
INFO: [VRFC 10-311] analyzing module div_gen_0_xbip_pipe_v3_0_6_viv__parameterized49_HD228
INFO: [VRFC 10-311] analyzing module div_gen_0_xbip_pipe_v3_0_6_viv__parameterized49_HD34
INFO: [VRFC 10-311] analyzing module div_gen_0_xbip_pipe_v3_0_6_viv__parameterized5
INFO: [VRFC 10-311] analyzing module div_gen_0_xbip_pipe_v3_0_6_viv__parameterized53
INFO: [VRFC 10-311] analyzing module div_gen_0_xbip_pipe_v3_0_6_viv__parameterized53_HD237
INFO: [VRFC 10-311] analyzing module div_gen_0_xbip_pipe_v3_0_6_viv__parameterized53_HD43
INFO: [VRFC 10-311] analyzing module div_gen_0_xbip_pipe_v3_0_6_viv__parameterized57
INFO: [VRFC 10-311] analyzing module div_gen_0_xbip_pipe_v3_0_6_viv__parameterized57_HD246
INFO: [VRFC 10-311] analyzing module div_gen_0_xbip_pipe_v3_0_6_viv__parameterized57_HD52
INFO: [VRFC 10-311] analyzing module div_gen_0_xbip_pipe_v3_0_6_viv__parameterized5_HD106
INFO: [VRFC 10-311] analyzing module div_gen_0_xbip_pipe_v3_0_6_viv__parameterized5_HD300
INFO: [VRFC 10-311] analyzing module div_gen_0_xbip_pipe_v3_0_6_viv__parameterized60
INFO: [VRFC 10-311] analyzing module div_gen_0_xbip_pipe_v3_0_6_viv__parameterized60_HD255
INFO: [VRFC 10-311] analyzing module div_gen_0_xbip_pipe_v3_0_6_viv__parameterized60_HD61
INFO: [VRFC 10-311] analyzing module div_gen_0_xbip_pipe_v3_0_6_viv__parameterized62
INFO: [VRFC 10-311] analyzing module div_gen_0_xbip_pipe_v3_0_6_viv__parameterized62_HD256
INFO: [VRFC 10-311] analyzing module div_gen_0_xbip_pipe_v3_0_6_viv__parameterized62_HD62
INFO: [VRFC 10-311] analyzing module div_gen_0_xbip_pipe_v3_0_6_viv__parameterized64
INFO: [VRFC 10-311] analyzing module div_gen_0_xbip_pipe_v3_0_6_viv__parameterized64_HD264
INFO: [VRFC 10-311] analyzing module div_gen_0_xbip_pipe_v3_0_6_viv__parameterized64_HD70
INFO: [VRFC 10-311] analyzing module div_gen_0_xbip_pipe_v3_0_6_viv__parameterized66
INFO: [VRFC 10-311] analyzing module div_gen_0_xbip_pipe_v3_0_6_viv__parameterized66_HD265
INFO: [VRFC 10-311] analyzing module div_gen_0_xbip_pipe_v3_0_6_viv__parameterized66_HD71
INFO: [VRFC 10-311] analyzing module div_gen_0_xbip_pipe_v3_0_6_viv__parameterized68
INFO: [VRFC 10-311] analyzing module div_gen_0_xbip_pipe_v3_0_6_viv__parameterized68_HD273
INFO: [VRFC 10-311] analyzing module div_gen_0_xbip_pipe_v3_0_6_viv__parameterized68_HD79
INFO: [VRFC 10-311] analyzing module div_gen_0_xbip_pipe_v3_0_6_viv__parameterized7
INFO: [VRFC 10-311] analyzing module div_gen_0_xbip_pipe_v3_0_6_viv__parameterized70
INFO: [VRFC 10-311] analyzing module div_gen_0_xbip_pipe_v3_0_6_viv__parameterized70_HD274
INFO: [VRFC 10-311] analyzing module div_gen_0_xbip_pipe_v3_0_6_viv__parameterized70_HD80
INFO: [VRFC 10-311] analyzing module div_gen_0_xbip_pipe_v3_0_6_viv__parameterized72
INFO: [VRFC 10-311] analyzing module div_gen_0_xbip_pipe_v3_0_6_viv__parameterized72_HD282
INFO: [VRFC 10-311] analyzing module div_gen_0_xbip_pipe_v3_0_6_viv__parameterized72_HD88
INFO: [VRFC 10-311] analyzing module div_gen_0_xbip_pipe_v3_0_6_viv__parameterized74
INFO: [VRFC 10-311] analyzing module div_gen_0_xbip_pipe_v3_0_6_viv__parameterized74_HD283
INFO: [VRFC 10-311] analyzing module div_gen_0_xbip_pipe_v3_0_6_viv__parameterized74_HD89
INFO: [VRFC 10-311] analyzing module div_gen_0_xbip_pipe_v3_0_6_viv__parameterized76
INFO: [VRFC 10-311] analyzing module div_gen_0_xbip_pipe_v3_0_6_viv__parameterized76_HD291
INFO: [VRFC 10-311] analyzing module div_gen_0_xbip_pipe_v3_0_6_viv__parameterized76_HD97
INFO: [VRFC 10-311] analyzing module div_gen_0_xbip_pipe_v3_0_6_viv__parameterized78
INFO: [VRFC 10-311] analyzing module div_gen_0_xbip_pipe_v3_0_6_viv__parameterized78_HD292
INFO: [VRFC 10-311] analyzing module div_gen_0_xbip_pipe_v3_0_6_viv__parameterized78_HD98
INFO: [VRFC 10-311] analyzing module div_gen_0_xbip_pipe_v3_0_6_viv__parameterized7_104
INFO: [VRFC 10-311] analyzing module div_gen_0_xbip_pipe_v3_0_6_viv__parameterized7_104_HD270
INFO: [VRFC 10-311] analyzing module div_gen_0_xbip_pipe_v3_0_6_viv__parameterized7_104_HD76
INFO: [VRFC 10-311] analyzing module div_gen_0_xbip_pipe_v3_0_6_viv__parameterized7_109
INFO: [VRFC 10-311] analyzing module div_gen_0_xbip_pipe_v3_0_6_viv__parameterized7_109_HD261
INFO: [VRFC 10-311] analyzing module div_gen_0_xbip_pipe_v3_0_6_viv__parameterized7_109_HD67
INFO: [VRFC 10-311] analyzing module div_gen_0_xbip_pipe_v3_0_6_viv__parameterized7_114
INFO: [VRFC 10-311] analyzing module div_gen_0_xbip_pipe_v3_0_6_viv__parameterized7_114_HD252
INFO: [VRFC 10-311] analyzing module div_gen_0_xbip_pipe_v3_0_6_viv__parameterized7_114_HD58
INFO: [VRFC 10-311] analyzing module div_gen_0_xbip_pipe_v3_0_6_viv__parameterized7_119
INFO: [VRFC 10-311] analyzing module div_gen_0_xbip_pipe_v3_0_6_viv__parameterized7_119_HD243
INFO: [VRFC 10-311] analyzing module div_gen_0_xbip_pipe_v3_0_6_viv__parameterized7_119_HD49
INFO: [VRFC 10-311] analyzing module div_gen_0_xbip_pipe_v3_0_6_viv__parameterized7_124
INFO: [VRFC 10-311] analyzing module div_gen_0_xbip_pipe_v3_0_6_viv__parameterized7_124_HD234
INFO: [VRFC 10-311] analyzing module div_gen_0_xbip_pipe_v3_0_6_viv__parameterized7_124_HD40
INFO: [VRFC 10-311] analyzing module div_gen_0_xbip_pipe_v3_0_6_viv__parameterized7_129
INFO: [VRFC 10-311] analyzing module div_gen_0_xbip_pipe_v3_0_6_viv__parameterized7_129_HD225
INFO: [VRFC 10-311] analyzing module div_gen_0_xbip_pipe_v3_0_6_viv__parameterized7_129_HD31
INFO: [VRFC 10-311] analyzing module div_gen_0_xbip_pipe_v3_0_6_viv__parameterized7_134
INFO: [VRFC 10-311] analyzing module div_gen_0_xbip_pipe_v3_0_6_viv__parameterized7_134_HD216
INFO: [VRFC 10-311] analyzing module div_gen_0_xbip_pipe_v3_0_6_viv__parameterized7_134_HD22
INFO: [VRFC 10-311] analyzing module div_gen_0_xbip_pipe_v3_0_6_viv__parameterized7_139
INFO: [VRFC 10-311] analyzing module div_gen_0_xbip_pipe_v3_0_6_viv__parameterized7_139_HD14
INFO: [VRFC 10-311] analyzing module div_gen_0_xbip_pipe_v3_0_6_viv__parameterized7_139_HD208
INFO: [VRFC 10-311] analyzing module div_gen_0_xbip_pipe_v3_0_6_viv__parameterized7_44
INFO: [VRFC 10-311] analyzing module div_gen_0_xbip_pipe_v3_0_6_viv__parameterized7_44_HD184
INFO: [VRFC 10-311] analyzing module div_gen_0_xbip_pipe_v3_0_6_viv__parameterized7_44_HD378
INFO: [VRFC 10-311] analyzing module div_gen_0_xbip_pipe_v3_0_6_viv__parameterized7_49
INFO: [VRFC 10-311] analyzing module div_gen_0_xbip_pipe_v3_0_6_viv__parameterized7_49_HD175
INFO: [VRFC 10-311] analyzing module div_gen_0_xbip_pipe_v3_0_6_viv__parameterized7_49_HD369
INFO: [VRFC 10-311] analyzing module div_gen_0_xbip_pipe_v3_0_6_viv__parameterized7_54
INFO: [VRFC 10-311] analyzing module div_gen_0_xbip_pipe_v3_0_6_viv__parameterized7_54_HD166
INFO: [VRFC 10-311] analyzing module div_gen_0_xbip_pipe_v3_0_6_viv__parameterized7_54_HD360
INFO: [VRFC 10-311] analyzing module div_gen_0_xbip_pipe_v3_0_6_viv__parameterized7_59
INFO: [VRFC 10-311] analyzing module div_gen_0_xbip_pipe_v3_0_6_viv__parameterized7_59_HD157
INFO: [VRFC 10-311] analyzing module div_gen_0_xbip_pipe_v3_0_6_viv__parameterized7_59_HD351
INFO: [VRFC 10-311] analyzing module div_gen_0_xbip_pipe_v3_0_6_viv__parameterized7_64
INFO: [VRFC 10-311] analyzing module div_gen_0_xbip_pipe_v3_0_6_viv__parameterized7_64_HD148
INFO: [VRFC 10-311] analyzing module div_gen_0_xbip_pipe_v3_0_6_viv__parameterized7_64_HD342
INFO: [VRFC 10-311] analyzing module div_gen_0_xbip_pipe_v3_0_6_viv__parameterized7_69
INFO: [VRFC 10-311] analyzing module div_gen_0_xbip_pipe_v3_0_6_viv__parameterized7_69_HD139
INFO: [VRFC 10-311] analyzing module div_gen_0_xbip_pipe_v3_0_6_viv__parameterized7_69_HD333
INFO: [VRFC 10-311] analyzing module div_gen_0_xbip_pipe_v3_0_6_viv__parameterized7_74
INFO: [VRFC 10-311] analyzing module div_gen_0_xbip_pipe_v3_0_6_viv__parameterized7_74_HD130
INFO: [VRFC 10-311] analyzing module div_gen_0_xbip_pipe_v3_0_6_viv__parameterized7_74_HD324
INFO: [VRFC 10-311] analyzing module div_gen_0_xbip_pipe_v3_0_6_viv__parameterized7_79
INFO: [VRFC 10-311] analyzing module div_gen_0_xbip_pipe_v3_0_6_viv__parameterized7_79_HD121
INFO: [VRFC 10-311] analyzing module div_gen_0_xbip_pipe_v3_0_6_viv__parameterized7_79_HD315
INFO: [VRFC 10-311] analyzing module div_gen_0_xbip_pipe_v3_0_6_viv__parameterized7_84
INFO: [VRFC 10-311] analyzing module div_gen_0_xbip_pipe_v3_0_6_viv__parameterized7_84_HD112
INFO: [VRFC 10-311] analyzing module div_gen_0_xbip_pipe_v3_0_6_viv__parameterized7_84_HD306
INFO: [VRFC 10-311] analyzing module div_gen_0_xbip_pipe_v3_0_6_viv__parameterized7_89
INFO: [VRFC 10-311] analyzing module div_gen_0_xbip_pipe_v3_0_6_viv__parameterized7_89_HD103
INFO: [VRFC 10-311] analyzing module div_gen_0_xbip_pipe_v3_0_6_viv__parameterized7_89_HD297
INFO: [VRFC 10-311] analyzing module div_gen_0_xbip_pipe_v3_0_6_viv__parameterized7_94
INFO: [VRFC 10-311] analyzing module div_gen_0_xbip_pipe_v3_0_6_viv__parameterized7_94_HD288
INFO: [VRFC 10-311] analyzing module div_gen_0_xbip_pipe_v3_0_6_viv__parameterized7_94_HD94
INFO: [VRFC 10-311] analyzing module div_gen_0_xbip_pipe_v3_0_6_viv__parameterized7_99
INFO: [VRFC 10-311] analyzing module div_gen_0_xbip_pipe_v3_0_6_viv__parameterized7_99_HD279
INFO: [VRFC 10-311] analyzing module div_gen_0_xbip_pipe_v3_0_6_viv__parameterized7_99_HD85
INFO: [VRFC 10-311] analyzing module div_gen_0_xbip_pipe_v3_0_6_viv__parameterized7_HD247
INFO: [VRFC 10-311] analyzing module div_gen_0_xbip_pipe_v3_0_6_viv__parameterized7_HD53
INFO: [VRFC 10-311] analyzing module div_gen_0_xbip_pipe_v3_0_6_viv__parameterized81
INFO: [VRFC 10-311] analyzing module div_gen_0_xbip_pipe_v3_0_6_viv__parameterized81_HD107
INFO: [VRFC 10-311] analyzing module div_gen_0_xbip_pipe_v3_0_6_viv__parameterized81_HD301
INFO: [VRFC 10-311] analyzing module div_gen_0_xbip_pipe_v3_0_6_viv__parameterized9
INFO: [VRFC 10-311] analyzing module div_gen_0_xbip_pipe_v3_0_6_viv__parameterized9_HD115
INFO: [VRFC 10-311] analyzing module div_gen_0_xbip_pipe_v3_0_6_viv__parameterized9_HD309
INFO: [VRFC 10-311] analyzing module glbl
INFO: [VRFC 10-2263] Analyzing Verilog file "D:/fpga project/hdmi_final/hdmi_final.srcs/sim_1/new/final_sim.v" into library xil_defaultlib
INFO: [VRFC 10-311] analyzing module final_sim
INFO: [VRFC 10-2458] undeclared symbol clk_p, assumed default net type wire [D:/fpga project/hdmi_final/hdmi_final.srcs/sim_1/new/final_sim.v:76]
INFO: [VRFC 10-2458] undeclared symbol clk_n, assumed default net type wire [D:/fpga project/hdmi_final/hdmi_final.srcs/sim_1/new/final_sim.v:77]
