#Build: Fabric Compiler 2021.1-SP7.3, Build 94852, May 25 15:09 2022
#Install: D:\pango\PDS_2021.1-SP7.3-ads\bin
#Application name: pds.exe
#OS: Windows 10 10.0.19044
#Hostname: DESKTOP-47517NI
Generated by Fabric Compiler (version 2021.1-SP7.3 build 94852) at Mon Nov  7 21:18:45 2022
ADS Parser
Compiling architecture definition.
Analyzing project file 'D:/hdmi_final/project.pds'.
License checkout: fabric_ads
Compiling verification operator library.
Loading technology operator library.
Compiling technology operator library.
Compiling technology operator (valence) library.
TEXT Parser
Compiling architecture definition.
ADS Parser
I: Flow-6004: Design file modified: "D:/hdmi_final/source/source/hdmi_input.v". 
Compiling architecture definition.
Analyzing project file 'D:/hdmi_final/project.pds'.
License checkout: fabric_ads
Compiling verification operator library.
Loading technology operator library.
Compiling technology operator library.
Compiling technology operator (valence) library.
TEXT Parser
Compiling architecture definition.
ADS Parser
I: Flow-6004: Design file modified: "D:/hdmi_final/source/source/hdmi_input.v". 
Compiling architecture definition.
Analyzing project file 'D:/hdmi_final/project.pds'.
License checkout: fabric_ads
Compiling verification operator library.
Loading technology operator library.
Compiling technology operator library.
Compiling technology operator (valence) library.
E: Verilog-4039: [D:/hdmi_final/source/source/hdmi_input.v(line number: 160)] Identifier cal__clk is not declared
E: Parsing ERROR.
TEXT Parser
Compiling architecture definition.
ADS Parser
I: Flow-6004: Design file modified: "D:/hdmi_final/source/source/hdmi_input.v". 
Compiling architecture definition.
Analyzing project file 'D:/hdmi_final/project.pds'.
License checkout: fabric_ads
Compiling verification operator library.
Loading technology operator library.
Compiling technology operator library.
Compiling technology operator (valence) library.
E: Verilog-4039: [D:/hdmi_final/source/source/hdmi_input.v(line number: 160)] Identifier hdmi_lk is not declared
E: Parsing ERROR.
TEXT Parser
Compiling architecture definition.
ADS Parser
I: Flow-6004: Design file modified: "D:/hdmi_final/source/source/hdmi_input.v". 
Compiling architecture definition.
Analyzing project file 'D:/hdmi_final/project.pds'.
License checkout: fabric_ads
Compiling verification operator library.
Loading technology operator library.
Compiling technology operator library.
Compiling technology operator (valence) library.
E: Verilog-4039: [D:/hdmi_final/source/source/hdmi_input.v(line number: 160)] Identifier hdmi_h is not declared
E: Parsing ERROR.
TEXT Parser
Compiling architecture definition.
ADS Parser
I: Flow-6004: Design file modified: "D:/hdmi_final/source/source/hdmi_input.v". 
Compiling architecture definition.
Analyzing project file 'D:/hdmi_final/project.pds'.
License checkout: fabric_ads
Compiling verification operator library.
Loading technology operator library.
Compiling technology operator library.
Compiling technology operator (valence) library.
TEXT Parser
Compiling architecture definition.
