#Build: Fabric Compiler 2021.1-SP7.3, Build 94852, May 25 15:09 2022
#Install: D:\pango\PDS_2021.1-SP7.3-ads\bin
#Application name: pds.exe
#OS: Windows 10 10.0.19044
#Hostname: DESKTOP-47517NI
Generated by Fabric Compiler (version 2021.1-SP7.3 build 94852) at Sun Nov  6 21:11:15 2022
ADS Parser
Compiling architecture definition.
Analyzing project file 'D:/hdmi_final/project.pds'.
License checkout: fabric_ads
Compiling verification operator library.
Loading technology operator library.
Compiling technology operator library.
Compiling technology operator (valence) library.
TEXT Parser
Compiling architecture definition.
Compiling verification operator library.
Compiling technology operator (valence) library.
Open IP Compiler ...
IP Compiler exited.
Process exit normally.
Compiling verification operator library.
Compiling technology operator (valence) library.
