#Build: Design Editor 2021.1-SP7.3, Build 94852, May 25 15:09 2022
#Install: D:\pango\PDS_2021.1-SP7.3-ads\bin
#Application name: de.exe
#OS: Windows 10 10.0.19044
#Hostname: DESKTOP-47517NI
Generated by Design Editor (version 2021.1-SP7.3 build 94852) at Sun Nov  6 16:51:39 2022
Compiling verification operator library.
Compiling common defs.
Compiling prim grid devices.
Compiling prim grid device symbols.
Compiling gate devices.
Compiling gate operators.
Building architecture model.
Loading device packaging model.
I: Parameter configuration file D:/hdmi_final/testparam.txt cannot open.
Building architecture floorplan logic view.
Building architecture schematic structure.
Building architecture floorplan schematic view.
Loading the wires...
Loading the device ...
timing path CLMA_78_160.CLK -> CLMA_90_196.CE built
timing path CLMA_78_160.CLK -> CLMA_90_196.CE built
timing path CLMA_78_160.CLK -> CLMA_90_196.CE built
timing path CLMA_70_169.CLK -> CLMA_78_164.D4 built
timing path CLMA_70_169.CLK -> CLMA_78_164.B4 built
timing path CLMA_70_169.CLK -> CLMA_78_164.A3 built
timing path CLMA_18_200.CLK -> CLMA_18_204.CIN built
timing path CLMA_18_200.CLK -> CLMA_18_196.CECI built
timing path CLMA_18_200.CLK -> CLMA_18_200 built
timing path CLMA_18_192.CLK -> CLMA_18_192.A0 built
timing path CLMA_18_192.CLK -> CLMA_18_192.B0 built
timing path CLMA_18_192.CLK -> CLMA_18_192.C1 built
timing path CLMA_130_120.CLK -> CLMA_130_120.CE built
timing path CLMA_130_120.CLK -> CLMA_130_120.CE built
timing path CLMA_130_120.CLK -> CLMA_130_120.CE built
timing path CLMA_130_120.CLK -> CLMA_130_120.A4 built
timing path CLMA_130_120.CLK -> CLMA_130_120.D4 built
timing path CLMA_130_120.CLK -> CLMA_130_120.C4 built
timing path CLMS_54_293.CLK -> CLMA_30_300.C0 built
timing path CLMS_54_293.CLK -> CLMA_90_297.D4 built
timing path CLMS_54_293.CLK -> CLMA_70_284.D4 built
timing path CLMA_118_325.CLK -> CLMS_114_333.C4 built
timing path CLMA_114_324.CLK -> CLMA_114_328.B4 built
timing path CLMA_138_325.CLK -> CLMA_134_324.A4 built
timing path CLMS_78_277.CLK -> CLMA_66_252.CE built
timing path CLMS_78_277.CLK -> CLMA_66_252.CE built
timing path CLMS_78_277.CLK -> CLMA_66_252.CE built
timing path CLMA_126_204.CLK -> CLMS_126_205.AD built
timing path CLMA_50_124.CLK -> CLMA_42_108.M3 built
timing path CLMA_70_268.CLK -> CLMA_70_265.M3 built
timing path CLMS_46_97.CLK -> CLMS_46_105.CE built
timing path CLMA_126_240.CLK -> CLMS_126_221.CE built
timing path CLMS_46_97.CLK -> CLMA_54_104.CECI built
timing path CLMA_66_268.CLK -> CLMA_66_252.D4 built
timing path CLMA_118_77.CLK -> CLMA_118_64.C1 built
timing path CLMA_126_240.CLK -> CLMA_118_221.A4 built
timing path CLMA_30_4.CLK -> CLMA_42_100.CE built
timing path CLMA_138_304.CLK -> CLMA_82_284.CE built
timing path CLMA_138_304.CLK -> CLMA_82_284.CE built
timing path CLMA_142_244.CLK -> CLMA_146_249.B2 built
timing path CLMA_142_244.CLK -> CLMA_146_249.A2 built
timing path CLMS_142_245.CLK -> CLMA_142_244.D4 built
timing path CLMS_126_225.CLK -> CLMA_126_236.CE built
timing path CLMS_126_225.CLK -> CLMA_126_236.CE built
timing path CLMS_126_225.CLK -> CLMS_126_245.CECI built
timing path CLMS_126_225.CLK -> CLMA_126_240.A4 built
timing path CLMS_66_281.CLK -> CLMS_78_281.CE built
timing path CLMS_66_281.CLK -> CLMA_82_284.D4 built
timing path CLMA_78_160.CLK -> CLMA_90_196.CE built
timing path CLMA_78_160.CLK -> CLMA_90_196.CE built
timing path CLMA_78_160.CLK -> CLMA_90_196.CE built
timing path CLMA_82_164.CLK -> CLMA_78_164.A1 built
timing path CLMA_78_168.CLK -> CLMA_78_164.B3 built
timing path CLMA_82_164.CLK -> CLMA_78_164.D3 built
timing path CLMA_18_200.CLK -> CLMA_18_204.CIN built
timing path CLMA_18_200.CLK -> CLMA_18_196.CECI built
timing path CLMA_18_200.CLK -> CLMA_18_192.CE built
timing path CLMA_18_192.CLK -> CLMA_18_192.A0 built
timing path CLMA_18_192.CLK -> CLMA_18_192.B0 built
timing path CLMA_18_192.CLK -> CLMA_18_192.B1 built
timing path CLMA_130_120.CLK -> CLMA_130_120.CE built
timing path CLMA_130_120.CLK -> CLMA_130_120.CE built
timing path CLMA_130_120.CLK -> CLMA_130_120.CE built
timing path CLMA_130_120.CLK -> CLMA_130_120.A4 built
timing path CLMA_130_120.CLK -> CLMA_130_120.D4 built
timing path CLMA_130_120.CLK -> CLMA_130_120.C4 built
timing path CLMS_54_293.CLK -> CLMA_90_297.D4 built
timing path CLMS_54_293.CLK -> CLMA_30_300.C0 built
timing path CLMA_22_193.CLK -> CLMS_134_277.RS built
timing path CLMA_118_325.CLK -> CLMS_114_333.C4 built
timing path CLMA_90_329.CLK -> CLMA_90_345.D0 built
timing path CLMA_118_336.CLK -> CLMA_118_353.C0 built
timing path CLMS_78_277.CLK -> CLMA_66_252.CE built
timing path CLMS_78_277.CLK -> CLMA_66_252.CE built
timing path CLMS_78_277.CLK -> CLMA_66_252.CE built
timing path CLMA_126_204.CLK -> CLMS_126_205.AD built
timing path CLMA_70_268.CLK -> CLMA_70_265.M3 built
timing path CLMA_50_124.CLK -> CLMA_42_108.M3 built
timing path CLMS_46_97.CLK -> CLMS_46_105.CE built
timing path CLMA_126_240.CLK -> CLMS_126_221.CE built
timing path CLMA_126_240.CLK -> CLMA_118_225.CECI built
timing path CLMA_118_77.CLK -> CLMA_118_64.C1 built
timing path CLMA_66_268.CLK -> CLMA_66_252.D4 built
timing path CLMA_126_240.CLK -> CLMA_118_221.A4 built
timing path CLMA_30_4.CLK -> CLMA_42_100.CE built
timing path CLMA_138_304.CLK -> CLMA_82_284.CE built
timing path CLMA_138_304.CLK -> CLMA_82_284.CE built
timing path CLMA_142_244.CLK -> CLMA_146_249.B2 built
timing path CLMA_126_236.CLK -> CLMS_126_245.A0 built
timing path CLMA_142_244.CLK -> CLMA_146_249.A2 built
timing path CLMS_126_225.CLK -> CLMA_126_236.CE built
timing path CLMS_126_225.CLK -> CLMA_126_236.CE built
timing path CLMS_126_225.CLK -> CLMS_126_245.CECI built
timing path CLMS_126_225.CLK -> CLMA_126_240.A4 built
timing path CLMS_66_281.CLK -> CLMS_78_281.CE built
timing path CLMS_66_281.CLK -> CLMA_82_284.D4 built
Select pin "CLMA_118_325/CLK"
