#Build: Fabric Inserter 2021.1-SP7.3, Build 94852, May 25 15:09 2022
#Install: D:\pango\PDS_2021.1-SP7.3-ads\bin
#Application name: cdt_ins.exe
#OS: Windows 10 10.0.19044
#Hostname: DESKTOP-47517NI
Generated by Fabric Inserter (version 2021.1-SP7.3 build 94852) at Sun Nov  6 21:19:15 2022
*************************************************************************
*
*  Parsing design. Please be patient as this can take several minutes.
*
*************************************************************************
Compiling architecture definition.
Loading technology operator library.
Compiling technology operator library.
Compiling technology operator (valence) library.
Compiling file 'D:/hdmi_final/synthesize/top_syn.adf' successful.
Creating module hierarchy.
W: Public-4008: Instance 'data_to_block_inst/databuffer[0]' of 'GTP_DFF_E' unit is dangling and will be cleaned.
W: Public-4008: Instance 'data_to_block_inst/databuffer[8]' of 'GTP_DFF_E' unit is dangling and will be cleaned.
W: Public-4008: Instance 'data_to_block_inst/databuffer[16]' of 'GTP_DFF_E' unit is dangling and will be cleaned.
W: Public-4008: Instance 'hdmi_input_inst/regester_inst/out[0]' of 'GTP_DFF_E' unit is dangling and will be cleaned.
W: Public-4008: Instance 'hdmi_input_inst/regester_inst/out[20]' of 'GTP_DFF_E' unit is dangling and will be cleaned.
W: Public-4008: Instance 'hdmi_input_inst/regester_inst/out[40]' of 'GTP_DFF_E' unit is dangling and will be cleaned.
W: Public-4008: Instance 'hdmi_input_inst/B/sqrt_stepx[1].u_divider_step/dividend_kp[0]' of 'GTP_DFF' unit is dangling and will be cleaned.
W: Public-4008: Instance 'hdmi_input_inst/B/sqrt_stepx[2].u_divider_step/dividend_kp[0]' of 'GTP_DFF' unit is dangling and will be cleaned.
W: Public-4008: Instance 'hdmi_input_inst/B/sqrt_stepx[3].u_divider_step/dividend_kp[0]' of 'GTP_DFF' unit is dangling and will be cleaned.
W: Public-4008: Instance 'hdmi_input_inst/B/sqrt_stepx[4].u_divider_step/dividend_kp[0]' of 'GTP_DFF' unit is dangling and will be cleaned.
W: Public-4008: Instance 'hdmi_input_inst/B/sqrt_stepx[5].u_divider_step/dividend_kp[0]' of 'GTP_DFF' unit is dangling and will be cleaned.
W: Public-4008: Instance 'hdmi_input_inst/B/sqrt_stepx[6].u_divider_step/dividend_kp[0]' of 'GTP_DFF' unit is dangling and will be cleaned.
W: Public-4008: Instance 'hdmi_input_inst/B/sqrt_stepx[7].u_divider_step/dividend_kp[0]' of 'GTP_DFF' unit is dangling and will be cleaned.
W: Public-4008: Instance 'hdmi_input_inst/B/sqrt_stepx[8].u_divider_step/dividend_kp[0]' of 'GTP_DFF' unit is dangling and will be cleaned.
W: Public-4008: Instance 'hdmi_input_inst/B/sqrt_stepx[9].u_divider_step/dividend_kp[0]' of 'GTP_DFF' unit is dangling and will be cleaned.
W: Public-4008: Instance 'hdmi_input_inst/B/sqrt_stepx[10].u_divider_step/dividend_kp[0]' of 'GTP_DFF' unit is dangling and will be cleaned.
W: Public-4008: Instance 'hdmi_input_inst/B/sqrt_stepx[11].u_divider_step/dividend_kp[0]' of 'GTP_DFF' unit is dangling and will be cleaned.
W: Public-4008: Instance 'hdmi_input_inst/B/sqrt_stepx[12].u_divider_step/dividend_kp[0]' of 'GTP_DFF' unit is dangling and will be cleaned.
W: Public-4008: Instance 'hdmi_input_inst/B/sqrt_stepx[13].u_divider_step/dividend_kp[0]' of 'GTP_DFF' unit is dangling and will be cleaned.
W: Public-4008: Instance 'hdmi_input_inst/B/sqrt_stepx[14].u_divider_step/dividend_kp[0]' of 'GTP_DFF' unit is dangling and will be cleaned.
W: Public-4008: Instance 'hdmi_input_inst/B/sqrt_stepx[15].u_divider_step/dividend_kp[0]' of 'GTP_DFF' unit is dangling and will be cleaned.
W: Public-4008: Instance 'hdmi_input_inst/B/sqrt_stepx[15].u_divider_step/remainder[0]' of 'GTP_DFF' unit is dangling and will be cleaned.
W: Public-4008: Instance 'hdmi_input_inst/B/sqrt_stepx[15].u_divider_step/remainder[1]' of 'GTP_DFF' unit is dangling and will be cleaned.
W: Public-4008: Instance 'hdmi_input_inst/B/sqrt_stepx[15].u_divider_step/remainder[2]' of 'GTP_DFF' unit is dangling and will be cleaned.
W: Public-4008: Instance 'hdmi_input_inst/B/sqrt_stepx[15].u_divider_step/remainder[3]' of 'GTP_DFF' unit is dangling and will be cleaned.
W: Public-4008: Instance 'hdmi_input_inst/B/sqrt_stepx[15].u_divider_step/remainder[4]' of 'GTP_DFF' unit is dangling and will be cleaned.
W: Public-4008: Instance 'hdmi_input_inst/B/sqrt_stepx[15].u_divider_step/remainder[5]' of 'GTP_DFF' unit is dangling and will be cleaned.
W: Public-4008: Instance 'hdmi_input_inst/B/sqrt_stepx[15].u_divider_step/remainder[6]' of 'GTP_DFF' unit is dangling and will be cleaned.
W: Public-4008: Instance 'hdmi_input_inst/B/sqrt_stepx[15].u_divider_step/remainder[7]' of 'GTP_DFF' unit is dangling and will be cleaned.
W: Public-4008: Instance 'hdmi_input_inst/B/sqrt_stepx[15].u_divider_step/remainder[8]' of 'GTP_DFF' unit is dangling and will be cleaned.
W: Public-4008: Instance 'hdmi_input_inst/B/sqrt_stepx[15].u_divider_step/remainder[9]' of 'GTP_DFF' unit is dangling and will be cleaned.
W: Public-4008: Instance 'hdmi_input_inst/B/sqrt_stepx[16].u_divider_step/merchant[0]' of 'GTP_DFF' unit is dangling and will be cleaned.
W: Public-4008: Instance 'hdmi_input_inst/B/u_divider_step0/dividend_kp[0]' of 'GTP_DFF' unit is dangling and will be cleaned.
W: Public-4008: Instance 'hdmi_input_inst/G/sqrt_stepx[1].u_divider_step/dividend_kp[0]' of 'GTP_DFF' unit is dangling and will be cleaned.
W: Public-4008: Instance 'hdmi_input_inst/G/sqrt_stepx[2].u_divider_step/dividend_kp[0]' of 'GTP_DFF' unit is dangling and will be cleaned.
W: Public-4008: Instance 'hdmi_input_inst/G/sqrt_stepx[3].u_divider_step/dividend_kp[0]' of 'GTP_DFF' unit is dangling and will be cleaned.
W: Public-4008: Instance 'hdmi_input_inst/G/sqrt_stepx[4].u_divider_step/dividend_kp[0]' of 'GTP_DFF' unit is dangling and will be cleaned.
W: Public-4008: Instance 'hdmi_input_inst/G/sqrt_stepx[5].u_divider_step/dividend_kp[0]' of 'GTP_DFF' unit is dangling and will be cleaned.
W: Public-4008: Instance 'hdmi_input_inst/G/sqrt_stepx[6].u_divider_step/dividend_kp[0]' of 'GTP_DFF' unit is dangling and will be cleaned.
W: Public-4008: Instance 'hdmi_input_inst/G/sqrt_stepx[7].u_divider_step/dividend_kp[0]' of 'GTP_DFF' unit is dangling and will be cleaned.
W: Public-4008: Instance 'hdmi_input_inst/G/sqrt_stepx[8].u_divider_step/dividend_kp[0]' of 'GTP_DFF' unit is dangling and will be cleaned.
W: Public-4008: Instance 'hdmi_input_inst/G/sqrt_stepx[9].u_divider_step/dividend_kp[0]' of 'GTP_DFF' unit is dangling and will be cleaned.
W: Public-4008: Instance 'hdmi_input_inst/G/sqrt_stepx[10].u_divider_step/dividend_kp[0]' of 'GTP_DFF' unit is dangling and will be cleaned.
W: Public-4008: Instance 'hdmi_input_inst/G/sqrt_stepx[11].u_divider_step/dividend_kp[0]' of 'GTP_DFF' unit is dangling and will be cleaned.
W: Public-4008: Instance 'hdmi_input_inst/G/sqrt_stepx[12].u_divider_step/dividend_kp[0]' of 'GTP_DFF' unit is dangling and will be cleaned.
W: Public-4008: Instance 'hdmi_input_inst/G/sqrt_stepx[13].u_divider_step/dividend_kp[0]' of 'GTP_DFF' unit is dangling and will be cleaned.
W: Public-4008: Instance 'hdmi_input_inst/G/sqrt_stepx[14].u_divider_step/dividend_kp[0]' of 'GTP_DFF' unit is dangling and will be cleaned.
W: Public-4008: Instance 'hdmi_input_inst/G/sqrt_stepx[15].u_divider_step/dividend_kp[0]' of 'GTP_DFF' unit is dangling and will be cleaned.
W: Public-4008: Instance 'hdmi_input_inst/G/sqrt_stepx[15].u_divider_step/remainder[0]' of 'GTP_DFF' unit is dangling and will be cleaned.
W: Public-4008: Instance 'hdmi_input_inst/G/sqrt_stepx[15].u_divider_step/remainder[1]' of 'GTP_DFF' unit is dangling and will be cleaned.
W: Public-4008: Instance 'hdmi_input_inst/G/sqrt_stepx[15].u_divider_step/remainder[2]' of 'GTP_DFF' unit is dangling and will be cleaned.
W: Public-4008: Instance 'hdmi_input_inst/G/sqrt_stepx[15].u_divider_step/remainder[3]' of 'GTP_DFF' unit is dangling and will be cleaned.
W: Public-4008: Instance 'hdmi_input_inst/G/sqrt_stepx[15].u_divider_step/remainder[4]' of 'GTP_DFF' unit is dangling and will be cleaned.
W: Public-4008: Instance 'hdmi_input_inst/G/sqrt_stepx[15].u_divider_step/remainder[5]' of 'GTP_DFF' unit is dangling and will be cleaned.
W: Public-4008: Instance 'hdmi_input_inst/G/sqrt_stepx[15].u_divider_step/remainder[6]' of 'GTP_DFF' unit is dangling and will be cleaned.
W: Public-4008: Instance 'hdmi_input_inst/G/sqrt_stepx[15].u_divider_step/remainder[7]' of 'GTP_DFF' unit is dangling and will be cleaned.
W: Public-4008: Instance 'hdmi_input_inst/G/sqrt_stepx[15].u_divider_step/remainder[8]' of 'GTP_DFF' unit is dangling and will be cleaned.
W: Public-4008: Instance 'hdmi_input_inst/G/sqrt_stepx[15].u_divider_step/remainder[9]' of 'GTP_DFF' unit is dangling and will be cleaned.
W: Public-4008: Instance 'hdmi_input_inst/G/sqrt_stepx[16].u_divider_step/merchant[0]' of 'GTP_DFF' unit is dangling and will be cleaned.
W: Public-4008: Instance 'hdmi_input_inst/G/u_divider_step0/dividend_kp[0]' of 'GTP_DFF' unit is dangling and will be cleaned.
W: Public-4008: Instance 'hdmi_input_inst/R/sqrt_stepx[1].u_divider_step/dividend_kp[0]' of 'GTP_DFF' unit is dangling and will be cleaned.
W: Public-4008: Instance 'hdmi_input_inst/R/sqrt_stepx[2].u_divider_step/dividend_kp[0]' of 'GTP_DFF' unit is dangling and will be cleaned.
W: Public-4008: Instance 'hdmi_input_inst/R/sqrt_stepx[3].u_divider_step/dividend_kp[0]' of 'GTP_DFF' unit is dangling and will be cleaned.
W: Public-4008: Instance 'hdmi_input_inst/R/sqrt_stepx[4].u_divider_step/dividend_kp[0]' of 'GTP_DFF' unit is dangling and will be cleaned.
W: Public-4008: Instance 'hdmi_input_inst/R/sqrt_stepx[5].u_divider_step/dividend_kp[0]' of 'GTP_DFF' unit is dangling and will be cleaned.
W: Public-4008: Instance 'hdmi_input_inst/R/sqrt_stepx[6].u_divider_step/dividend_kp[0]' of 'GTP_DFF' unit is dangling and will be cleaned.
W: Public-4008: Instance 'hdmi_input_inst/R/sqrt_stepx[7].u_divider_step/dividend_kp[0]' of 'GTP_DFF' unit is dangling and will be cleaned.
W: Public-4008: Instance 'hdmi_input_inst/R/sqrt_stepx[8].u_divider_step/dividend_kp[0]' of 'GTP_DFF' unit is dangling and will be cleaned.
W: Public-4008: Instance 'hdmi_input_inst/R/sqrt_stepx[9].u_divider_step/dividend_kp[0]' of 'GTP_DFF' unit is dangling and will be cleaned.
W: Public-4008: Instance 'hdmi_input_inst/R/sqrt_stepx[10].u_divider_step/dividend_kp[0]' of 'GTP_DFF' unit is dangling and will be cleaned.
W: Public-4008: Instance 'hdmi_input_inst/R/sqrt_stepx[11].u_divider_step/dividend_kp[0]' of 'GTP_DFF' unit is dangling and will be cleaned.
W: Public-4008: Instance 'hdmi_input_inst/R/sqrt_stepx[12].u_divider_step/dividend_kp[0]' of 'GTP_DFF' unit is dangling and will be cleaned.
W: Public-4008: Instance 'hdmi_input_inst/R/sqrt_stepx[13].u_divider_step/dividend_kp[0]' of 'GTP_DFF' unit is dangling and will be cleaned.
W: Public-4008: Instance 'hdmi_input_inst/R/sqrt_stepx[14].u_divider_step/dividend_kp[0]' of 'GTP_DFF' unit is dangling and will be cleaned.
W: Public-4008: Instance 'hdmi_input_inst/R/sqrt_stepx[15].u_divider_step/dividend_kp[0]' of 'GTP_DFF' unit is dangling and will be cleaned.
W: Public-4008: Instance 'hdmi_input_inst/R/sqrt_stepx[15].u_divider_step/remainder[0]' of 'GTP_DFF' unit is dangling and will be cleaned.
W: Public-4008: Instance 'hdmi_input_inst/R/sqrt_stepx[15].u_divider_step/remainder[1]' of 'GTP_DFF' unit is dangling and will be cleaned.
W: Public-4008: Instance 'hdmi_input_inst/R/sqrt_stepx[15].u_divider_step/remainder[2]' of 'GTP_DFF' unit is dangling and will be cleaned.
W: Public-4008: Instance 'hdmi_input_inst/R/sqrt_stepx[15].u_divider_step/remainder[3]' of 'GTP_DFF' unit is dangling and will be cleaned.
W: Public-4008: Instance 'hdmi_input_inst/R/sqrt_stepx[15].u_divider_step/remainder[4]' of 'GTP_DFF' unit is dangling and will be cleaned.
W: Public-4008: Instance 'hdmi_input_inst/R/sqrt_stepx[15].u_divider_step/remainder[5]' of 'GTP_DFF' unit is dangling and will be cleaned.
W: Public-4008: Instance 'hdmi_input_inst/R/sqrt_stepx[15].u_divider_step/remainder[6]' of 'GTP_DFF' unit is dangling and will be cleaned.
W: Public-4008: Instance 'hdmi_input_inst/R/sqrt_stepx[15].u_divider_step/remainder[7]' of 'GTP_DFF' unit is dangling and will be cleaned.
W: Public-4008: Instance 'hdmi_input_inst/R/sqrt_stepx[15].u_divider_step/remainder[8]' of 'GTP_DFF' unit is dangling and will be cleaned.
W: Public-4008: Instance 'hdmi_input_inst/R/sqrt_stepx[15].u_divider_step/remainder[9]' of 'GTP_DFF' unit is dangling and will be cleaned.
W: Public-4008: Instance 'hdmi_input_inst/R/sqrt_stepx[16].u_divider_step/merchant[0]' of 'GTP_DFF' unit is dangling and will be cleaned.
W: Public-4008: Instance 'hdmi_input_inst/R/u_divider_step0/dividend_kp[0]' of 'GTP_DFF' unit is dangling and will be cleaned.
Collecting net information.
*************************************************************************
*
*  Design Parsing Done.
*
*************************************************************************
Successfully Write Project D:/hdmi_final/synthesize/top_syn.fic.
FIC_BEGIN[D:/hdmi_final/synthesize/top_syn.fic]FIC_END
FIC_BEGIN[D:/hdmi_final/synthesize/top_syn.fic]FIC_END
