[INFO][2022-11-06 19:57:36] [11964] - [d:\wf\2021.1\output_files\ads\fab_develop\branches\pds_2021.1\source\sw\cdt\jtagserver\main.cpp:60] : /***************************Start jtagserver***************************/
[INFO][2022-11-06 19:57:36] [11964] - [d:\wf\2021.1\output_files\ads\fab_develop\branches\pds_2021.1\source\sw\cdt\jtagserver\main.cpp:61] : Path: D:/pango/PDS_2021.1-SP7.3-ads/bin
[INFO][2022-11-06 19:57:36] [11964] - [d:\wf\2021.1\output_files\ads\fab_develop\branches\pds_2021.1\source\sw\cdt\jtagserver\main.cpp:62] : Version: 94852
[DEBUG][2022-11-06 19:57:37] [11964] - [d:\wf\2021.1\output_files\ads\fab_develop\branches\pds_2021.1\source\sw\cdt\jtagserver\jsjtagserver.cpp:168] : Add a new user_thread, socket descriptor is 1228 user_thread id is 0000000000002EBC
[DEBUG][2022-11-06 19:57:37] [11964] - [d:\wf\2021.1\output_files\ads\fab_develop\branches\pds_2021.1\source\sw\cdt\jtagserver\jsjtagserver.cpp:169] : After adding, map size is : 1
[DEBUG][2022-11-06 19:57:37] [11964] - [d:\wf\2021.1\output_files\ads\fab_develop\branches\pds_2021.1\source\sw\cdt\jtagserver\jsjtagserver.cpp:168] : Add a new user_thread, socket descriptor is 1260 user_thread id is 0000000000002EBC
[DEBUG][2022-11-06 19:57:37] [11964] - [d:\wf\2021.1\output_files\ads\fab_develop\branches\pds_2021.1\source\sw\cdt\jtagserver\jsjtagserver.cpp:169] : After adding, map size is : 2
[DEBUG][2022-11-06 19:57:37] [7812] - [d:\wf\2021.1\output_files\ads\fab_develop\branches\pds_2021.1\source\sw\cdt\jtagserver\jsconnectionthread.cpp:104] : IP address of connecting client is : ::ffff:127.0.0.1
[DEBUG][2022-11-06 19:57:37] [7932] - [d:\wf\2021.1\output_files\ads\fab_develop\branches\pds_2021.1\source\sw\cdt\jtagserver\jsconnectionthread.cpp:104] : IP address of connecting client is : ::ffff:127.0.0.1
[DEBUG][2022-11-06 19:57:37] [7812] - [d:\wf\2021.1\output_files\ads\fab_develop\branches\pds_2021.1\source\sw\cdt\jtagserver\jsconnectionthread.cpp:649] : Remove the header data from the client, index : 0
[DEBUG][2022-11-06 19:57:37] [7812] - [d:\wf\2021.1\output_files\ads\fab_develop\branches\pds_2021.1\source\sw\cdt\jtagserver\jsconnectionthread.cpp:700] : _total_bytes_size : 158
[DEBUG][2022-11-06 19:57:37] [7812] - [d:\wf\2021.1\output_files\ads\fab_develop\branches\pds_2021.1\source\sw\cdt\jtagserver\jsconnectionthread.cpp:649] : Remove the header data from the client, index : 0
[DEBUG][2022-11-06 19:57:37] [7812] - [d:\wf\2021.1\output_files\ads\fab_develop\branches\pds_2021.1\source\sw\cdt\jtagserver\jsconnectionthread.cpp:700] : _total_bytes_size : 96
[DEBUG][2022-11-06 19:57:37] [7812] - [d:\wf\2021.1\output_files\ads\fab_develop\branches\pds_2021.1\source\sw\cdt\jtagserver\jsconnectionthread.cpp:368] : cmd id :40010cmd name : get_cable_paras
[DEBUG][2022-11-06 19:57:38] [7812] - [d:\wf\2021.1\output_files\ads\fab_develop\branches\pds_2021.1\source\sw\cdt\jtagserver\jsjtagserver.cpp:144] : cmd operation get_cable_paras releases locker
[DEBUG][2022-11-06 19:57:38] [7812] - [d:\wf\2021.1\output_files\ads\fab_develop\branches\pds_2021.1\source\sw\cdt\jtagserver\jsconnectionthread.cpp:649] : Remove the header data from the client, index : 0
[DEBUG][2022-11-06 19:57:38] [7812] - [d:\wf\2021.1\output_files\ads\fab_develop\branches\pds_2021.1\source\sw\cdt\jtagserver\jsconnectionthread.cpp:700] : _total_bytes_size : 101
[DEBUG][2022-11-06 19:57:38] [7812] - [d:\wf\2021.1\output_files\ads\fab_develop\branches\pds_2021.1\source\sw\cdt\jtagserver\jsconnectionthread.cpp:368] : cmd id :20001cmd name : Open config cable
[DEBUG][2022-11-06 19:57:38] [7812] - [d:\wf\2021.1\output_files\ads\fab_develop\branches\pds_2021.1\source\sw\cdt\jtagserver\jsmanagerbase.cpp:263] : the idcode from the scanning is: 0x10303899
[DEBUG][2022-11-06 19:57:38] [7812] - [d:\wf\2021.1\output_files\ads\fab_develop\branches\pds_2021.1\source\sw\cdt\jtagserver\jsmanagerbase.cpp:263] : the idcode from the scanning is: 0x0
[DEBUG][2022-11-06 19:57:38] [7812] - [d:\wf\2021.1\output_files\ads\fab_develop\branches\pds_2021.1\source\sw\cdt\jtagserver\jsmanagerbase.cpp:263] : the idcode from the scanning is: 0x0
[DEBUG][2022-11-06 19:57:38] [7812] - [d:\wf\2021.1\output_files\ads\fab_develop\branches\pds_2021.1\source\sw\cdt\jtagserver\jsmanagerbase.cpp:263] : the idcode from the scanning is: 0x0
[DEBUG][2022-11-06 19:57:38] [7812] - [d:\wf\2021.1\output_files\ads\fab_develop\branches\pds_2021.1\source\sw\cdt\jtagserver\jsmanagerbase.cpp:263] : the idcode from the scanning is: 0x0
[DEBUG][2022-11-06 19:57:38] [7812] - [d:\wf\2021.1\output_files\ads\fab_develop\branches\pds_2021.1\source\sw\cdt\jtagserver\jsdevicepango.cpp:1214] : begin to read back config registerregAddr is 9
[DEBUG][2022-11-06 19:57:38] [7812] - [d:\wf\2021.1\output_files\ads\fab_develop\branches\pds_2021.1\source\sw\cdt\jtagserver\jsjtagserver.cpp:144] : cmd operation Open config cable releases locker
[DEBUG][2022-11-06 19:58:08] [7812] - [d:\wf\2021.1\output_files\ads\fab_develop\branches\pds_2021.1\source\sw\cdt\jtagserver\jsconnectionthread.cpp:649] : Remove the header data from the client, index : 0
[DEBUG][2022-11-06 19:58:08] [7812] - [d:\wf\2021.1\output_files\ads\fab_develop\branches\pds_2021.1\source\sw\cdt\jtagserver\jsconnectionthread.cpp:700] : _total_bytes_size : 332
[DEBUG][2022-11-06 19:58:08] [7812] - [d:\wf\2021.1\output_files\ads\fab_develop\branches\pds_2021.1\source\sw\cdt\jtagserver\jsconnectionthread.cpp:368] : cmd id :40011cmd name : set_cable_paras
[DEBUG][2022-11-06 19:58:08] [7812] - [d:\wf\2021.1\output_files\ads\fab_develop\branches\pds_2021.1\source\sw\cdt\jtagserver\jsjtagserver.cpp:144] : cmd operation set_cable_paras releases locker
[INFO][2022-11-06 19:58:31] [4408] - [d:\wf\2021.1\output_files\ads\fab_develop\branches\pds_2021.1\source\sw\cdt\jtagserver\main.cpp:60] : /***************************Start jtagserver***************************/
[INFO][2022-11-06 19:58:31] [4408] - [d:\wf\2021.1\output_files\ads\fab_develop\branches\pds_2021.1\source\sw\cdt\jtagserver\main.cpp:61] : Path: D:/pango/PDS_2021.1-SP7.3-ads/bin
[INFO][2022-11-06 19:58:31] [4408] - [d:\wf\2021.1\output_files\ads\fab_develop\branches\pds_2021.1\source\sw\cdt\jtagserver\main.cpp:62] : Version: 94852
[DEBUG][2022-11-06 19:58:32] [4408] - [d:\wf\2021.1\output_files\ads\fab_develop\branches\pds_2021.1\source\sw\cdt\jtagserver\jsjtagserver.cpp:168] : Add a new user_thread, socket descriptor is 1228 user_thread id is 0000000000001138
[DEBUG][2022-11-06 19:58:32] [4408] - [d:\wf\2021.1\output_files\ads\fab_develop\branches\pds_2021.1\source\sw\cdt\jtagserver\jsjtagserver.cpp:169] : After adding, map size is : 1
[DEBUG][2022-11-06 19:58:32] [4408] - [d:\wf\2021.1\output_files\ads\fab_develop\branches\pds_2021.1\source\sw\cdt\jtagserver\jsjtagserver.cpp:168] : Add a new user_thread, socket descriptor is 1080 user_thread id is 0000000000001138
[DEBUG][2022-11-06 19:58:32] [4408] - [d:\wf\2021.1\output_files\ads\fab_develop\branches\pds_2021.1\source\sw\cdt\jtagserver\jsjtagserver.cpp:169] : After adding, map size is : 2
[DEBUG][2022-11-06 19:58:32] [11724] - [d:\wf\2021.1\output_files\ads\fab_develop\branches\pds_2021.1\source\sw\cdt\jtagserver\jsconnectionthread.cpp:104] : IP address of connecting client is : ::ffff:127.0.0.1
[DEBUG][2022-11-06 19:58:32] [4052] - [d:\wf\2021.1\output_files\ads\fab_develop\branches\pds_2021.1\source\sw\cdt\jtagserver\jsconnectionthread.cpp:104] : IP address of connecting client is : ::ffff:127.0.0.1
[DEBUG][2022-11-06 19:58:32] [4052] - [d:\wf\2021.1\output_files\ads\fab_develop\branches\pds_2021.1\source\sw\cdt\jtagserver\jsconnectionthread.cpp:649] : Remove the header data from the client, index : 0
[DEBUG][2022-11-06 19:58:32] [4052] - [d:\wf\2021.1\output_files\ads\fab_develop\branches\pds_2021.1\source\sw\cdt\jtagserver\jsconnectionthread.cpp:700] : _total_bytes_size : 158
[DEBUG][2022-11-06 19:58:32] [4052] - [d:\wf\2021.1\output_files\ads\fab_develop\branches\pds_2021.1\source\sw\cdt\jtagserver\jsconnectionthread.cpp:649] : Remove the header data from the client, index : 0
[DEBUG][2022-11-06 19:58:32] [4052] - [d:\wf\2021.1\output_files\ads\fab_develop\branches\pds_2021.1\source\sw\cdt\jtagserver\jsconnectionthread.cpp:700] : _total_bytes_size : 96
[DEBUG][2022-11-06 19:58:32] [4052] - [d:\wf\2021.1\output_files\ads\fab_develop\branches\pds_2021.1\source\sw\cdt\jtagserver\jsconnectionthread.cpp:368] : cmd id :40010cmd name : get_cable_paras
[DEBUG][2022-11-06 19:58:33] [4052] - [d:\wf\2021.1\output_files\ads\fab_develop\branches\pds_2021.1\source\sw\cdt\jtagserver\jsjtagserver.cpp:144] : cmd operation get_cable_paras releases locker
[DEBUG][2022-11-06 19:58:33] [4052] - [d:\wf\2021.1\output_files\ads\fab_develop\branches\pds_2021.1\source\sw\cdt\jtagserver\jsconnectionthread.cpp:649] : Remove the header data from the client, index : 0
[DEBUG][2022-11-06 19:58:33] [4052] - [d:\wf\2021.1\output_files\ads\fab_develop\branches\pds_2021.1\source\sw\cdt\jtagserver\jsconnectionthread.cpp:700] : _total_bytes_size : 101
[DEBUG][2022-11-06 19:58:33] [4052] - [d:\wf\2021.1\output_files\ads\fab_develop\branches\pds_2021.1\source\sw\cdt\jtagserver\jsconnectionthread.cpp:368] : cmd id :20001cmd name : Open config cable
[DEBUG][2022-11-06 19:58:33] [4052] - [d:\wf\2021.1\output_files\ads\fab_develop\branches\pds_2021.1\source\sw\cdt\jtagserver\jsmanagerbase.cpp:263] : the idcode from the scanning is: 0x10303899
[DEBUG][2022-11-06 19:58:33] [4052] - [d:\wf\2021.1\output_files\ads\fab_develop\branches\pds_2021.1\source\sw\cdt\jtagserver\jsmanagerbase.cpp:263] : the idcode from the scanning is: 0x0
[DEBUG][2022-11-06 19:58:33] [4052] - [d:\wf\2021.1\output_files\ads\fab_develop\branches\pds_2021.1\source\sw\cdt\jtagserver\jsmanagerbase.cpp:263] : the idcode from the scanning is: 0x0
[DEBUG][2022-11-06 19:58:33] [4052] - [d:\wf\2021.1\output_files\ads\fab_develop\branches\pds_2021.1\source\sw\cdt\jtagserver\jsmanagerbase.cpp:263] : the idcode from the scanning is: 0x0
[DEBUG][2022-11-06 19:58:33] [4052] - [d:\wf\2021.1\output_files\ads\fab_develop\branches\pds_2021.1\source\sw\cdt\jtagserver\jsmanagerbase.cpp:263] : the idcode from the scanning is: 0x0
[DEBUG][2022-11-06 19:58:33] [4052] - [d:\wf\2021.1\output_files\ads\fab_develop\branches\pds_2021.1\source\sw\cdt\jtagserver\jsdevicepango.cpp:1214] : begin to read back config registerregAddr is 9
[DEBUG][2022-11-06 19:58:33] [4052] - [d:\wf\2021.1\output_files\ads\fab_develop\branches\pds_2021.1\source\sw\cdt\jtagserver\jsjtagserver.cpp:144] : cmd operation Open config cable releases locker
[DEBUG][2022-11-06 19:58:49] [4052] - [d:\wf\2021.1\output_files\ads\fab_develop\branches\pds_2021.1\source\sw\cdt\jtagserver\jsconnectionthread.cpp:649] : Remove the header data from the client, index : 0
[DEBUG][2022-11-06 19:58:49] [4052] - [d:\wf\2021.1\output_files\ads\fab_develop\branches\pds_2021.1\source\sw\cdt\jtagserver\jsconnectionthread.cpp:700] : _total_bytes_size : 470
[DEBUG][2022-11-06 19:58:49] [4052] - [d:\wf\2021.1\output_files\ads\fab_develop\branches\pds_2021.1\source\sw\cdt\jtagserver\jsconnectionthread.cpp:368] : cmd id :20002cmd name : Program
[DEBUG][2022-11-06 19:58:50] [4052] - [d:\wf\2021.1\output_files\ads\fab_develop\branches\pds_2021.1\source\sw\cdt\jtagserver\jsmanagerbase.cpp:263] : the idcode from the scanning is: 0x10303899
[DEBUG][2022-11-06 19:58:50] [4052] - [d:\wf\2021.1\output_files\ads\fab_develop\branches\pds_2021.1\source\sw\cdt\jtagserver\jsmanagerbase.cpp:263] : the idcode from the scanning is: 0x0
[DEBUG][2022-11-06 19:58:50] [4052] - [d:\wf\2021.1\output_files\ads\fab_develop\branches\pds_2021.1\source\sw\cdt\jtagserver\jsmanagerbase.cpp:263] : the idcode from the scanning is: 0x0
[DEBUG][2022-11-06 19:58:50] [4052] - [d:\wf\2021.1\output_files\ads\fab_develop\branches\pds_2021.1\source\sw\cdt\jtagserver\jsmanagerbase.cpp:263] : the idcode from the scanning is: 0x0
[DEBUG][2022-11-06 19:58:50] [4052] - [d:\wf\2021.1\output_files\ads\fab_develop\branches\pds_2021.1\source\sw\cdt\jtagserver\jsmanagerbase.cpp:263] : the idcode from the scanning is: 0x0
[DEBUG][2022-11-06 19:58:50] [4052] - [d:\wf\2021.1\output_files\ads\fab_develop\branches\pds_2021.1\source\sw\cdt\jtagserver\jsdevicepango.cpp:1214] : begin to read back config registerregAddr is 4
[DEBUG][2022-11-06 19:58:50] [4052] - [d:\wf\2021.1\output_files\ads\fab_develop\branches\pds_2021.1\source\sw\cdt\jtagserver\jsconnectionthread.cpp:602] : progress bar is 6
[DEBUG][2022-11-06 19:58:50] [4052] - [d:\wf\2021.1\output_files\ads\fab_develop\branches\pds_2021.1\source\sw\cdt\jtagserver\jsconnectionthread.cpp:602] : progress bar is 10
[DEBUG][2022-11-06 19:58:50] [4052] - [d:\wf\2021.1\output_files\ads\fab_develop\branches\pds_2021.1\source\sw\cdt\jtagserver\jsconnectionthread.cpp:602] : progress bar is 15
[DEBUG][2022-11-06 19:58:50] [4052] - [d:\wf\2021.1\output_files\ads\fab_develop\branches\pds_2021.1\source\sw\cdt\jtagserver\jsconnectionthread.cpp:602] : progress bar is 20
[DEBUG][2022-11-06 19:58:50] [4052] - [d:\wf\2021.1\output_files\ads\fab_develop\branches\pds_2021.1\source\sw\cdt\jtagserver\jsconnectionthread.cpp:602] : progress bar is 25
[DEBUG][2022-11-06 19:58:50] [4052] - [d:\wf\2021.1\output_files\ads\fab_develop\branches\pds_2021.1\source\sw\cdt\jtagserver\jsconnectionthread.cpp:602] : progress bar is 30
[DEBUG][2022-11-06 19:58:50] [4052] - [d:\wf\2021.1\output_files\ads\fab_develop\branches\pds_2021.1\source\sw\cdt\jtagserver\jsconnectionthread.cpp:602] : progress bar is 35
[DEBUG][2022-11-06 19:58:50] [4052] - [d:\wf\2021.1\output_files\ads\fab_develop\branches\pds_2021.1\source\sw\cdt\jtagserver\jsconnectionthread.cpp:602] : progress bar is 40
[DEBUG][2022-11-06 19:58:50] [4052] - [d:\wf\2021.1\output_files\ads\fab_develop\branches\pds_2021.1\source\sw\cdt\jtagserver\jsconnectionthread.cpp:602] : progress bar is 45
[DEBUG][2022-11-06 19:58:50] [4052] - [d:\wf\2021.1\output_files\ads\fab_develop\branches\pds_2021.1\source\sw\cdt\jtagserver\jsconnectionthread.cpp:602] : progress bar is 50
[DEBUG][2022-11-06 19:58:50] [4052] - [d:\wf\2021.1\output_files\ads\fab_develop\branches\pds_2021.1\source\sw\cdt\jtagserver\jsconnectionthread.cpp:602] : progress bar is 55
[DEBUG][2022-11-06 19:58:50] [4052] - [d:\wf\2021.1\output_files\ads\fab_develop\branches\pds_2021.1\source\sw\cdt\jtagserver\jsconnectionthread.cpp:602] : progress bar is 60
[DEBUG][2022-11-06 19:58:50] [4052] - [d:\wf\2021.1\output_files\ads\fab_develop\branches\pds_2021.1\source\sw\cdt\jtagserver\jsconnectionthread.cpp:602] : progress bar is 65
[DEBUG][2022-11-06 19:58:50] [4052] - [d:\wf\2021.1\output_files\ads\fab_develop\branches\pds_2021.1\source\sw\cdt\jtagserver\jsconnectionthread.cpp:602] : progress bar is 70
[DEBUG][2022-11-06 19:58:50] [4052] - [d:\wf\2021.1\output_files\ads\fab_develop\branches\pds_2021.1\source\sw\cdt\jtagserver\jsconnectionthread.cpp:602] : progress bar is 75
[DEBUG][2022-11-06 19:58:50] [4052] - [d:\wf\2021.1\output_files\ads\fab_develop\branches\pds_2021.1\source\sw\cdt\jtagserver\jsconnectionthread.cpp:602] : progress bar is 80
[DEBUG][2022-11-06 19:58:50] [4052] - [d:\wf\2021.1\output_files\ads\fab_develop\branches\pds_2021.1\source\sw\cdt\jtagserver\jsconnectionthread.cpp:602] : progress bar is 85
[DEBUG][2022-11-06 19:58:50] [4052] - [d:\wf\2021.1\output_files\ads\fab_develop\branches\pds_2021.1\source\sw\cdt\jtagserver\jsconnectionthread.cpp:602] : progress bar is 90
[DEBUG][2022-11-06 19:58:50] [4052] - [d:\wf\2021.1\output_files\ads\fab_develop\branches\pds_2021.1\source\sw\cdt\jtagserver\jsconnectionthread.cpp:602] : progress bar is 95
[DEBUG][2022-11-06 19:58:50] [4052] - [d:\wf\2021.1\output_files\ads\fab_develop\branches\pds_2021.1\source\sw\cdt\jtagserver\jsconnectionthread.cpp:602] : progress bar is 100
[DEBUG][2022-11-06 19:58:50] [4052] - [d:\wf\2021.1\output_files\ads\fab_develop\branches\pds_2021.1\source\sw\cdt\jtagserver\jsdevicepango.cpp:1214] : begin to read back config registerregAddr is 9
[DEBUG][2022-11-06 19:58:50] [4052] - [d:\wf\2021.1\output_files\ads\fab_develop\branches\pds_2021.1\source\sw\cdt\jtagserver\jsdevicepango.cpp:634] : the value in the status register is :4193440
[DEBUG][2022-11-06 19:58:50] [4052] - [d:\wf\2021.1\output_files\ads\fab_develop\branches\pds_2021.1\source\sw\cdt\jtagserver\jsdevicepango.cpp:1214] : begin to read back config registerregAddr is 9
[DEBUG][2022-11-06 19:58:50] [4052] - [d:\wf\2021.1\output_files\ads\fab_develop\branches\pds_2021.1\source\sw\cdt\jtagserver\jsjtagserver.cpp:144] : cmd operation Program releases locker
[DEBUG][2022-11-06 20:05:55] [4052] - [d:\wf\2021.1\output_files\ads\fab_develop\branches\pds_2021.1\source\sw\cdt\jtagserver\jsconnectionthread.cpp:649] : Remove the header data from the client, index : 0
[DEBUG][2022-11-06 20:05:55] [4052] - [d:\wf\2021.1\output_files\ads\fab_develop\branches\pds_2021.1\source\sw\cdt\jtagserver\jsconnectionthread.cpp:700] : _total_bytes_size : 470
[DEBUG][2022-11-06 20:05:55] [4052] - [d:\wf\2021.1\output_files\ads\fab_develop\branches\pds_2021.1\source\sw\cdt\jtagserver\jsconnectionthread.cpp:368] : cmd id :20002cmd name : Program
[DEBUG][2022-11-06 20:05:55] [4052] - [d:\wf\2021.1\output_files\ads\fab_develop\branches\pds_2021.1\source\sw\cdt\jtagserver\jsmanagerbase.cpp:263] : the idcode from the scanning is: 0x10303899
[DEBUG][2022-11-06 20:05:55] [4052] - [d:\wf\2021.1\output_files\ads\fab_develop\branches\pds_2021.1\source\sw\cdt\jtagserver\jsmanagerbase.cpp:263] : the idcode from the scanning is: 0x0
[DEBUG][2022-11-06 20:05:55] [4052] - [d:\wf\2021.1\output_files\ads\fab_develop\branches\pds_2021.1\source\sw\cdt\jtagserver\jsmanagerbase.cpp:263] : the idcode from the scanning is: 0x0
[DEBUG][2022-11-06 20:05:55] [4052] - [d:\wf\2021.1\output_files\ads\fab_develop\branches\pds_2021.1\source\sw\cdt\jtagserver\jsmanagerbase.cpp:263] : the idcode from the scanning is: 0x0
[DEBUG][2022-11-06 20:05:55] [4052] - [d:\wf\2021.1\output_files\ads\fab_develop\branches\pds_2021.1\source\sw\cdt\jtagserver\jsmanagerbase.cpp:263] : the idcode from the scanning is: 0x0
[DEBUG][2022-11-06 20:05:55] [4052] - [d:\wf\2021.1\output_files\ads\fab_develop\branches\pds_2021.1\source\sw\cdt\jtagserver\jsdevicepango.cpp:1214] : begin to read back config registerregAddr is 4
[DEBUG][2022-11-06 20:05:55] [4052] - [d:\wf\2021.1\output_files\ads\fab_develop\branches\pds_2021.1\source\sw\cdt\jtagserver\jsconnectionthread.cpp:602] : progress bar is 6
[DEBUG][2022-11-06 20:05:55] [4052] - [d:\wf\2021.1\output_files\ads\fab_develop\branches\pds_2021.1\source\sw\cdt\jtagserver\jsconnectionthread.cpp:602] : progress bar is 10
[DEBUG][2022-11-06 20:05:55] [4052] - [d:\wf\2021.1\output_files\ads\fab_develop\branches\pds_2021.1\source\sw\cdt\jtagserver\jsconnectionthread.cpp:602] : progress bar is 15
[DEBUG][2022-11-06 20:05:55] [4052] - [d:\wf\2021.1\output_files\ads\fab_develop\branches\pds_2021.1\source\sw\cdt\jtagserver\jsconnectionthread.cpp:602] : progress bar is 20
[DEBUG][2022-11-06 20:05:55] [4052] - [d:\wf\2021.1\output_files\ads\fab_develop\branches\pds_2021.1\source\sw\cdt\jtagserver\jsconnectionthread.cpp:602] : progress bar is 25
[DEBUG][2022-11-06 20:05:55] [4052] - [d:\wf\2021.1\output_files\ads\fab_develop\branches\pds_2021.1\source\sw\cdt\jtagserver\jsconnectionthread.cpp:602] : progress bar is 30
[DEBUG][2022-11-06 20:05:55] [4052] - [d:\wf\2021.1\output_files\ads\fab_develop\branches\pds_2021.1\source\sw\cdt\jtagserver\jsconnectionthread.cpp:602] : progress bar is 35
[DEBUG][2022-11-06 20:05:55] [4052] - [d:\wf\2021.1\output_files\ads\fab_develop\branches\pds_2021.1\source\sw\cdt\jtagserver\jsconnectionthread.cpp:602] : progress bar is 40
[DEBUG][2022-11-06 20:05:55] [4052] - [d:\wf\2021.1\output_files\ads\fab_develop\branches\pds_2021.1\source\sw\cdt\jtagserver\jsconnectionthread.cpp:602] : progress bar is 45
[DEBUG][2022-11-06 20:05:55] [4052] - [d:\wf\2021.1\output_files\ads\fab_develop\branches\pds_2021.1\source\sw\cdt\jtagserver\jsconnectionthread.cpp:602] : progress bar is 50
[DEBUG][2022-11-06 20:05:55] [4052] - [d:\wf\2021.1\output_files\ads\fab_develop\branches\pds_2021.1\source\sw\cdt\jtagserver\jsconnectionthread.cpp:602] : progress bar is 55
[DEBUG][2022-11-06 20:05:55] [4052] - [d:\wf\2021.1\output_files\ads\fab_develop\branches\pds_2021.1\source\sw\cdt\jtagserver\jsconnectionthread.cpp:602] : progress bar is 60
[DEBUG][2022-11-06 20:05:55] [4052] - [d:\wf\2021.1\output_files\ads\fab_develop\branches\pds_2021.1\source\sw\cdt\jtagserver\jsconnectionthread.cpp:602] : progress bar is 65
[DEBUG][2022-11-06 20:05:55] [4052] - [d:\wf\2021.1\output_files\ads\fab_develop\branches\pds_2021.1\source\sw\cdt\jtagserver\jsconnectionthread.cpp:602] : progress bar is 70
[DEBUG][2022-11-06 20:05:55] [4052] - [d:\wf\2021.1\output_files\ads\fab_develop\branches\pds_2021.1\source\sw\cdt\jtagserver\jsconnectionthread.cpp:602] : progress bar is 75
[DEBUG][2022-11-06 20:05:55] [4052] - [d:\wf\2021.1\output_files\ads\fab_develop\branches\pds_2021.1\source\sw\cdt\jtagserver\jsconnectionthread.cpp:602] : progress bar is 80
[DEBUG][2022-11-06 20:05:55] [4052] - [d:\wf\2021.1\output_files\ads\fab_develop\branches\pds_2021.1\source\sw\cdt\jtagserver\jsconnectionthread.cpp:602] : progress bar is 85
[DEBUG][2022-11-06 20:05:55] [4052] - [d:\wf\2021.1\output_files\ads\fab_develop\branches\pds_2021.1\source\sw\cdt\jtagserver\jsconnectionthread.cpp:602] : progress bar is 90
[DEBUG][2022-11-06 20:05:56] [4052] - [d:\wf\2021.1\output_files\ads\fab_develop\branches\pds_2021.1\source\sw\cdt\jtagserver\jsconnectionthread.cpp:602] : progress bar is 95
[DEBUG][2022-11-06 20:05:56] [4052] - [d:\wf\2021.1\output_files\ads\fab_develop\branches\pds_2021.1\source\sw\cdt\jtagserver\jsconnectionthread.cpp:602] : progress bar is 100
[DEBUG][2022-11-06 20:05:56] [4052] - [d:\wf\2021.1\output_files\ads\fab_develop\branches\pds_2021.1\source\sw\cdt\jtagserver\jsdevicepango.cpp:1214] : begin to read back config registerregAddr is 9
[DEBUG][2022-11-06 20:05:56] [4052] - [d:\wf\2021.1\output_files\ads\fab_develop\branches\pds_2021.1\source\sw\cdt\jtagserver\jsdevicepango.cpp:634] : the value in the status register is :3144864
[DEBUG][2022-11-06 20:05:56] [4052] - [d:\wf\2021.1\output_files\ads\fab_develop\branches\pds_2021.1\source\sw\cdt\jtagserver\jsdevicepango.cpp:1214] : begin to read back config registerregAddr is 9
[DEBUG][2022-11-06 20:05:56] [4052] - [d:\wf\2021.1\output_files\ads\fab_develop\branches\pds_2021.1\source\sw\cdt\jtagserver\jsjtagserver.cpp:144] : cmd operation Program releases locker
[DEBUG][2022-11-06 20:06:22] [4052] - [d:\wf\2021.1\output_files\ads\fab_develop\branches\pds_2021.1\source\sw\cdt\jtagserver\jsconnectionthread.cpp:649] : Remove the header data from the client, index : 0
[DEBUG][2022-11-06 20:06:22] [4052] - [d:\wf\2021.1\output_files\ads\fab_develop\branches\pds_2021.1\source\sw\cdt\jtagserver\jsconnectionthread.cpp:700] : _total_bytes_size : 470
[DEBUG][2022-11-06 20:06:22] [4052] - [d:\wf\2021.1\output_files\ads\fab_develop\branches\pds_2021.1\source\sw\cdt\jtagserver\jsconnectionthread.cpp:368] : cmd id :20002cmd name : Program
[DEBUG][2022-11-06 20:06:22] [4052] - [d:\wf\2021.1\output_files\ads\fab_develop\branches\pds_2021.1\source\sw\cdt\jtagserver\jsmanagerbase.cpp:263] : the idcode from the scanning is: 0x10303899
[DEBUG][2022-11-06 20:06:22] [4052] - [d:\wf\2021.1\output_files\ads\fab_develop\branches\pds_2021.1\source\sw\cdt\jtagserver\jsmanagerbase.cpp:263] : the idcode from the scanning is: 0x0
[DEBUG][2022-11-06 20:06:22] [4052] - [d:\wf\2021.1\output_files\ads\fab_develop\branches\pds_2021.1\source\sw\cdt\jtagserver\jsmanagerbase.cpp:263] : the idcode from the scanning is: 0x0
[DEBUG][2022-11-06 20:06:22] [4052] - [d:\wf\2021.1\output_files\ads\fab_develop\branches\pds_2021.1\source\sw\cdt\jtagserver\jsmanagerbase.cpp:263] : the idcode from the scanning is: 0x0
[DEBUG][2022-11-06 20:06:22] [4052] - [d:\wf\2021.1\output_files\ads\fab_develop\branches\pds_2021.1\source\sw\cdt\jtagserver\jsmanagerbase.cpp:263] : the idcode from the scanning is: 0x0
[DEBUG][2022-11-06 20:06:22] [4052] - [d:\wf\2021.1\output_files\ads\fab_develop\branches\pds_2021.1\source\sw\cdt\jtagserver\jsdevicepango.cpp:1214] : begin to read back config registerregAddr is 4
[DEBUG][2022-11-06 20:06:22] [4052] - [d:\wf\2021.1\output_files\ads\fab_develop\branches\pds_2021.1\source\sw\cdt\jtagserver\jsconnectionthread.cpp:602] : progress bar is 6
[DEBUG][2022-11-06 20:06:22] [4052] - [d:\wf\2021.1\output_files\ads\fab_develop\branches\pds_2021.1\source\sw\cdt\jtagserver\jsconnectionthread.cpp:602] : progress bar is 10
[DEBUG][2022-11-06 20:06:22] [4052] - [d:\wf\2021.1\output_files\ads\fab_develop\branches\pds_2021.1\source\sw\cdt\jtagserver\jsconnectionthread.cpp:602] : progress bar is 15
[DEBUG][2022-11-06 20:06:22] [4052] - [d:\wf\2021.1\output_files\ads\fab_develop\branches\pds_2021.1\source\sw\cdt\jtagserver\jsconnectionthread.cpp:602] : progress bar is 20
[DEBUG][2022-11-06 20:06:22] [4052] - [d:\wf\2021.1\output_files\ads\fab_develop\branches\pds_2021.1\source\sw\cdt\jtagserver\jsconnectionthread.cpp:602] : progress bar is 25
[DEBUG][2022-11-06 20:06:22] [4052] - [d:\wf\2021.1\output_files\ads\fab_develop\branches\pds_2021.1\source\sw\cdt\jtagserver\jsconnectionthread.cpp:602] : progress bar is 30
[DEBUG][2022-11-06 20:06:22] [4052] - [d:\wf\2021.1\output_files\ads\fab_develop\branches\pds_2021.1\source\sw\cdt\jtagserver\jsconnectionthread.cpp:602] : progress bar is 35
[DEBUG][2022-11-06 20:06:22] [4052] - [d:\wf\2021.1\output_files\ads\fab_develop\branches\pds_2021.1\source\sw\cdt\jtagserver\jsconnectionthread.cpp:602] : progress bar is 40
[DEBUG][2022-11-06 20:06:22] [4052] - [d:\wf\2021.1\output_files\ads\fab_develop\branches\pds_2021.1\source\sw\cdt\jtagserver\jsconnectionthread.cpp:602] : progress bar is 45
[DEBUG][2022-11-06 20:06:22] [4052] - [d:\wf\2021.1\output_files\ads\fab_develop\branches\pds_2021.1\source\sw\cdt\jtagserver\jsconnectionthread.cpp:602] : progress bar is 50
[DEBUG][2022-11-06 20:06:22] [4052] - [d:\wf\2021.1\output_files\ads\fab_develop\branches\pds_2021.1\source\sw\cdt\jtagserver\jsconnectionthread.cpp:602] : progress bar is 55
[DEBUG][2022-11-06 20:06:22] [4052] - [d:\wf\2021.1\output_files\ads\fab_develop\branches\pds_2021.1\source\sw\cdt\jtagserver\jsconnectionthread.cpp:602] : progress bar is 60
[DEBUG][2022-11-06 20:06:22] [4052] - [d:\wf\2021.1\output_files\ads\fab_develop\branches\pds_2021.1\source\sw\cdt\jtagserver\jsconnectionthread.cpp:602] : progress bar is 65
[DEBUG][2022-11-06 20:06:22] [4052] - [d:\wf\2021.1\output_files\ads\fab_develop\branches\pds_2021.1\source\sw\cdt\jtagserver\jsconnectionthread.cpp:602] : progress bar is 70
[DEBUG][2022-11-06 20:06:22] [4052] - [d:\wf\2021.1\output_files\ads\fab_develop\branches\pds_2021.1\source\sw\cdt\jtagserver\jsconnectionthread.cpp:602] : progress bar is 75
[DEBUG][2022-11-06 20:06:22] [4052] - [d:\wf\2021.1\output_files\ads\fab_develop\branches\pds_2021.1\source\sw\cdt\jtagserver\jsconnectionthread.cpp:602] : progress bar is 80
[DEBUG][2022-11-06 20:06:22] [4052] - [d:\wf\2021.1\output_files\ads\fab_develop\branches\pds_2021.1\source\sw\cdt\jtagserver\jsconnectionthread.cpp:602] : progress bar is 85
[DEBUG][2022-11-06 20:06:22] [4052] - [d:\wf\2021.1\output_files\ads\fab_develop\branches\pds_2021.1\source\sw\cdt\jtagserver\jsconnectionthread.cpp:602] : progress bar is 90
[DEBUG][2022-11-06 20:06:22] [4052] - [d:\wf\2021.1\output_files\ads\fab_develop\branches\pds_2021.1\source\sw\cdt\jtagserver\jsconnectionthread.cpp:602] : progress bar is 95
[DEBUG][2022-11-06 20:06:22] [4052] - [d:\wf\2021.1\output_files\ads\fab_develop\branches\pds_2021.1\source\sw\cdt\jtagserver\jsconnectionthread.cpp:602] : progress bar is 100
[DEBUG][2022-11-06 20:06:22] [4052] - [d:\wf\2021.1\output_files\ads\fab_develop\branches\pds_2021.1\source\sw\cdt\jtagserver\jsdevicepango.cpp:1214] : begin to read back config registerregAddr is 9
[DEBUG][2022-11-06 20:06:22] [4052] - [d:\wf\2021.1\output_files\ads\fab_develop\branches\pds_2021.1\source\sw\cdt\jtagserver\jsdevicepango.cpp:634] : the value in the status register is :4193440
[DEBUG][2022-11-06 20:06:22] [4052] - [d:\wf\2021.1\output_files\ads\fab_develop\branches\pds_2021.1\source\sw\cdt\jtagserver\jsdevicepango.cpp:1214] : begin to read back config registerregAddr is 9
[DEBUG][2022-11-06 20:06:22] [4052] - [d:\wf\2021.1\output_files\ads\fab_develop\branches\pds_2021.1\source\sw\cdt\jtagserver\jsjtagserver.cpp:144] : cmd operation Program releases locker
[INFO][2022-11-06 20:15:55] [12132] - [d:\wf\2021.1\output_files\ads\fab_develop\branches\pds_2021.1\source\sw\cdt\jtagserver\main.cpp:60] : /***************************Start jtagserver***************************/
[INFO][2022-11-06 20:15:55] [12132] - [d:\wf\2021.1\output_files\ads\fab_develop\branches\pds_2021.1\source\sw\cdt\jtagserver\main.cpp:61] : Path: D:/pango/PDS_2021.1-SP7.3-ads/bin
[INFO][2022-11-06 20:15:55] [12132] - [d:\wf\2021.1\output_files\ads\fab_develop\branches\pds_2021.1\source\sw\cdt\jtagserver\main.cpp:62] : Version: 94852
[DEBUG][2022-11-06 20:15:56] [12132] - [d:\wf\2021.1\output_files\ads\fab_develop\branches\pds_2021.1\source\sw\cdt\jtagserver\jsjtagserver.cpp:168] : Add a new user_thread, socket descriptor is 1216 user_thread id is 0000000000002F64
[DEBUG][2022-11-06 20:15:56] [12132] - [d:\wf\2021.1\output_files\ads\fab_develop\branches\pds_2021.1\source\sw\cdt\jtagserver\jsjtagserver.cpp:169] : After adding, map size is : 1
[DEBUG][2022-11-06 20:15:56] [12132] - [d:\wf\2021.1\output_files\ads\fab_develop\branches\pds_2021.1\source\sw\cdt\jtagserver\jsjtagserver.cpp:168] : Add a new user_thread, socket descriptor is 1196 user_thread id is 0000000000002F64
[DEBUG][2022-11-06 20:15:56] [12132] - [d:\wf\2021.1\output_files\ads\fab_develop\branches\pds_2021.1\source\sw\cdt\jtagserver\jsjtagserver.cpp:169] : After adding, map size is : 2
[DEBUG][2022-11-06 20:15:56] [2660] - [d:\wf\2021.1\output_files\ads\fab_develop\branches\pds_2021.1\source\sw\cdt\jtagserver\jsconnectionthread.cpp:104] : IP address of connecting client is : ::ffff:127.0.0.1
[DEBUG][2022-11-06 20:15:56] [12752] - [d:\wf\2021.1\output_files\ads\fab_develop\branches\pds_2021.1\source\sw\cdt\jtagserver\jsconnectionthread.cpp:104] : IP address of connecting client is : ::ffff:127.0.0.1
[DEBUG][2022-11-06 20:15:56] [2660] - [d:\wf\2021.1\output_files\ads\fab_develop\branches\pds_2021.1\source\sw\cdt\jtagserver\jsconnectionthread.cpp:649] : Remove the header data from the client, index : 0
[DEBUG][2022-11-06 20:15:56] [2660] - [d:\wf\2021.1\output_files\ads\fab_develop\branches\pds_2021.1\source\sw\cdt\jtagserver\jsconnectionthread.cpp:700] : _total_bytes_size : 158
[DEBUG][2022-11-06 20:15:56] [2660] - [d:\wf\2021.1\output_files\ads\fab_develop\branches\pds_2021.1\source\sw\cdt\jtagserver\jsconnectionthread.cpp:649] : Remove the header data from the client, index : 0
[DEBUG][2022-11-06 20:15:56] [2660] - [d:\wf\2021.1\output_files\ads\fab_develop\branches\pds_2021.1\source\sw\cdt\jtagserver\jsconnectionthread.cpp:700] : _total_bytes_size : 96
[DEBUG][2022-11-06 20:15:56] [2660] - [d:\wf\2021.1\output_files\ads\fab_develop\branches\pds_2021.1\source\sw\cdt\jtagserver\jsconnectionthread.cpp:368] : cmd id :40010cmd name : get_cable_paras
[DEBUG][2022-11-06 20:15:56] [2660] - [d:\wf\2021.1\output_files\ads\fab_develop\branches\pds_2021.1\source\sw\cdt\jtagserver\jsjtagserver.cpp:144] : cmd operation get_cable_paras releases locker
[DEBUG][2022-11-06 20:15:56] [2660] - [d:\wf\2021.1\output_files\ads\fab_develop\branches\pds_2021.1\source\sw\cdt\jtagserver\jsconnectionthread.cpp:649] : Remove the header data from the client, index : 0
[DEBUG][2022-11-06 20:15:56] [2660] - [d:\wf\2021.1\output_files\ads\fab_develop\branches\pds_2021.1\source\sw\cdt\jtagserver\jsconnectionthread.cpp:700] : _total_bytes_size : 101
[DEBUG][2022-11-06 20:15:56] [2660] - [d:\wf\2021.1\output_files\ads\fab_develop\branches\pds_2021.1\source\sw\cdt\jtagserver\jsconnectionthread.cpp:368] : cmd id :20001cmd name : Open config cable
[DEBUG][2022-11-06 20:15:57] [2660] - [d:\wf\2021.1\output_files\ads\fab_develop\branches\pds_2021.1\source\sw\cdt\jtagserver\jsmanagerbase.cpp:263] : the idcode from the scanning is: 0x10303899
[DEBUG][2022-11-06 20:15:57] [2660] - [d:\wf\2021.1\output_files\ads\fab_develop\branches\pds_2021.1\source\sw\cdt\jtagserver\jsmanagerbase.cpp:263] : the idcode from the scanning is: 0x0
[DEBUG][2022-11-06 20:15:57] [2660] - [d:\wf\2021.1\output_files\ads\fab_develop\branches\pds_2021.1\source\sw\cdt\jtagserver\jsmanagerbase.cpp:263] : the idcode from the scanning is: 0x0
[DEBUG][2022-11-06 20:15:57] [2660] - [d:\wf\2021.1\output_files\ads\fab_develop\branches\pds_2021.1\source\sw\cdt\jtagserver\jsmanagerbase.cpp:263] : the idcode from the scanning is: 0x0
[DEBUG][2022-11-06 20:15:57] [2660] - [d:\wf\2021.1\output_files\ads\fab_develop\branches\pds_2021.1\source\sw\cdt\jtagserver\jsmanagerbase.cpp:263] : the idcode from the scanning is: 0x0
[DEBUG][2022-11-06 20:15:57] [2660] - [d:\wf\2021.1\output_files\ads\fab_develop\branches\pds_2021.1\source\sw\cdt\jtagserver\jsdevicepango.cpp:1214] : begin to read back config registerregAddr is 9
[DEBUG][2022-11-06 20:15:57] [2660] - [d:\wf\2021.1\output_files\ads\fab_develop\branches\pds_2021.1\source\sw\cdt\jtagserver\jsjtagserver.cpp:144] : cmd operation Open config cable releases locker
[DEBUG][2022-11-06 20:16:01] [2660] - [d:\wf\2021.1\output_files\ads\fab_develop\branches\pds_2021.1\source\sw\cdt\jtagserver\jsconnectionthread.cpp:649] : Remove the header data from the client, index : 0
[DEBUG][2022-11-06 20:16:01] [2660] - [d:\wf\2021.1\output_files\ads\fab_develop\branches\pds_2021.1\source\sw\cdt\jtagserver\jsconnectionthread.cpp:700] : _total_bytes_size : 470
[DEBUG][2022-11-06 20:16:01] [2660] - [d:\wf\2021.1\output_files\ads\fab_develop\branches\pds_2021.1\source\sw\cdt\jtagserver\jsconnectionthread.cpp:368] : cmd id :20002cmd name : Program
[DEBUG][2022-11-06 20:16:01] [2660] - [d:\wf\2021.1\output_files\ads\fab_develop\branches\pds_2021.1\source\sw\cdt\jtagserver\jsmanagerbase.cpp:263] : the idcode from the scanning is: 0x10303899
[DEBUG][2022-11-06 20:16:01] [2660] - [d:\wf\2021.1\output_files\ads\fab_develop\branches\pds_2021.1\source\sw\cdt\jtagserver\jsmanagerbase.cpp:263] : the idcode from the scanning is: 0x0
[DEBUG][2022-11-06 20:16:01] [2660] - [d:\wf\2021.1\output_files\ads\fab_develop\branches\pds_2021.1\source\sw\cdt\jtagserver\jsmanagerbase.cpp:263] : the idcode from the scanning is: 0x0
[DEBUG][2022-11-06 20:16:01] [2660] - [d:\wf\2021.1\output_files\ads\fab_develop\branches\pds_2021.1\source\sw\cdt\jtagserver\jsmanagerbase.cpp:263] : the idcode from the scanning is: 0x0
[DEBUG][2022-11-06 20:16:01] [2660] - [d:\wf\2021.1\output_files\ads\fab_develop\branches\pds_2021.1\source\sw\cdt\jtagserver\jsmanagerbase.cpp:263] : the idcode from the scanning is: 0x0
[DEBUG][2022-11-06 20:16:01] [2660] - [d:\wf\2021.1\output_files\ads\fab_develop\branches\pds_2021.1\source\sw\cdt\jtagserver\jsdevicepango.cpp:1214] : begin to read back config registerregAddr is 4
[DEBUG][2022-11-06 20:16:01] [2660] - [d:\wf\2021.1\output_files\ads\fab_develop\branches\pds_2021.1\source\sw\cdt\jtagserver\jsconnectionthread.cpp:602] : progress bar is 6
[DEBUG][2022-11-06 20:16:01] [2660] - [d:\wf\2021.1\output_files\ads\fab_develop\branches\pds_2021.1\source\sw\cdt\jtagserver\jsconnectionthread.cpp:602] : progress bar is 10
[DEBUG][2022-11-06 20:16:01] [2660] - [d:\wf\2021.1\output_files\ads\fab_develop\branches\pds_2021.1\source\sw\cdt\jtagserver\jsconnectionthread.cpp:602] : progress bar is 15
[DEBUG][2022-11-06 20:16:01] [2660] - [d:\wf\2021.1\output_files\ads\fab_develop\branches\pds_2021.1\source\sw\cdt\jtagserver\jsconnectionthread.cpp:602] : progress bar is 20
[DEBUG][2022-11-06 20:16:01] [2660] - [d:\wf\2021.1\output_files\ads\fab_develop\branches\pds_2021.1\source\sw\cdt\jtagserver\jsconnectionthread.cpp:602] : progress bar is 25
[DEBUG][2022-11-06 20:16:01] [2660] - [d:\wf\2021.1\output_files\ads\fab_develop\branches\pds_2021.1\source\sw\cdt\jtagserver\jsconnectionthread.cpp:602] : progress bar is 30
[DEBUG][2022-11-06 20:16:01] [2660] - [d:\wf\2021.1\output_files\ads\fab_develop\branches\pds_2021.1\source\sw\cdt\jtagserver\jsconnectionthread.cpp:602] : progress bar is 35
[DEBUG][2022-11-06 20:16:01] [2660] - [d:\wf\2021.1\output_files\ads\fab_develop\branches\pds_2021.1\source\sw\cdt\jtagserver\jsconnectionthread.cpp:602] : progress bar is 40
[DEBUG][2022-11-06 20:16:01] [2660] - [d:\wf\2021.1\output_files\ads\fab_develop\branches\pds_2021.1\source\sw\cdt\jtagserver\jsconnectionthread.cpp:602] : progress bar is 45
[DEBUG][2022-11-06 20:16:01] [2660] - [d:\wf\2021.1\output_files\ads\fab_develop\branches\pds_2021.1\source\sw\cdt\jtagserver\jsconnectionthread.cpp:602] : progress bar is 50
[DEBUG][2022-11-06 20:16:01] [2660] - [d:\wf\2021.1\output_files\ads\fab_develop\branches\pds_2021.1\source\sw\cdt\jtagserver\jsconnectionthread.cpp:602] : progress bar is 55
[DEBUG][2022-11-06 20:16:01] [2660] - [d:\wf\2021.1\output_files\ads\fab_develop\branches\pds_2021.1\source\sw\cdt\jtagserver\jsconnectionthread.cpp:602] : progress bar is 60
[DEBUG][2022-11-06 20:16:01] [2660] - [d:\wf\2021.1\output_files\ads\fab_develop\branches\pds_2021.1\source\sw\cdt\jtagserver\jsconnectionthread.cpp:602] : progress bar is 65
[DEBUG][2022-11-06 20:16:01] [2660] - [d:\wf\2021.1\output_files\ads\fab_develop\branches\pds_2021.1\source\sw\cdt\jtagserver\jsconnectionthread.cpp:602] : progress bar is 70
[DEBUG][2022-11-06 20:16:01] [2660] - [d:\wf\2021.1\output_files\ads\fab_develop\branches\pds_2021.1\source\sw\cdt\jtagserver\jsconnectionthread.cpp:602] : progress bar is 75
[DEBUG][2022-11-06 20:16:01] [2660] - [d:\wf\2021.1\output_files\ads\fab_develop\branches\pds_2021.1\source\sw\cdt\jtagserver\jsconnectionthread.cpp:602] : progress bar is 80
[DEBUG][2022-11-06 20:16:02] [2660] - [d:\wf\2021.1\output_files\ads\fab_develop\branches\pds_2021.1\source\sw\cdt\jtagserver\jsconnectionthread.cpp:602] : progress bar is 85
[DEBUG][2022-11-06 20:16:02] [2660] - [d:\wf\2021.1\output_files\ads\fab_develop\branches\pds_2021.1\source\sw\cdt\jtagserver\jsconnectionthread.cpp:602] : progress bar is 90
[DEBUG][2022-11-06 20:16:02] [2660] - [d:\wf\2021.1\output_files\ads\fab_develop\branches\pds_2021.1\source\sw\cdt\jtagserver\jsconnectionthread.cpp:602] : progress bar is 95
[DEBUG][2022-11-06 20:16:02] [2660] - [d:\wf\2021.1\output_files\ads\fab_develop\branches\pds_2021.1\source\sw\cdt\jtagserver\jsconnectionthread.cpp:602] : progress bar is 100
[DEBUG][2022-11-06 20:16:02] [2660] - [d:\wf\2021.1\output_files\ads\fab_develop\branches\pds_2021.1\source\sw\cdt\jtagserver\jsdevicepango.cpp:1214] : begin to read back config registerregAddr is 9
[DEBUG][2022-11-06 20:16:02] [2660] - [d:\wf\2021.1\output_files\ads\fab_develop\branches\pds_2021.1\source\sw\cdt\jtagserver\jsdevicepango.cpp:634] : the value in the status register is :4193440
[DEBUG][2022-11-06 20:16:02] [2660] - [d:\wf\2021.1\output_files\ads\fab_develop\branches\pds_2021.1\source\sw\cdt\jtagserver\jsdevicepango.cpp:1214] : begin to read back config registerregAddr is 9
[DEBUG][2022-11-06 20:16:02] [2660] - [d:\wf\2021.1\output_files\ads\fab_develop\branches\pds_2021.1\source\sw\cdt\jtagserver\jsjtagserver.cpp:144] : cmd operation Program releases locker
[INFO][2022-11-09 14:18:50] [8432] - [d:\wf\2021.1\output_files\ads\fab_develop\branches\pds_2021.1\source\sw\cdt\jtagserver\main.cpp:60] : /***************************Start jtagserver***************************/
[INFO][2022-11-09 14:18:50] [8432] - [d:\wf\2021.1\output_files\ads\fab_develop\branches\pds_2021.1\source\sw\cdt\jtagserver\main.cpp:61] : Path: D:/pango/PDS_2021.1-SP7.3-ads/bin
[INFO][2022-11-09 14:18:50] [8432] - [d:\wf\2021.1\output_files\ads\fab_develop\branches\pds_2021.1\source\sw\cdt\jtagserver\main.cpp:62] : Version: 94852
[DEBUG][2022-11-09 14:18:50] [8432] - [d:\wf\2021.1\output_files\ads\fab_develop\branches\pds_2021.1\source\sw\cdt\jtagserver\jsjtagserver.cpp:168] : Add a new user_thread, socket descriptor is 1184 user_thread id is 00000000000020F0
[DEBUG][2022-11-09 14:18:50] [8432] - [d:\wf\2021.1\output_files\ads\fab_develop\branches\pds_2021.1\source\sw\cdt\jtagserver\jsjtagserver.cpp:169] : After adding, map size is : 1
[DEBUG][2022-11-09 14:18:50] [8432] - [d:\wf\2021.1\output_files\ads\fab_develop\branches\pds_2021.1\source\sw\cdt\jtagserver\jsjtagserver.cpp:168] : Add a new user_thread, socket descriptor is 1144 user_thread id is 00000000000020F0
[DEBUG][2022-11-09 14:18:50] [8432] - [d:\wf\2021.1\output_files\ads\fab_develop\branches\pds_2021.1\source\sw\cdt\jtagserver\jsjtagserver.cpp:169] : After adding, map size is : 2
[DEBUG][2022-11-09 14:18:50] [9952] - [d:\wf\2021.1\output_files\ads\fab_develop\branches\pds_2021.1\source\sw\cdt\jtagserver\jsconnectionthread.cpp:104] : IP address of connecting client is : ::ffff:127.0.0.1
[DEBUG][2022-11-09 14:18:50] [13956] - [d:\wf\2021.1\output_files\ads\fab_develop\branches\pds_2021.1\source\sw\cdt\jtagserver\jsconnectionthread.cpp:104] : IP address of connecting client is : ::ffff:127.0.0.1
[DEBUG][2022-11-09 14:18:50] [13956] - [d:\wf\2021.1\output_files\ads\fab_develop\branches\pds_2021.1\source\sw\cdt\jtagserver\jsconnectionthread.cpp:649] : Remove the header data from the client, index : 0
[DEBUG][2022-11-09 14:18:50] [13956] - [d:\wf\2021.1\output_files\ads\fab_develop\branches\pds_2021.1\source\sw\cdt\jtagserver\jsconnectionthread.cpp:700] : _total_bytes_size : 158
[DEBUG][2022-11-09 14:18:50] [13956] - [d:\wf\2021.1\output_files\ads\fab_develop\branches\pds_2021.1\source\sw\cdt\jtagserver\jsconnectionthread.cpp:649] : Remove the header data from the client, index : 0
[DEBUG][2022-11-09 14:18:50] [13956] - [d:\wf\2021.1\output_files\ads\fab_develop\branches\pds_2021.1\source\sw\cdt\jtagserver\jsconnectionthread.cpp:700] : _total_bytes_size : 96
[DEBUG][2022-11-09 14:18:50] [13956] - [d:\wf\2021.1\output_files\ads\fab_develop\branches\pds_2021.1\source\sw\cdt\jtagserver\jsconnectionthread.cpp:368] : cmd id :40010cmd name : get_cable_paras
[DEBUG][2022-11-09 14:18:51] [13956] - [d:\wf\2021.1\output_files\ads\fab_develop\branches\pds_2021.1\source\sw\cdt\jtagserver\jsjtagserver.cpp:144] : cmd operation get_cable_paras releases locker
[DEBUG][2022-11-09 14:18:51] [13956] - [d:\wf\2021.1\output_files\ads\fab_develop\branches\pds_2021.1\source\sw\cdt\jtagserver\jsconnectionthread.cpp:649] : Remove the header data from the client, index : 0
[DEBUG][2022-11-09 14:18:51] [13956] - [d:\wf\2021.1\output_files\ads\fab_develop\branches\pds_2021.1\source\sw\cdt\jtagserver\jsconnectionthread.cpp:700] : _total_bytes_size : 101
[DEBUG][2022-11-09 14:18:51] [13956] - [d:\wf\2021.1\output_files\ads\fab_develop\branches\pds_2021.1\source\sw\cdt\jtagserver\jsconnectionthread.cpp:368] : cmd id :20001cmd name : Open config cable
[ERROR][2022-11-09 14:18:51] [13956] - [d:\wf\2021.1\output_files\ads\fab_develop\branches\pds_2021.1\source\sw\cdt\jtagserver\jsmanagerbase.cpp:112] : Hardware handler is invalid
[DEBUG][2022-11-09 14:18:51] [13956] - [d:\wf\2021.1\output_files\ads\fab_develop\branches\pds_2021.1\source\sw\cdt\jtagserver\jsjtagserver.cpp:144] : cmd operation Open config cable releases locker
[DEBUG][2022-11-09 14:19:04] [13956] - [d:\wf\2021.1\output_files\ads\fab_develop\branches\pds_2021.1\source\sw\cdt\jtagserver\jsconnectionthread.cpp:649] : Remove the header data from the client, index : 0
[DEBUG][2022-11-09 14:19:04] [13956] - [d:\wf\2021.1\output_files\ads\fab_develop\branches\pds_2021.1\source\sw\cdt\jtagserver\jsconnectionthread.cpp:700] : _total_bytes_size : 101
[DEBUG][2022-11-09 14:19:04] [13956] - [d:\wf\2021.1\output_files\ads\fab_develop\branches\pds_2021.1\source\sw\cdt\jtagserver\jsconnectionthread.cpp:368] : cmd id :20001cmd name : Open config cable
[ERROR][2022-11-09 14:19:04] [13956] - [d:\wf\2021.1\output_files\ads\fab_develop\branches\pds_2021.1\source\sw\cdt\jtagserver\jsmanagerbase.cpp:112] : Hardware handler is invalid
[DEBUG][2022-11-09 14:19:04] [13956] - [d:\wf\2021.1\output_files\ads\fab_develop\branches\pds_2021.1\source\sw\cdt\jtagserver\jsjtagserver.cpp:144] : cmd operation Open config cable releases locker
[DEBUG][2022-11-09 14:19:05] [13956] - [d:\wf\2021.1\output_files\ads\fab_develop\branches\pds_2021.1\source\sw\cdt\jtagserver\jsconnectionthread.cpp:649] : Remove the header data from the client, index : 0
[DEBUG][2022-11-09 14:19:05] [13956] - [d:\wf\2021.1\output_files\ads\fab_develop\branches\pds_2021.1\source\sw\cdt\jtagserver\jsconnectionthread.cpp:700] : _total_bytes_size : 101
[DEBUG][2022-11-09 14:19:05] [13956] - [d:\wf\2021.1\output_files\ads\fab_develop\branches\pds_2021.1\source\sw\cdt\jtagserver\jsconnectionthread.cpp:368] : cmd id :20001cmd name : Open config cable
[ERROR][2022-11-09 14:19:05] [13956] - [d:\wf\2021.1\output_files\ads\fab_develop\branches\pds_2021.1\source\sw\cdt\jtagserver\jsmanagerbase.cpp:112] : Hardware handler is invalid
[DEBUG][2022-11-09 14:19:05] [13956] - [d:\wf\2021.1\output_files\ads\fab_develop\branches\pds_2021.1\source\sw\cdt\jtagserver\jsjtagserver.cpp:144] : cmd operation Open config cable releases locker
[DEBUG][2022-11-09 14:19:06] [13956] - [d:\wf\2021.1\output_files\ads\fab_develop\branches\pds_2021.1\source\sw\cdt\jtagserver\jsconnectionthread.cpp:649] : Remove the header data from the client, index : 0
[DEBUG][2022-11-09 14:19:06] [13956] - [d:\wf\2021.1\output_files\ads\fab_develop\branches\pds_2021.1\source\sw\cdt\jtagserver\jsconnectionthread.cpp:700] : _total_bytes_size : 101
[DEBUG][2022-11-09 14:19:06] [13956] - [d:\wf\2021.1\output_files\ads\fab_develop\branches\pds_2021.1\source\sw\cdt\jtagserver\jsconnectionthread.cpp:368] : cmd id :20001cmd name : Open config cable
[ERROR][2022-11-09 14:19:06] [13956] - [d:\wf\2021.1\output_files\ads\fab_develop\branches\pds_2021.1\source\sw\cdt\jtagserver\jsmanagerbase.cpp:112] : Hardware handler is invalid
[DEBUG][2022-11-09 14:19:06] [13956] - [d:\wf\2021.1\output_files\ads\fab_develop\branches\pds_2021.1\source\sw\cdt\jtagserver\jsjtagserver.cpp:144] : cmd operation Open config cable releases locker
[INFO][2022-11-09 14:19:28] [7084] - [d:\wf\2021.1\output_files\ads\fab_develop\branches\pds_2021.1\source\sw\cdt\jtagserver\main.cpp:60] : /***************************Start jtagserver***************************/
[INFO][2022-11-09 14:19:28] [7084] - [d:\wf\2021.1\output_files\ads\fab_develop\branches\pds_2021.1\source\sw\cdt\jtagserver\main.cpp:61] : Path: D:/pango/PDS_2021.1-SP7.3-ads/bin
[INFO][2022-11-09 14:19:28] [7084] - [d:\wf\2021.1\output_files\ads\fab_develop\branches\pds_2021.1\source\sw\cdt\jtagserver\main.cpp:62] : Version: 94852
[DEBUG][2022-11-09 14:19:28] [7084] - [d:\wf\2021.1\output_files\ads\fab_develop\branches\pds_2021.1\source\sw\cdt\jtagserver\jsjtagserver.cpp:168] : Add a new user_thread, socket descriptor is 1084 user_thread id is 0000000000001BAC
[DEBUG][2022-11-09 14:19:28] [7084] - [d:\wf\2021.1\output_files\ads\fab_develop\branches\pds_2021.1\source\sw\cdt\jtagserver\jsjtagserver.cpp:169] : After adding, map size is : 1
[DEBUG][2022-11-09 14:19:28] [7084] - [d:\wf\2021.1\output_files\ads\fab_develop\branches\pds_2021.1\source\sw\cdt\jtagserver\jsjtagserver.cpp:168] : Add a new user_thread, socket descriptor is 1132 user_thread id is 0000000000001BAC
[DEBUG][2022-11-09 14:19:28] [7084] - [d:\wf\2021.1\output_files\ads\fab_develop\branches\pds_2021.1\source\sw\cdt\jtagserver\jsjtagserver.cpp:169] : After adding, map size is : 2
[DEBUG][2022-11-09 14:19:28] [9224] - [d:\wf\2021.1\output_files\ads\fab_develop\branches\pds_2021.1\source\sw\cdt\jtagserver\jsconnectionthread.cpp:104] : IP address of connecting client is : ::ffff:127.0.0.1
[DEBUG][2022-11-09 14:19:28] [8692] - [d:\wf\2021.1\output_files\ads\fab_develop\branches\pds_2021.1\source\sw\cdt\jtagserver\jsconnectionthread.cpp:104] : IP address of connecting client is : ::ffff:127.0.0.1
[DEBUG][2022-11-09 14:19:28] [8692] - [d:\wf\2021.1\output_files\ads\fab_develop\branches\pds_2021.1\source\sw\cdt\jtagserver\jsconnectionthread.cpp:649] : Remove the header data from the client, index : 0
[DEBUG][2022-11-09 14:19:28] [8692] - [d:\wf\2021.1\output_files\ads\fab_develop\branches\pds_2021.1\source\sw\cdt\jtagserver\jsconnectionthread.cpp:700] : _total_bytes_size : 158
[DEBUG][2022-11-09 14:19:28] [8692] - [d:\wf\2021.1\output_files\ads\fab_develop\branches\pds_2021.1\source\sw\cdt\jtagserver\jsconnectionthread.cpp:649] : Remove the header data from the client, index : 0
[DEBUG][2022-11-09 14:19:28] [8692] - [d:\wf\2021.1\output_files\ads\fab_develop\branches\pds_2021.1\source\sw\cdt\jtagserver\jsconnectionthread.cpp:700] : _total_bytes_size : 96
[DEBUG][2022-11-09 14:19:28] [8692] - [d:\wf\2021.1\output_files\ads\fab_develop\branches\pds_2021.1\source\sw\cdt\jtagserver\jsconnectionthread.cpp:368] : cmd id :40010cmd name : get_cable_paras
[DEBUG][2022-11-09 14:19:29] [8692] - [d:\wf\2021.1\output_files\ads\fab_develop\branches\pds_2021.1\source\sw\cdt\jtagserver\jsjtagserver.cpp:144] : cmd operation get_cable_paras releases locker
[DEBUG][2022-11-09 14:19:29] [8692] - [d:\wf\2021.1\output_files\ads\fab_develop\branches\pds_2021.1\source\sw\cdt\jtagserver\jsconnectionthread.cpp:649] : Remove the header data from the client, index : 0
[DEBUG][2022-11-09 14:19:29] [8692] - [d:\wf\2021.1\output_files\ads\fab_develop\branches\pds_2021.1\source\sw\cdt\jtagserver\jsconnectionthread.cpp:700] : _total_bytes_size : 101
[DEBUG][2022-11-09 14:19:29] [8692] - [d:\wf\2021.1\output_files\ads\fab_develop\branches\pds_2021.1\source\sw\cdt\jtagserver\jsconnectionthread.cpp:368] : cmd id :20001cmd name : Open config cable
[DEBUG][2022-11-09 14:19:29] [8692] - [d:\wf\2021.1\output_files\ads\fab_develop\branches\pds_2021.1\source\sw\cdt\jtagserver\jsmanagerbase.cpp:263] : the idcode from the scanning is: 0x10303899
[DEBUG][2022-11-09 14:19:29] [8692] - [d:\wf\2021.1\output_files\ads\fab_develop\branches\pds_2021.1\source\sw\cdt\jtagserver\jsmanagerbase.cpp:263] : the idcode from the scanning is: 0x0
[DEBUG][2022-11-09 14:19:29] [8692] - [d:\wf\2021.1\output_files\ads\fab_develop\branches\pds_2021.1\source\sw\cdt\jtagserver\jsmanagerbase.cpp:263] : the idcode from the scanning is: 0x0
[DEBUG][2022-11-09 14:19:29] [8692] - [d:\wf\2021.1\output_files\ads\fab_develop\branches\pds_2021.1\source\sw\cdt\jtagserver\jsmanagerbase.cpp:263] : the idcode from the scanning is: 0x0
[DEBUG][2022-11-09 14:19:29] [8692] - [d:\wf\2021.1\output_files\ads\fab_develop\branches\pds_2021.1\source\sw\cdt\jtagserver\jsmanagerbase.cpp:263] : the idcode from the scanning is: 0x0
[DEBUG][2022-11-09 14:19:29] [8692] - [d:\wf\2021.1\output_files\ads\fab_develop\branches\pds_2021.1\source\sw\cdt\jtagserver\jsdevicepango.cpp:1214] : begin to read back config registerregAddr is 9
[DEBUG][2022-11-09 14:19:29] [8692] - [d:\wf\2021.1\output_files\ads\fab_develop\branches\pds_2021.1\source\sw\cdt\jtagserver\jsjtagserver.cpp:144] : cmd operation Open config cable releases locker
[INFO][2022-11-09 14:20:04] [13008] - [d:\wf\2021.1\output_files\ads\fab_develop\branches\pds_2021.1\source\sw\cdt\jtagserver\main.cpp:60] : /***************************Start jtagserver***************************/
[INFO][2022-11-09 14:20:04] [13008] - [d:\wf\2021.1\output_files\ads\fab_develop\branches\pds_2021.1\source\sw\cdt\jtagserver\main.cpp:61] : Path: D:/pango/PDS_2021.1-SP7.3-ads/bin
[INFO][2022-11-09 14:20:04] [13008] - [d:\wf\2021.1\output_files\ads\fab_develop\branches\pds_2021.1\source\sw\cdt\jtagserver\main.cpp:62] : Version: 94852
[DEBUG][2022-11-09 14:20:04] [13008] - [d:\wf\2021.1\output_files\ads\fab_develop\branches\pds_2021.1\source\sw\cdt\jtagserver\jsjtagserver.cpp:168] : Add a new user_thread, socket descriptor is 1144 user_thread id is 00000000000032D0
[DEBUG][2022-11-09 14:20:04] [13008] - [d:\wf\2021.1\output_files\ads\fab_develop\branches\pds_2021.1\source\sw\cdt\jtagserver\jsjtagserver.cpp:169] : After adding, map size is : 1
[DEBUG][2022-11-09 14:20:04] [13008] - [d:\wf\2021.1\output_files\ads\fab_develop\branches\pds_2021.1\source\sw\cdt\jtagserver\jsjtagserver.cpp:168] : Add a new user_thread, socket descriptor is 1064 user_thread id is 00000000000032D0
[DEBUG][2022-11-09 14:20:04] [13008] - [d:\wf\2021.1\output_files\ads\fab_develop\branches\pds_2021.1\source\sw\cdt\jtagserver\jsjtagserver.cpp:169] : After adding, map size is : 2
[DEBUG][2022-11-09 14:20:04] [11236] - [d:\wf\2021.1\output_files\ads\fab_develop\branches\pds_2021.1\source\sw\cdt\jtagserver\jsconnectionthread.cpp:104] : IP address of connecting client is : ::ffff:127.0.0.1
[DEBUG][2022-11-09 14:20:04] [9636] - [d:\wf\2021.1\output_files\ads\fab_develop\branches\pds_2021.1\source\sw\cdt\jtagserver\jsconnectionthread.cpp:104] : IP address of connecting client is : ::ffff:127.0.0.1
[DEBUG][2022-11-09 14:20:04] [9636] - [d:\wf\2021.1\output_files\ads\fab_develop\branches\pds_2021.1\source\sw\cdt\jtagserver\jsconnectionthread.cpp:649] : Remove the header data from the client, index : 0
[DEBUG][2022-11-09 14:20:04] [9636] - [d:\wf\2021.1\output_files\ads\fab_develop\branches\pds_2021.1\source\sw\cdt\jtagserver\jsconnectionthread.cpp:700] : _total_bytes_size : 158
[DEBUG][2022-11-09 14:20:04] [9636] - [d:\wf\2021.1\output_files\ads\fab_develop\branches\pds_2021.1\source\sw\cdt\jtagserver\jsconnectionthread.cpp:649] : Remove the header data from the client, index : 0
[DEBUG][2022-11-09 14:20:04] [9636] - [d:\wf\2021.1\output_files\ads\fab_develop\branches\pds_2021.1\source\sw\cdt\jtagserver\jsconnectionthread.cpp:700] : _total_bytes_size : 96
[DEBUG][2022-11-09 14:20:04] [9636] - [d:\wf\2021.1\output_files\ads\fab_develop\branches\pds_2021.1\source\sw\cdt\jtagserver\jsconnectionthread.cpp:368] : cmd id :40010cmd name : get_cable_paras
[DEBUG][2022-11-09 14:20:05] [9636] - [d:\wf\2021.1\output_files\ads\fab_develop\branches\pds_2021.1\source\sw\cdt\jtagserver\jsjtagserver.cpp:144] : cmd operation get_cable_paras releases locker
[DEBUG][2022-11-09 14:20:05] [9636] - [d:\wf\2021.1\output_files\ads\fab_develop\branches\pds_2021.1\source\sw\cdt\jtagserver\jsconnectionthread.cpp:649] : Remove the header data from the client, index : 0
[DEBUG][2022-11-09 14:20:05] [9636] - [d:\wf\2021.1\output_files\ads\fab_develop\branches\pds_2021.1\source\sw\cdt\jtagserver\jsconnectionthread.cpp:700] : _total_bytes_size : 101
[DEBUG][2022-11-09 14:20:05] [9636] - [d:\wf\2021.1\output_files\ads\fab_develop\branches\pds_2021.1\source\sw\cdt\jtagserver\jsconnectionthread.cpp:368] : cmd id :20001cmd name : Open config cable
[DEBUG][2022-11-09 14:20:05] [9636] - [d:\wf\2021.1\output_files\ads\fab_develop\branches\pds_2021.1\source\sw\cdt\jtagserver\jsmanagerbase.cpp:263] : the idcode from the scanning is: 0x10303899
[DEBUG][2022-11-09 14:20:05] [9636] - [d:\wf\2021.1\output_files\ads\fab_develop\branches\pds_2021.1\source\sw\cdt\jtagserver\jsmanagerbase.cpp:263] : the idcode from the scanning is: 0x0
[DEBUG][2022-11-09 14:20:05] [9636] - [d:\wf\2021.1\output_files\ads\fab_develop\branches\pds_2021.1\source\sw\cdt\jtagserver\jsmanagerbase.cpp:263] : the idcode from the scanning is: 0x0
[DEBUG][2022-11-09 14:20:05] [9636] - [d:\wf\2021.1\output_files\ads\fab_develop\branches\pds_2021.1\source\sw\cdt\jtagserver\jsmanagerbase.cpp:263] : the idcode from the scanning is: 0x0
[DEBUG][2022-11-09 14:20:05] [9636] - [d:\wf\2021.1\output_files\ads\fab_develop\branches\pds_2021.1\source\sw\cdt\jtagserver\jsmanagerbase.cpp:263] : the idcode from the scanning is: 0x0
[DEBUG][2022-11-09 14:20:05] [9636] - [d:\wf\2021.1\output_files\ads\fab_develop\branches\pds_2021.1\source\sw\cdt\jtagserver\jsdevicepango.cpp:1214] : begin to read back config registerregAddr is 9
[DEBUG][2022-11-09 14:20:05] [9636] - [d:\wf\2021.1\output_files\ads\fab_develop\branches\pds_2021.1\source\sw\cdt\jtagserver\jsjtagserver.cpp:144] : cmd operation Open config cable releases locker
[DEBUG][2022-11-09 14:20:09] [9636] - [d:\wf\2021.1\output_files\ads\fab_develop\branches\pds_2021.1\source\sw\cdt\jtagserver\jsconnectionthread.cpp:649] : Remove the header data from the client, index : 0
[DEBUG][2022-11-09 14:20:09] [9636] - [d:\wf\2021.1\output_files\ads\fab_develop\branches\pds_2021.1\source\sw\cdt\jtagserver\jsconnectionthread.cpp:700] : _total_bytes_size : 470
[DEBUG][2022-11-09 14:20:09] [9636] - [d:\wf\2021.1\output_files\ads\fab_develop\branches\pds_2021.1\source\sw\cdt\jtagserver\jsconnectionthread.cpp:368] : cmd id :20002cmd name : Program
[DEBUG][2022-11-09 14:20:09] [9636] - [d:\wf\2021.1\output_files\ads\fab_develop\branches\pds_2021.1\source\sw\cdt\jtagserver\jsmanagerbase.cpp:263] : the idcode from the scanning is: 0x10303899
[DEBUG][2022-11-09 14:20:09] [9636] - [d:\wf\2021.1\output_files\ads\fab_develop\branches\pds_2021.1\source\sw\cdt\jtagserver\jsmanagerbase.cpp:263] : the idcode from the scanning is: 0x0
[DEBUG][2022-11-09 14:20:09] [9636] - [d:\wf\2021.1\output_files\ads\fab_develop\branches\pds_2021.1\source\sw\cdt\jtagserver\jsmanagerbase.cpp:263] : the idcode from the scanning is: 0x0
[DEBUG][2022-11-09 14:20:09] [9636] - [d:\wf\2021.1\output_files\ads\fab_develop\branches\pds_2021.1\source\sw\cdt\jtagserver\jsmanagerbase.cpp:263] : the idcode from the scanning is: 0x0
[DEBUG][2022-11-09 14:20:09] [9636] - [d:\wf\2021.1\output_files\ads\fab_develop\branches\pds_2021.1\source\sw\cdt\jtagserver\jsmanagerbase.cpp:263] : the idcode from the scanning is: 0x0
[DEBUG][2022-11-09 14:20:09] [9636] - [d:\wf\2021.1\output_files\ads\fab_develop\branches\pds_2021.1\source\sw\cdt\jtagserver\jsdevicepango.cpp:1214] : begin to read back config registerregAddr is 4
[DEBUG][2022-11-09 14:20:10] [9636] - [d:\wf\2021.1\output_files\ads\fab_develop\branches\pds_2021.1\source\sw\cdt\jtagserver\jsconnectionthread.cpp:602] : progress bar is 6
[DEBUG][2022-11-09 14:20:10] [9636] - [d:\wf\2021.1\output_files\ads\fab_develop\branches\pds_2021.1\source\sw\cdt\jtagserver\jsconnectionthread.cpp:602] : progress bar is 10
[DEBUG][2022-11-09 14:20:10] [9636] - [d:\wf\2021.1\output_files\ads\fab_develop\branches\pds_2021.1\source\sw\cdt\jtagserver\jsconnectionthread.cpp:602] : progress bar is 15
[DEBUG][2022-11-09 14:20:10] [9636] - [d:\wf\2021.1\output_files\ads\fab_develop\branches\pds_2021.1\source\sw\cdt\jtagserver\jsconnectionthread.cpp:602] : progress bar is 20
[DEBUG][2022-11-09 14:20:10] [9636] - [d:\wf\2021.1\output_files\ads\fab_develop\branches\pds_2021.1\source\sw\cdt\jtagserver\jsconnectionthread.cpp:602] : progress bar is 25
[DEBUG][2022-11-09 14:20:10] [9636] - [d:\wf\2021.1\output_files\ads\fab_develop\branches\pds_2021.1\source\sw\cdt\jtagserver\jsconnectionthread.cpp:602] : progress bar is 30
[DEBUG][2022-11-09 14:20:10] [9636] - [d:\wf\2021.1\output_files\ads\fab_develop\branches\pds_2021.1\source\sw\cdt\jtagserver\jsconnectionthread.cpp:602] : progress bar is 35
[DEBUG][2022-11-09 14:20:10] [9636] - [d:\wf\2021.1\output_files\ads\fab_develop\branches\pds_2021.1\source\sw\cdt\jtagserver\jsconnectionthread.cpp:602] : progress bar is 40
[DEBUG][2022-11-09 14:20:10] [9636] - [d:\wf\2021.1\output_files\ads\fab_develop\branches\pds_2021.1\source\sw\cdt\jtagserver\jsconnectionthread.cpp:602] : progress bar is 45
[DEBUG][2022-11-09 14:20:10] [9636] - [d:\wf\2021.1\output_files\ads\fab_develop\branches\pds_2021.1\source\sw\cdt\jtagserver\jsconnectionthread.cpp:602] : progress bar is 50
[DEBUG][2022-11-09 14:20:10] [9636] - [d:\wf\2021.1\output_files\ads\fab_develop\branches\pds_2021.1\source\sw\cdt\jtagserver\jsconnectionthread.cpp:602] : progress bar is 55
[DEBUG][2022-11-09 14:20:10] [9636] - [d:\wf\2021.1\output_files\ads\fab_develop\branches\pds_2021.1\source\sw\cdt\jtagserver\jsconnectionthread.cpp:602] : progress bar is 60
[DEBUG][2022-11-09 14:20:10] [9636] - [d:\wf\2021.1\output_files\ads\fab_develop\branches\pds_2021.1\source\sw\cdt\jtagserver\jsconnectionthread.cpp:602] : progress bar is 65
[DEBUG][2022-11-09 14:20:10] [9636] - [d:\wf\2021.1\output_files\ads\fab_develop\branches\pds_2021.1\source\sw\cdt\jtagserver\jsconnectionthread.cpp:602] : progress bar is 70
[DEBUG][2022-11-09 14:20:10] [9636] - [d:\wf\2021.1\output_files\ads\fab_develop\branches\pds_2021.1\source\sw\cdt\jtagserver\jsconnectionthread.cpp:602] : progress bar is 75
[DEBUG][2022-11-09 14:20:10] [9636] - [d:\wf\2021.1\output_files\ads\fab_develop\branches\pds_2021.1\source\sw\cdt\jtagserver\jsconnectionthread.cpp:602] : progress bar is 80
[DEBUG][2022-11-09 14:20:10] [9636] - [d:\wf\2021.1\output_files\ads\fab_develop\branches\pds_2021.1\source\sw\cdt\jtagserver\jsconnectionthread.cpp:602] : progress bar is 85
[DEBUG][2022-11-09 14:20:10] [9636] - [d:\wf\2021.1\output_files\ads\fab_develop\branches\pds_2021.1\source\sw\cdt\jtagserver\jsconnectionthread.cpp:602] : progress bar is 90
[DEBUG][2022-11-09 14:20:10] [9636] - [d:\wf\2021.1\output_files\ads\fab_develop\branches\pds_2021.1\source\sw\cdt\jtagserver\jsconnectionthread.cpp:602] : progress bar is 95
[DEBUG][2022-11-09 14:20:10] [9636] - [d:\wf\2021.1\output_files\ads\fab_develop\branches\pds_2021.1\source\sw\cdt\jtagserver\jsconnectionthread.cpp:602] : progress bar is 100
[DEBUG][2022-11-09 14:20:10] [9636] - [d:\wf\2021.1\output_files\ads\fab_develop\branches\pds_2021.1\source\sw\cdt\jtagserver\jsdevicepango.cpp:1214] : begin to read back config registerregAddr is 9
[DEBUG][2022-11-09 14:20:10] [9636] - [d:\wf\2021.1\output_files\ads\fab_develop\branches\pds_2021.1\source\sw\cdt\jtagserver\jsdevicepango.cpp:634] : the value in the status register is :3144864
[DEBUG][2022-11-09 14:20:10] [9636] - [d:\wf\2021.1\output_files\ads\fab_develop\branches\pds_2021.1\source\sw\cdt\jtagserver\jsdevicepango.cpp:1214] : begin to read back config registerregAddr is 9
[DEBUG][2022-11-09 14:20:10] [9636] - [d:\wf\2021.1\output_files\ads\fab_develop\branches\pds_2021.1\source\sw\cdt\jtagserver\jsjtagserver.cpp:144] : cmd operation Program releases locker
[DEBUG][2022-11-09 14:21:06] [9636] - [d:\wf\2021.1\output_files\ads\fab_develop\branches\pds_2021.1\source\sw\cdt\jtagserver\jsconnectionthread.cpp:649] : Remove the header data from the client, index : 0
[DEBUG][2022-11-09 14:21:06] [9636] - [d:\wf\2021.1\output_files\ads\fab_develop\branches\pds_2021.1\source\sw\cdt\jtagserver\jsconnectionthread.cpp:700] : _total_bytes_size : 470
[DEBUG][2022-11-09 14:21:06] [9636] - [d:\wf\2021.1\output_files\ads\fab_develop\branches\pds_2021.1\source\sw\cdt\jtagserver\jsconnectionthread.cpp:368] : cmd id :20002cmd name : Program
[DEBUG][2022-11-09 14:21:06] [9636] - [d:\wf\2021.1\output_files\ads\fab_develop\branches\pds_2021.1\source\sw\cdt\jtagserver\jsmanagerbase.cpp:263] : the idcode from the scanning is: 0x10303899
[DEBUG][2022-11-09 14:21:06] [9636] - [d:\wf\2021.1\output_files\ads\fab_develop\branches\pds_2021.1\source\sw\cdt\jtagserver\jsmanagerbase.cpp:263] : the idcode from the scanning is: 0x0
[DEBUG][2022-11-09 14:21:06] [9636] - [d:\wf\2021.1\output_files\ads\fab_develop\branches\pds_2021.1\source\sw\cdt\jtagserver\jsmanagerbase.cpp:263] : the idcode from the scanning is: 0x0
[DEBUG][2022-11-09 14:21:06] [9636] - [d:\wf\2021.1\output_files\ads\fab_develop\branches\pds_2021.1\source\sw\cdt\jtagserver\jsmanagerbase.cpp:263] : the idcode from the scanning is: 0x0
[DEBUG][2022-11-09 14:21:06] [9636] - [d:\wf\2021.1\output_files\ads\fab_develop\branches\pds_2021.1\source\sw\cdt\jtagserver\jsmanagerbase.cpp:263] : the idcode from the scanning is: 0x0
[DEBUG][2022-11-09 14:21:06] [9636] - [d:\wf\2021.1\output_files\ads\fab_develop\branches\pds_2021.1\source\sw\cdt\jtagserver\jsdevicepango.cpp:1214] : begin to read back config registerregAddr is 4
[DEBUG][2022-11-09 14:21:06] [9636] - [d:\wf\2021.1\output_files\ads\fab_develop\branches\pds_2021.1\source\sw\cdt\jtagserver\jsconnectionthread.cpp:602] : progress bar is 6
[DEBUG][2022-11-09 14:21:06] [9636] - [d:\wf\2021.1\output_files\ads\fab_develop\branches\pds_2021.1\source\sw\cdt\jtagserver\jsconnectionthread.cpp:602] : progress bar is 10
[DEBUG][2022-11-09 14:21:06] [9636] - [d:\wf\2021.1\output_files\ads\fab_develop\branches\pds_2021.1\source\sw\cdt\jtagserver\jsconnectionthread.cpp:602] : progress bar is 15
[DEBUG][2022-11-09 14:21:06] [9636] - [d:\wf\2021.1\output_files\ads\fab_develop\branches\pds_2021.1\source\sw\cdt\jtagserver\jsconnectionthread.cpp:602] : progress bar is 20
[DEBUG][2022-11-09 14:21:06] [9636] - [d:\wf\2021.1\output_files\ads\fab_develop\branches\pds_2021.1\source\sw\cdt\jtagserver\jsconnectionthread.cpp:602] : progress bar is 25
[DEBUG][2022-11-09 14:21:06] [9636] - [d:\wf\2021.1\output_files\ads\fab_develop\branches\pds_2021.1\source\sw\cdt\jtagserver\jsconnectionthread.cpp:602] : progress bar is 30
[DEBUG][2022-11-09 14:21:06] [9636] - [d:\wf\2021.1\output_files\ads\fab_develop\branches\pds_2021.1\source\sw\cdt\jtagserver\jsconnectionthread.cpp:602] : progress bar is 35
[DEBUG][2022-11-09 14:21:06] [9636] - [d:\wf\2021.1\output_files\ads\fab_develop\branches\pds_2021.1\source\sw\cdt\jtagserver\jsconnectionthread.cpp:602] : progress bar is 40
[DEBUG][2022-11-09 14:21:06] [9636] - [d:\wf\2021.1\output_files\ads\fab_develop\branches\pds_2021.1\source\sw\cdt\jtagserver\jsconnectionthread.cpp:602] : progress bar is 45
[DEBUG][2022-11-09 14:21:06] [9636] - [d:\wf\2021.1\output_files\ads\fab_develop\branches\pds_2021.1\source\sw\cdt\jtagserver\jsconnectionthread.cpp:602] : progress bar is 50
[DEBUG][2022-11-09 14:21:06] [9636] - [d:\wf\2021.1\output_files\ads\fab_develop\branches\pds_2021.1\source\sw\cdt\jtagserver\jsconnectionthread.cpp:602] : progress bar is 55
[DEBUG][2022-11-09 14:21:06] [9636] - [d:\wf\2021.1\output_files\ads\fab_develop\branches\pds_2021.1\source\sw\cdt\jtagserver\jsconnectionthread.cpp:602] : progress bar is 60
[DEBUG][2022-11-09 14:21:06] [9636] - [d:\wf\2021.1\output_files\ads\fab_develop\branches\pds_2021.1\source\sw\cdt\jtagserver\jsconnectionthread.cpp:602] : progress bar is 65
[DEBUG][2022-11-09 14:21:06] [9636] - [d:\wf\2021.1\output_files\ads\fab_develop\branches\pds_2021.1\source\sw\cdt\jtagserver\jsconnectionthread.cpp:602] : progress bar is 70
[DEBUG][2022-11-09 14:21:06] [9636] - [d:\wf\2021.1\output_files\ads\fab_develop\branches\pds_2021.1\source\sw\cdt\jtagserver\jsconnectionthread.cpp:602] : progress bar is 75
[DEBUG][2022-11-09 14:21:06] [9636] - [d:\wf\2021.1\output_files\ads\fab_develop\branches\pds_2021.1\source\sw\cdt\jtagserver\jsconnectionthread.cpp:602] : progress bar is 80
[DEBUG][2022-11-09 14:21:06] [9636] - [d:\wf\2021.1\output_files\ads\fab_develop\branches\pds_2021.1\source\sw\cdt\jtagserver\jsconnectionthread.cpp:602] : progress bar is 85
[DEBUG][2022-11-09 14:21:06] [9636] - [d:\wf\2021.1\output_files\ads\fab_develop\branches\pds_2021.1\source\sw\cdt\jtagserver\jsconnectionthread.cpp:602] : progress bar is 90
[DEBUG][2022-11-09 14:21:06] [9636] - [d:\wf\2021.1\output_files\ads\fab_develop\branches\pds_2021.1\source\sw\cdt\jtagserver\jsconnectionthread.cpp:602] : progress bar is 95
[DEBUG][2022-11-09 14:21:06] [9636] - [d:\wf\2021.1\output_files\ads\fab_develop\branches\pds_2021.1\source\sw\cdt\jtagserver\jsconnectionthread.cpp:602] : progress bar is 100
[DEBUG][2022-11-09 14:21:06] [9636] - [d:\wf\2021.1\output_files\ads\fab_develop\branches\pds_2021.1\source\sw\cdt\jtagserver\jsdevicepango.cpp:1214] : begin to read back config registerregAddr is 9
[DEBUG][2022-11-09 14:21:06] [9636] - [d:\wf\2021.1\output_files\ads\fab_develop\branches\pds_2021.1\source\sw\cdt\jtagserver\jsdevicepango.cpp:634] : the value in the status register is :3144864
[DEBUG][2022-11-09 14:21:06] [9636] - [d:\wf\2021.1\output_files\ads\fab_develop\branches\pds_2021.1\source\sw\cdt\jtagserver\jsdevicepango.cpp:1214] : begin to read back config registerregAddr is 9
[DEBUG][2022-11-09 14:21:07] [9636] - [d:\wf\2021.1\output_files\ads\fab_develop\branches\pds_2021.1\source\sw\cdt\jtagserver\jsjtagserver.cpp:144] : cmd operation Program releases locker
[DEBUG][2022-11-09 14:23:24] [9636] - [d:\wf\2021.1\output_files\ads\fab_develop\branches\pds_2021.1\source\sw\cdt\jtagserver\jsconnectionthread.cpp:649] : Remove the header data from the client, index : 0
[DEBUG][2022-11-09 14:23:24] [9636] - [d:\wf\2021.1\output_files\ads\fab_develop\branches\pds_2021.1\source\sw\cdt\jtagserver\jsconnectionthread.cpp:700] : _total_bytes_size : 470
[DEBUG][2022-11-09 14:23:24] [9636] - [d:\wf\2021.1\output_files\ads\fab_develop\branches\pds_2021.1\source\sw\cdt\jtagserver\jsconnectionthread.cpp:368] : cmd id :20002cmd name : Program
[DEBUG][2022-11-09 14:23:24] [9636] - [d:\wf\2021.1\output_files\ads\fab_develop\branches\pds_2021.1\source\sw\cdt\jtagserver\jsmanagerbase.cpp:263] : the idcode from the scanning is: 0x10303899
[DEBUG][2022-11-09 14:23:24] [9636] - [d:\wf\2021.1\output_files\ads\fab_develop\branches\pds_2021.1\source\sw\cdt\jtagserver\jsmanagerbase.cpp:263] : the idcode from the scanning is: 0x0
[DEBUG][2022-11-09 14:23:24] [9636] - [d:\wf\2021.1\output_files\ads\fab_develop\branches\pds_2021.1\source\sw\cdt\jtagserver\jsmanagerbase.cpp:263] : the idcode from the scanning is: 0x0
[DEBUG][2022-11-09 14:23:24] [9636] - [d:\wf\2021.1\output_files\ads\fab_develop\branches\pds_2021.1\source\sw\cdt\jtagserver\jsmanagerbase.cpp:263] : the idcode from the scanning is: 0x0
[DEBUG][2022-11-09 14:23:24] [9636] - [d:\wf\2021.1\output_files\ads\fab_develop\branches\pds_2021.1\source\sw\cdt\jtagserver\jsmanagerbase.cpp:263] : the idcode from the scanning is: 0x0
[DEBUG][2022-11-09 14:23:24] [9636] - [d:\wf\2021.1\output_files\ads\fab_develop\branches\pds_2021.1\source\sw\cdt\jtagserver\jsdevicepango.cpp:1214] : begin to read back config registerregAddr is 4
[DEBUG][2022-11-09 14:23:24] [9636] - [d:\wf\2021.1\output_files\ads\fab_develop\branches\pds_2021.1\source\sw\cdt\jtagserver\jsconnectionthread.cpp:602] : progress bar is 6
[DEBUG][2022-11-09 14:23:24] [9636] - [d:\wf\2021.1\output_files\ads\fab_develop\branches\pds_2021.1\source\sw\cdt\jtagserver\jsconnectionthread.cpp:602] : progress bar is 10
[DEBUG][2022-11-09 14:23:24] [9636] - [d:\wf\2021.1\output_files\ads\fab_develop\branches\pds_2021.1\source\sw\cdt\jtagserver\jsconnectionthread.cpp:602] : progress bar is 15
[DEBUG][2022-11-09 14:23:24] [9636] - [d:\wf\2021.1\output_files\ads\fab_develop\branches\pds_2021.1\source\sw\cdt\jtagserver\jsconnectionthread.cpp:602] : progress bar is 20
[DEBUG][2022-11-09 14:23:24] [9636] - [d:\wf\2021.1\output_files\ads\fab_develop\branches\pds_2021.1\source\sw\cdt\jtagserver\jsconnectionthread.cpp:602] : progress bar is 25
[DEBUG][2022-11-09 14:23:24] [9636] - [d:\wf\2021.1\output_files\ads\fab_develop\branches\pds_2021.1\source\sw\cdt\jtagserver\jsconnectionthread.cpp:602] : progress bar is 30
[DEBUG][2022-11-09 14:23:24] [9636] - [d:\wf\2021.1\output_files\ads\fab_develop\branches\pds_2021.1\source\sw\cdt\jtagserver\jsconnectionthread.cpp:602] : progress bar is 35
[DEBUG][2022-11-09 14:23:24] [9636] - [d:\wf\2021.1\output_files\ads\fab_develop\branches\pds_2021.1\source\sw\cdt\jtagserver\jsconnectionthread.cpp:602] : progress bar is 40
[DEBUG][2022-11-09 14:23:24] [9636] - [d:\wf\2021.1\output_files\ads\fab_develop\branches\pds_2021.1\source\sw\cdt\jtagserver\jsconnectionthread.cpp:602] : progress bar is 45
[DEBUG][2022-11-09 14:23:24] [9636] - [d:\wf\2021.1\output_files\ads\fab_develop\branches\pds_2021.1\source\sw\cdt\jtagserver\jsconnectionthread.cpp:602] : progress bar is 50
[DEBUG][2022-11-09 14:23:24] [9636] - [d:\wf\2021.1\output_files\ads\fab_develop\branches\pds_2021.1\source\sw\cdt\jtagserver\jsconnectionthread.cpp:602] : progress bar is 55
[DEBUG][2022-11-09 14:23:24] [9636] - [d:\wf\2021.1\output_files\ads\fab_develop\branches\pds_2021.1\source\sw\cdt\jtagserver\jsconnectionthread.cpp:602] : progress bar is 60
[DEBUG][2022-11-09 14:23:24] [9636] - [d:\wf\2021.1\output_files\ads\fab_develop\branches\pds_2021.1\source\sw\cdt\jtagserver\jsconnectionthread.cpp:602] : progress bar is 65
[DEBUG][2022-11-09 14:23:24] [9636] - [d:\wf\2021.1\output_files\ads\fab_develop\branches\pds_2021.1\source\sw\cdt\jtagserver\jsconnectionthread.cpp:602] : progress bar is 70
[DEBUG][2022-11-09 14:23:24] [9636] - [d:\wf\2021.1\output_files\ads\fab_develop\branches\pds_2021.1\source\sw\cdt\jtagserver\jsconnectionthread.cpp:602] : progress bar is 75
[DEBUG][2022-11-09 14:23:24] [9636] - [d:\wf\2021.1\output_files\ads\fab_develop\branches\pds_2021.1\source\sw\cdt\jtagserver\jsconnectionthread.cpp:602] : progress bar is 80
[DEBUG][2022-11-09 14:23:25] [9636] - [d:\wf\2021.1\output_files\ads\fab_develop\branches\pds_2021.1\source\sw\cdt\jtagserver\jsconnectionthread.cpp:602] : progress bar is 85
[DEBUG][2022-11-09 14:23:25] [9636] - [d:\wf\2021.1\output_files\ads\fab_develop\branches\pds_2021.1\source\sw\cdt\jtagserver\jsconnectionthread.cpp:602] : progress bar is 90
[DEBUG][2022-11-09 14:23:25] [9636] - [d:\wf\2021.1\output_files\ads\fab_develop\branches\pds_2021.1\source\sw\cdt\jtagserver\jsconnectionthread.cpp:602] : progress bar is 95
[DEBUG][2022-11-09 14:23:25] [9636] - [d:\wf\2021.1\output_files\ads\fab_develop\branches\pds_2021.1\source\sw\cdt\jtagserver\jsconnectionthread.cpp:602] : progress bar is 100
[DEBUG][2022-11-09 14:23:25] [9636] - [d:\wf\2021.1\output_files\ads\fab_develop\branches\pds_2021.1\source\sw\cdt\jtagserver\jsdevicepango.cpp:1214] : begin to read back config registerregAddr is 9
[DEBUG][2022-11-09 14:23:25] [9636] - [d:\wf\2021.1\output_files\ads\fab_develop\branches\pds_2021.1\source\sw\cdt\jtagserver\jsdevicepango.cpp:634] : the value in the status register is :3144864
[DEBUG][2022-11-09 14:23:25] [9636] - [d:\wf\2021.1\output_files\ads\fab_develop\branches\pds_2021.1\source\sw\cdt\jtagserver\jsdevicepango.cpp:1214] : begin to read back config registerregAddr is 9
[DEBUG][2022-11-09 14:23:25] [9636] - [d:\wf\2021.1\output_files\ads\fab_develop\branches\pds_2021.1\source\sw\cdt\jtagserver\jsjtagserver.cpp:144] : cmd operation Program releases locker
