IP Generator (Version 2021.1-SP7.3 build 94852)
Check out license ...
Start generating at 2022-11-06 15:17
Instance: G_re (D:\hdmi_final\ipcore\G_re\G_re.idf)
IP: Distributed Simple Dual Port RAM (1.2)
Part: Logos-PGL22G-MBG324--6
Create directory 'rtl' ...
Copy 'rtl\ipm_distributed_sdpram_v1_2.v.xml' to 'rtl' ...
Compile file 'rtl\ipm_distributed_sdpram_v1_2.v.xml' to 'rtl\ipm_distributed_sdpram_v1_2_G_re.v' ...
Copy 'ipm_distributed_sdpram_wrapper_v1_2.v.xml' ...
Copy 'ipm_distributed_sdpram_wrapper_v1_2_tb.v.xml' ...
Copy 'init_param_bin_exmp.dat' ...
Copy 'init_param_hex_exmp.dat' ...
Compile file 'ipm_distributed_sdpram_wrapper_v1_2.v.xml' to 'G_re.v' ...
Found top module 'G_re' in file 'G_re.v'.
Compile file 'ipm_distributed_sdpram_wrapper_v1_2_tb.v.xml' to 'G_re_tb.v' ...
Create template file 'G_re_tmpl.v' ...
Create template file 'G_re_tmpl.vhdl' ...
There are 2 source files to synthesize.
Synthesis is disabled.
Done: 0 error(s), 0 warning(s)
