#Build: Fabric Compiler 2021.1-SP7.3, Build 94852, May 25 15:09 2022
#Install: D:\pango\PDS_2021.1-SP7.3-ads\bin
#Application name: pds_shell.exe
#OS: Windows 10 10.0.19044
#Hostname: DESKTOP-47517NI
Generated by Fabric Compiler (version 2021.1-SP7.3 build 94852) at Tue Nov  8 15:39:00 2022
Compiling verification operator library.
Compiling common defs.
Loading technology operator library.
Compiling technology operator library.
Compiling technology operator (valence) library.
Compiling operator packing rules.
Compiling prim grid devices.
Compiling gate devices.
Compiling gate operators.
Compiling tech operator impls.
Building architecture model.
Loading device packaging model.
I: Parameter configuration file D:/hdmi_final/testparam.txt cannot open.
Reading design from translate DB.
Executing : get_ports hdmi_clk
Executing : get_ports hdmi_clk successfully.
Executing : get_pins instance_name/u_pll_e1:CLKOUT0
Executing : get_pins instance_name/u_pll_e1:CLKOUT0 successfully.
Executing : create_generated_clock -name top|hdmi_clk|instance_name/u_pll_e1/CLKOUT0_Inferred -source [get_ports hdmi_clk] [get_pins instance_name/u_pll_e1:CLKOUT0] -master_clock top|hdmi_clk -edges {1 2 3} -edge_shift {41.666667 -208.333333 -458.333333} -add
Executing : create_generated_clock -name top|hdmi_clk|instance_name/u_pll_e1/CLKOUT0_Inferred -source [get_ports hdmi_clk] [get_pins instance_name/u_pll_e1:CLKOUT0] -master_clock top|hdmi_clk -edges {1 2 3} -edge_shift {41.666667 -208.333333 -458.333333} -add successfully.
Executing : get_ports sys_clk
Executing : get_ports sys_clk successfully.
Executing : get_pins led_clk/u_pll_e1:CLKOUT1
Executing : get_pins led_clk/u_pll_e1:CLKOUT1 successfully.
Executing : create_generated_clock -name top|sys_clk|led_clk/u_pll_e1/CLKOUT1_Inferred -source [get_ports sys_clk] [get_pins led_clk/u_pll_e1:CLKOUT1] -master_clock top|sys_clk -edges {1 2 3} -edge_shift {0.000000 -416.666667 -833.333333} -add
Executing : create_generated_clock -name top|sys_clk|led_clk/u_pll_e1/CLKOUT1_Inferred -source [get_ports sys_clk] [get_pins led_clk/u_pll_e1:CLKOUT1] -master_clock top|sys_clk -edges {1 2 3} -edge_shift {0.000000 -416.666667 -833.333333} -add successfully.
Executing : get_ports sys_clk
Executing : get_ports sys_clk successfully.
Executing : get_pins led_clk/u_pll_e1:CLKOUT0
Executing : get_pins led_clk/u_pll_e1:CLKOUT0 successfully.
Executing : create_generated_clock -name top|sys_clk|led_clk/u_pll_e1/CLKOUT0_Inferred -source [get_ports sys_clk] [get_pins led_clk/u_pll_e1:CLKOUT0] -master_clock top|sys_clk -edges {1 2 3} -edge_shift {0.000000 -250.000000 -500.000000} -add
Executing : create_generated_clock -name top|sys_clk|led_clk/u_pll_e1/CLKOUT0_Inferred -source [get_ports sys_clk] [get_pins led_clk/u_pll_e1:CLKOUT0] -master_clock top|sys_clk -edges {1 2 3} -edge_shift {0.000000 -250.000000 -500.000000} -add successfully.
Flattening design 'top'
W: Public-4008: Instance 'hdmi_input_inst/regester_inst/out[0]' of 'GTP_DFF_E' unit is dangling and will be cleaned.
W: Public-4008: Instance 'hdmi_input_inst/regester_inst/out[20]' of 'GTP_DFF_E' unit is dangling and will be cleaned.
W: Public-4008: Instance 'hdmi_input_inst/regester_inst/out[40]' of 'GTP_DFF_E' unit is dangling and will be cleaned.
W: Public-4008: Instance 'hdmi_input_inst/B/sqrt_stepx[1].u_divider_step/dividend_kp[0]' of 'GTP_DFF' unit is dangling and will be cleaned.
W: Public-4008: Instance 'hdmi_input_inst/B/sqrt_stepx[2].u_divider_step/dividend_kp[0]' of 'GTP_DFF' unit is dangling and will be cleaned.
W: Public-4008: Instance 'hdmi_input_inst/B/sqrt_stepx[3].u_divider_step/dividend_kp[0]' of 'GTP_DFF' unit is dangling and will be cleaned.
W: Public-4008: Instance 'hdmi_input_inst/B/sqrt_stepx[4].u_divider_step/dividend_kp[0]' of 'GTP_DFF' unit is dangling and will be cleaned.
W: Public-4008: Instance 'hdmi_input_inst/B/sqrt_stepx[5].u_divider_step/dividend_kp[0]' of 'GTP_DFF' unit is dangling and will be cleaned.
W: Public-4008: Instance 'hdmi_input_inst/B/sqrt_stepx[6].u_divider_step/dividend_kp[0]' of 'GTP_DFF' unit is dangling and will be cleaned.
W: Public-4008: Instance 'hdmi_input_inst/B/sqrt_stepx[7].u_divider_step/dividend_kp[0]' of 'GTP_DFF' unit is dangling and will be cleaned.
W: Public-4008: Instance 'hdmi_input_inst/B/sqrt_stepx[8].u_divider_step/dividend_kp[0]' of 'GTP_DFF' unit is dangling and will be cleaned.
W: Public-4008: Instance 'hdmi_input_inst/B/sqrt_stepx[9].u_divider_step/dividend_kp[0]' of 'GTP_DFF' unit is dangling and will be cleaned.
W: Public-4008: Instance 'hdmi_input_inst/B/sqrt_stepx[10].u_divider_step/dividend_kp[0]' of 'GTP_DFF' unit is dangling and will be cleaned.
W: Public-4008: Instance 'hdmi_input_inst/B/sqrt_stepx[11].u_divider_step/dividend_kp[0]' of 'GTP_DFF' unit is dangling and will be cleaned.
W: Public-4008: Instance 'hdmi_input_inst/B/sqrt_stepx[12].u_divider_step/dividend_kp[0]' of 'GTP_DFF' unit is dangling and will be cleaned.
W: Public-4008: Instance 'hdmi_input_inst/B/sqrt_stepx[13].u_divider_step/dividend_kp[0]' of 'GTP_DFF' unit is dangling and will be cleaned.
W: Public-4008: Instance 'hdmi_input_inst/B/sqrt_stepx[14].u_divider_step/dividend_kp[0]' of 'GTP_DFF' unit is dangling and will be cleaned.
W: Public-4008: Instance 'hdmi_input_inst/B/sqrt_stepx[15].u_divider_step/dividend_kp[0]' of 'GTP_DFF' unit is dangling and will be cleaned.
W: Public-4008: Instance 'hdmi_input_inst/B/sqrt_stepx[15].u_divider_step/remainder[0]' of 'GTP_DFF' unit is dangling and will be cleaned.
W: Public-4008: Instance 'hdmi_input_inst/B/sqrt_stepx[15].u_divider_step/remainder[1]' of 'GTP_DFF' unit is dangling and will be cleaned.
W: Public-4008: Instance 'hdmi_input_inst/B/sqrt_stepx[15].u_divider_step/remainder[2]' of 'GTP_DFF' unit is dangling and will be cleaned.
W: Public-4008: Instance 'hdmi_input_inst/B/sqrt_stepx[15].u_divider_step/remainder[3]' of 'GTP_DFF' unit is dangling and will be cleaned.
W: Public-4008: Instance 'hdmi_input_inst/B/sqrt_stepx[15].u_divider_step/remainder[4]' of 'GTP_DFF' unit is dangling and will be cleaned.
W: Public-4008: Instance 'hdmi_input_inst/B/sqrt_stepx[15].u_divider_step/remainder[5]' of 'GTP_DFF' unit is dangling and will be cleaned.
W: Public-4008: Instance 'hdmi_input_inst/B/sqrt_stepx[15].u_divider_step/remainder[6]' of 'GTP_DFF' unit is dangling and will be cleaned.
W: Public-4008: Instance 'hdmi_input_inst/B/sqrt_stepx[15].u_divider_step/remainder[7]' of 'GTP_DFF' unit is dangling and will be cleaned.
W: Public-4008: Instance 'hdmi_input_inst/B/sqrt_stepx[15].u_divider_step/remainder[8]' of 'GTP_DFF' unit is dangling and will be cleaned.
W: Public-4008: Instance 'hdmi_input_inst/B/sqrt_stepx[15].u_divider_step/remainder[9]' of 'GTP_DFF' unit is dangling and will be cleaned.
W: Public-4008: Instance 'hdmi_input_inst/B/sqrt_stepx[16].u_divider_step/merchant[0]' of 'GTP_DFF' unit is dangling and will be cleaned.
W: Public-4008: Instance 'hdmi_input_inst/B/u_divider_step0/dividend_kp[0]' of 'GTP_DFF' unit is dangling and will be cleaned.
W: Public-4008: Instance 'hdmi_input_inst/G/sqrt_stepx[1].u_divider_step/dividend_kp[0]' of 'GTP_DFF' unit is dangling and will be cleaned.
W: Public-4008: Instance 'hdmi_input_inst/G/sqrt_stepx[2].u_divider_step/dividend_kp[0]' of 'GTP_DFF' unit is dangling and will be cleaned.
W: Public-4008: Instance 'hdmi_input_inst/G/sqrt_stepx[3].u_divider_step/dividend_kp[0]' of 'GTP_DFF' unit is dangling and will be cleaned.
W: Public-4008: Instance 'hdmi_input_inst/G/sqrt_stepx[4].u_divider_step/dividend_kp[0]' of 'GTP_DFF' unit is dangling and will be cleaned.
W: Public-4008: Instance 'hdmi_input_inst/G/sqrt_stepx[5].u_divider_step/dividend_kp[0]' of 'GTP_DFF' unit is dangling and will be cleaned.
W: Public-4008: Instance 'hdmi_input_inst/G/sqrt_stepx[6].u_divider_step/dividend_kp[0]' of 'GTP_DFF' unit is dangling and will be cleaned.
W: Public-4008: Instance 'hdmi_input_inst/G/sqrt_stepx[7].u_divider_step/dividend_kp[0]' of 'GTP_DFF' unit is dangling and will be cleaned.
W: Public-4008: Instance 'hdmi_input_inst/G/sqrt_stepx[8].u_divider_step/dividend_kp[0]' of 'GTP_DFF' unit is dangling and will be cleaned.
W: Public-4008: Instance 'hdmi_input_inst/G/sqrt_stepx[9].u_divider_step/dividend_kp[0]' of 'GTP_DFF' unit is dangling and will be cleaned.
W: Public-4008: Instance 'hdmi_input_inst/G/sqrt_stepx[10].u_divider_step/dividend_kp[0]' of 'GTP_DFF' unit is dangling and will be cleaned.
W: Public-4008: Instance 'hdmi_input_inst/G/sqrt_stepx[11].u_divider_step/dividend_kp[0]' of 'GTP_DFF' unit is dangling and will be cleaned.
W: Public-4008: Instance 'hdmi_input_inst/G/sqrt_stepx[12].u_divider_step/dividend_kp[0]' of 'GTP_DFF' unit is dangling and will be cleaned.
W: Public-4008: Instance 'hdmi_input_inst/G/sqrt_stepx[13].u_divider_step/dividend_kp[0]' of 'GTP_DFF' unit is dangling and will be cleaned.
W: Public-4008: Instance 'hdmi_input_inst/G/sqrt_stepx[14].u_divider_step/dividend_kp[0]' of 'GTP_DFF' unit is dangling and will be cleaned.
W: Public-4008: Instance 'hdmi_input_inst/G/sqrt_stepx[15].u_divider_step/dividend_kp[0]' of 'GTP_DFF' unit is dangling and will be cleaned.
W: Public-4008: Instance 'hdmi_input_inst/G/sqrt_stepx[15].u_divider_step/remainder[0]' of 'GTP_DFF' unit is dangling and will be cleaned.
W: Public-4008: Instance 'hdmi_input_inst/G/sqrt_stepx[15].u_divider_step/remainder[1]' of 'GTP_DFF' unit is dangling and will be cleaned.
W: Public-4008: Instance 'hdmi_input_inst/G/sqrt_stepx[15].u_divider_step/remainder[2]' of 'GTP_DFF' unit is dangling and will be cleaned.
W: Public-4008: Instance 'hdmi_input_inst/G/sqrt_stepx[15].u_divider_step/remainder[3]' of 'GTP_DFF' unit is dangling and will be cleaned.
W: Public-4008: Instance 'hdmi_input_inst/G/sqrt_stepx[15].u_divider_step/remainder[4]' of 'GTP_DFF' unit is dangling and will be cleaned.
W: Public-4008: Instance 'hdmi_input_inst/G/sqrt_stepx[15].u_divider_step/remainder[5]' of 'GTP_DFF' unit is dangling and will be cleaned.
W: Public-4008: Instance 'hdmi_input_inst/G/sqrt_stepx[15].u_divider_step/remainder[6]' of 'GTP_DFF' unit is dangling and will be cleaned.
W: Public-4008: Instance 'hdmi_input_inst/G/sqrt_stepx[15].u_divider_step/remainder[7]' of 'GTP_DFF' unit is dangling and will be cleaned.
W: Public-4008: Instance 'hdmi_input_inst/G/sqrt_stepx[15].u_divider_step/remainder[8]' of 'GTP_DFF' unit is dangling and will be cleaned.
W: Public-4008: Instance 'hdmi_input_inst/G/sqrt_stepx[15].u_divider_step/remainder[9]' of 'GTP_DFF' unit is dangling and will be cleaned.
W: Public-4008: Instance 'hdmi_input_inst/G/sqrt_stepx[16].u_divider_step/merchant[0]' of 'GTP_DFF' unit is dangling and will be cleaned.
W: Public-4008: Instance 'hdmi_input_inst/G/u_divider_step0/dividend_kp[0]' of 'GTP_DFF' unit is dangling and will be cleaned.
W: Public-4008: Instance 'hdmi_input_inst/R/sqrt_stepx[1].u_divider_step/dividend_kp[0]' of 'GTP_DFF' unit is dangling and will be cleaned.
W: Public-4008: Instance 'hdmi_input_inst/R/sqrt_stepx[2].u_divider_step/dividend_kp[0]' of 'GTP_DFF' unit is dangling and will be cleaned.
W: Public-4008: Instance 'hdmi_input_inst/R/sqrt_stepx[3].u_divider_step/dividend_kp[0]' of 'GTP_DFF' unit is dangling and will be cleaned.
W: Public-4008: Instance 'hdmi_input_inst/R/sqrt_stepx[4].u_divider_step/dividend_kp[0]' of 'GTP_DFF' unit is dangling and will be cleaned.
W: Public-4008: Instance 'hdmi_input_inst/R/sqrt_stepx[5].u_divider_step/dividend_kp[0]' of 'GTP_DFF' unit is dangling and will be cleaned.
W: Public-4008: Instance 'hdmi_input_inst/R/sqrt_stepx[6].u_divider_step/dividend_kp[0]' of 'GTP_DFF' unit is dangling and will be cleaned.
W: Public-4008: Instance 'hdmi_input_inst/R/sqrt_stepx[7].u_divider_step/dividend_kp[0]' of 'GTP_DFF' unit is dangling and will be cleaned.
W: Public-4008: Instance 'hdmi_input_inst/R/sqrt_stepx[8].u_divider_step/dividend_kp[0]' of 'GTP_DFF' unit is dangling and will be cleaned.
W: Public-4008: Instance 'hdmi_input_inst/R/sqrt_stepx[9].u_divider_step/dividend_kp[0]' of 'GTP_DFF' unit is dangling and will be cleaned.
W: Public-4008: Instance 'hdmi_input_inst/R/sqrt_stepx[10].u_divider_step/dividend_kp[0]' of 'GTP_DFF' unit is dangling and will be cleaned.
W: Public-4008: Instance 'hdmi_input_inst/R/sqrt_stepx[11].u_divider_step/dividend_kp[0]' of 'GTP_DFF' unit is dangling and will be cleaned.
W: Public-4008: Instance 'hdmi_input_inst/R/sqrt_stepx[12].u_divider_step/dividend_kp[0]' of 'GTP_DFF' unit is dangling and will be cleaned.
W: Public-4008: Instance 'hdmi_input_inst/R/sqrt_stepx[13].u_divider_step/dividend_kp[0]' of 'GTP_DFF' unit is dangling and will be cleaned.
W: Public-4008: Instance 'hdmi_input_inst/R/sqrt_stepx[14].u_divider_step/dividend_kp[0]' of 'GTP_DFF' unit is dangling and will be cleaned.
W: Public-4008: Instance 'hdmi_input_inst/R/sqrt_stepx[15].u_divider_step/dividend_kp[0]' of 'GTP_DFF' unit is dangling and will be cleaned.
W: Public-4008: Instance 'hdmi_input_inst/R/sqrt_stepx[15].u_divider_step/remainder[0]' of 'GTP_DFF' unit is dangling and will be cleaned.
W: Public-4008: Instance 'hdmi_input_inst/R/sqrt_stepx[15].u_divider_step/remainder[1]' of 'GTP_DFF' unit is dangling and will be cleaned.
W: Public-4008: Instance 'hdmi_input_inst/R/sqrt_stepx[15].u_divider_step/remainder[2]' of 'GTP_DFF' unit is dangling and will be cleaned.
W: Public-4008: Instance 'hdmi_input_inst/R/sqrt_stepx[15].u_divider_step/remainder[3]' of 'GTP_DFF' unit is dangling and will be cleaned.
W: Public-4008: Instance 'hdmi_input_inst/R/sqrt_stepx[15].u_divider_step/remainder[4]' of 'GTP_DFF' unit is dangling and will be cleaned.
W: Public-4008: Instance 'hdmi_input_inst/R/sqrt_stepx[15].u_divider_step/remainder[5]' of 'GTP_DFF' unit is dangling and will be cleaned.
W: Public-4008: Instance 'hdmi_input_inst/R/sqrt_stepx[15].u_divider_step/remainder[6]' of 'GTP_DFF' unit is dangling and will be cleaned.
W: Public-4008: Instance 'hdmi_input_inst/R/sqrt_stepx[15].u_divider_step/remainder[7]' of 'GTP_DFF' unit is dangling and will be cleaned.
W: Public-4008: Instance 'hdmi_input_inst/R/sqrt_stepx[15].u_divider_step/remainder[8]' of 'GTP_DFF' unit is dangling and will be cleaned.
W: Public-4008: Instance 'hdmi_input_inst/R/sqrt_stepx[15].u_divider_step/remainder[9]' of 'GTP_DFF' unit is dangling and will be cleaned.
W: Public-4008: Instance 'hdmi_input_inst/R/sqrt_stepx[16].u_divider_step/merchant[0]' of 'GTP_DFF' unit is dangling and will be cleaned.
W: Public-4008: Instance 'hdmi_input_inst/R/u_divider_step0/dividend_kp[0]' of 'GTP_DFF' unit is dangling and will be cleaned.
Device mapping started.
Optimizing circuit logic.
Checking design netlist.
Processing tech operator.
I: The instance clkbufg_10(GTP_CLKBUFG) has been inserted on the net nt_sys_clk in design, driver pin O(instance sys_clk_ibuf) -> load pin CLK(instance block_reset).
I: The instance clkbufg_11(GTP_CLKBUFG) has been inserted on the net nt_hdmi_clk in design, driver pin O(instance hdmi_clk_ibuf) -> load pin I(instance N10).
I: The instance clkbufg_12(GTP_CLKBUFG) has been inserted on the net clk_out1 in design, driver pin CLKOUT0(instance led_clk/u_pll_e1) -> load pin CLK(instance led_top_down/led_inst/outputdata_inst/addr_change).
I: The instance clkbufg_13(GTP_CLKBUFG) has been inserted on the net cal_clk in design, driver pin CLKOUT0(instance instance_name/u_pll_e1) -> load pin I(instance N11).
I: The instance clkbufg_14(GTP_CLKBUFG) has been inserted on the net clk_out2 in design, driver pin CLKOUT1(instance led_clk/u_pll_e1) -> load pin CLK(instance led_top_down/collect_inst/chosen_data_reg[0]).
Converting tech operator to gate operator.
Processing gate operator.
Device mapping done.
Total device mapping takes 1.093750 sec.

Device Utilization Summary:
+-------------------------------------------------------------------------+
| Logic Utilization     | Used     | Available     | Utilization(%)     
+-------------------------------------------------------------------------+
| APM                   | 0        | 30            | 0                   
| IOCKDLY               | 0        | 24            | 0                   
| FF                    | 4033     | 26304         | 16                  
| LUT                   | 8105     | 17536         | 47                  
| Distributed RAM       | 408      | 4440          | 10                  
| DLL                   | 0        | 6             | 0                   
| DQSL                  | 0        | 18            | 0                   
| DRM                   | 0        | 48            | 0                   
| FUSECODE              | 0        | 1             | 0                   
| IO                    | 36       | 240           | 15                  
| IOCKDIV               | 0        | 12            | 0                   
| IOCKGATE              | 0        | 12            | 0                   
| IPAL                  | 0        | 1             | 0                   
| PLL                   | 2        | 6             | 34                  
| RCKB                  | 0        | 24            | 0                   
| SCANCHAIN             | 0        | 4             | 0                   
| START                 | 0        | 1             | 0                   
| USCM                  | 5        | 20            | 25                  
| HMEMC                 | 0        | 2             | 0                   
| OSC                   | 0        | 1             | 0                   
| ADC                   | 0        | 1             | 0                   
| CRYSTAL               | 0        | 6             | 0                   
| FLSIF                 | 0        | 1             | 0                   
| RESCAL                | 0        | 6             | 0                   
| UDID                  | 0        | 1             | 0                   
+-------------------------------------------------------------------------+

Design 'top' has been successfully mapped to architecture-specific objects.
Saving design to DB.
W: Public-4010: Pcf file D:/hdmi_final/device_map/top.pcf has been covered.
Action dev_map: Real time elapsed is 6.000 sec
Action dev_map: CPU time elapsed is 3.891 sec
Current time: Tue Nov  8 15:39:05 2022
Action dev_map: Peak memory pool usage is 270,295,040 bytes
