# Reading D:/MODELSIM/tcl/vsim/pref.tcl
# //  ModelSim SE-64 10.4 Dec  3 2014 
# //
# //  Copyright 1991-2014 Mentor Graphics Corporation
# //  All Rights Reserved.
# //
# //  THIS WORK CONTAINS TRADE SECRET AND PROPRIETARY INFORMATION
# //  WHICH IS THE PROPERTY OF MENTOR GRAPHICS CORPORATION OR ITS
# //  LICENSORS AND IS SUBJECT TO LICENSE TERMS.
# //  THIS DOCUMENT CONTAINS TRADE SECRETS AND COMMERCIAL OR FINANCIAL
# //  INFORMATION THAT ARE PRIVILEGED, CONFIDENTIAL, AND EXEMPT FROM
# //  DISCLOSURE UNDER THE FREEDOM OF INFORMATION ACT, 5 U.S.C. SECTION 552.
# //  FURTHERMORE, THIS INFORMATION IS PROHIBITED FROM DISCLOSURE UNDER
# //  THE TRADE SECRETS ACT, 18 U.S.C. SECTION 1905.
# //
# do {run_behav_compile.tcl}
# ** Error: (vlib-35) Failed to create directory "work".
# 
# File exists. (errno = EEXIST)
# Model Technology ModelSim SE-64 vmap 10.4 Lib Mapping Utility 2014.12 Dec  3 2014
# vmap -modelsim_quiet work ./work 
# Modifying modelsim.ini
# Model Technology ModelSim SE-64 vmap 10.4 Lib Mapping Utility 2014.12 Dec  3 2014
# vmap -modelsim_quiet usim D:/hdmi_final/pango_sim_libraries/usim 
# Modifying modelsim.ini
# Model Technology ModelSim SE-64 vmap 10.4 Lib Mapping Utility 2014.12 Dec  3 2014
# vmap -modelsim_quiet adc D:/hdmi_final/pango_sim_libraries/adc 
# Modifying modelsim.ini
# Model Technology ModelSim SE-64 vmap 10.4 Lib Mapping Utility 2014.12 Dec  3 2014
# vmap -modelsim_quiet ddrc D:/hdmi_final/pango_sim_libraries/ddrc 
# Modifying modelsim.ini
# Model Technology ModelSim SE-64 vmap 10.4 Lib Mapping Utility 2014.12 Dec  3 2014
# vmap -modelsim_quiet ddrphy D:/hdmi_final/pango_sim_libraries/ddrphy 
# Modifying modelsim.ini
# Model Technology ModelSim SE-64 vmap 10.4 Lib Mapping Utility 2014.12 Dec  3 2014
# vmap -modelsim_quiet hsst_e2 D:/hdmi_final/pango_sim_libraries/hsst_e2 
# Modifying modelsim.ini
# Model Technology ModelSim SE-64 vmap 10.4 Lib Mapping Utility 2014.12 Dec  3 2014
# vmap -modelsim_quiet iolhr_dft D:/hdmi_final/pango_sim_libraries/iolhr_dft 
# Modifying modelsim.ini
# Model Technology ModelSim SE-64 vmap 10.4 Lib Mapping Utility 2014.12 Dec  3 2014
# vmap -modelsim_quiet ipal_e1 D:/hdmi_final/pango_sim_libraries/ipal_e1 
# Modifying modelsim.ini
# Model Technology ModelSim SE-64 vmap 10.4 Lib Mapping Utility 2014.12 Dec  3 2014
# vmap -modelsim_quiet pciegen2 D:/hdmi_final/pango_sim_libraries/pciegen2 
# Modifying modelsim.ini
# Model Technology ModelSim SE-64 vlog 10.4 Compiler 2014.12 Dec  3 2014
# Start time: 19:26:20 on Nov 08,2022
# vlog -reportprogress 300 D:/hdmi_final/source/source/areaconfig.v -work work 
# -- Compiling module areaconfig_up
# 
# Top level modules:
# 	areaconfig_up
# End time: 19:26:20 on Nov 08,2022, Elapsed time: 0:00:00
# Errors: 0, Warnings: 0
# Model Technology ModelSim SE-64 vlog 10.4 Compiler 2014.12 Dec  3 2014
# Start time: 19:26:20 on Nov 08,2022
# vlog -reportprogress 300 D:/hdmi_final/source/source/data_to_block.sv -work work 
# -- Compiling module data_to_block
# 
# Top level modules:
# 	data_to_block
# End time: 19:26:20 on Nov 08,2022, Elapsed time: 0:00:00
# Errors: 0, Warnings: 0
# Model Technology ModelSim SE-64 vlog 10.4 Compiler 2014.12 Dec  3 2014
# Start time: 19:26:20 on Nov 08,2022
# vlog -reportprogress 300 D:/hdmi_final/source/source/divider_cell.v -work work 
# -- Compiling module divider_cell
# 
# Top level modules:
# 	divider_cell
# End time: 19:26:20 on Nov 08,2022, Elapsed time: 0:00:00
# Errors: 0, Warnings: 0
# Model Technology ModelSim SE-64 vlog 10.4 Compiler 2014.12 Dec  3 2014
# Start time: 19:26:20 on Nov 08,2022
# vlog -reportprogress 300 D:/hdmi_final/source/source/led_top.sv -work work 
# -- Compiling module led_top
# 
# Top level modules:
# 	led_top
# End time: 19:26:20 on Nov 08,2022, Elapsed time: 0:00:00
# Errors: 0, Warnings: 0
# Model Technology ModelSim SE-64 vlog 10.4 Compiler 2014.12 Dec  3 2014
# Start time: 19:26:20 on Nov 08,2022
# vlog -reportprogress 300 D:/hdmi_final/source/source/cal_block_rest.v -work work 
# -- Compiling module cal_block_rest
# 
# Top level modules:
# 	cal_block_rest
# End time: 19:26:20 on Nov 08,2022, Elapsed time: 0:00:00
# Errors: 0, Warnings: 0
# Model Technology ModelSim SE-64 vlog 10.4 Compiler 2014.12 Dec  3 2014
# Start time: 19:26:20 on Nov 08,2022
# vlog -reportprogress 300 D:/hdmi_final/source/source/divider.v -work work 
# -- Compiling module divider_man
# 
# Top level modules:
# 	divider_man
# End time: 19:26:20 on Nov 08,2022, Elapsed time: 0:00:00
# Errors: 0, Warnings: 0
# Model Technology ModelSim SE-64 vlog 10.4 Compiler 2014.12 Dec  3 2014
# Start time: 19:26:20 on Nov 08,2022
# vlog -reportprogress 300 D:/hdmi_final/source/source/areaconfig3.v -work work 
# -- Compiling module areaconfig_left
# 
# Top level modules:
# 	areaconfig_left
# End time: 19:26:20 on Nov 08,2022, Elapsed time: 0:00:00
# Errors: 0, Warnings: 0
# Model Technology ModelSim SE-64 vlog 10.4 Compiler 2014.12 Dec  3 2014
# Start time: 19:26:20 on Nov 08,2022
# vlog -reportprogress 300 D:/hdmi_final/source/source/cal_block.sv -work work 
# -- Compiling module cal_block
# 
# Top level modules:
# 	cal_block
# End time: 19:26:20 on Nov 08,2022, Elapsed time: 0:00:00
# Errors: 0, Warnings: 0
# Model Technology ModelSim SE-64 vlog 10.4 Compiler 2014.12 Dec  3 2014
# Start time: 19:26:20 on Nov 08,2022
# vlog -reportprogress 300 D:/hdmi_final/source/source/outputdata.v -work work 
# -- Compiling module outputdata
# 
# Top level modules:
# 	outputdata
# End time: 19:26:20 on Nov 08,2022, Elapsed time: 0:00:00
# Errors: 0, Warnings: 0
# Model Technology ModelSim SE-64 vlog 10.4 Compiler 2014.12 Dec  3 2014
# Start time: 19:26:20 on Nov 08,2022
# vlog -reportprogress 300 D:/hdmi_final/source/source/areaconfig4.v -work work 
# -- Compiling module areaconfig_right
# 
# Top level modules:
# 	areaconfig_right
# End time: 19:26:20 on Nov 08,2022, Elapsed time: 0:00:00
# Errors: 0, Warnings: 0
# Model Technology ModelSim SE-64 vlog 10.4 Compiler 2014.12 Dec  3 2014
# Start time: 19:26:20 on Nov 08,2022
# vlog -reportprogress 300 D:/hdmi_final/source/source/block_re.v -work work 
# -- Compiling module block_re
# 
# Top level modules:
# 	block_re
# End time: 19:26:20 on Nov 08,2022, Elapsed time: 0:00:00
# Errors: 0, Warnings: 0
# Model Technology ModelSim SE-64 vlog 10.4 Compiler 2014.12 Dec  3 2014
# Start time: 19:26:20 on Nov 08,2022
# vlog -reportprogress 300 D:/hdmi_final/source/source/collect.sv -work work 
# -- Compiling module collect
# 
# Top level modules:
# 	collect
# End time: 19:26:20 on Nov 08,2022, Elapsed time: 0:00:00
# Errors: 0, Warnings: 0
# Model Technology ModelSim SE-64 vlog 10.4 Compiler 2014.12 Dec  3 2014
# Start time: 19:26:20 on Nov 08,2022
# vlog -reportprogress 300 D:/hdmi_final/source/source/choose.v -work work 
# -- Compiling module choose
# 
# Top level modules:
# 	choose
# End time: 19:26:20 on Nov 08,2022, Elapsed time: 0:00:00
# Errors: 0, Warnings: 0
# Model Technology ModelSim SE-64 vlog 10.4 Compiler 2014.12 Dec  3 2014
# Start time: 19:26:20 on Nov 08,2022
# vlog -reportprogress 300 D:/hdmi_final/source/source/panduan.v -work work 
# -- Compiling module panduan
# 
# Top level modules:
# 	panduan
# End time: 19:26:20 on Nov 08,2022, Elapsed time: 0:00:00
# Errors: 0, Warnings: 0
# Model Technology ModelSim SE-64 vlog 10.4 Compiler 2014.12 Dec  3 2014
# Start time: 19:26:20 on Nov 08,2022
# vlog -reportprogress 300 D:/hdmi_final/source/source/led.v -work work 
# -- Compiling module led
# 
# Top level modules:
# 	led
# End time: 19:26:20 on Nov 08,2022, Elapsed time: 0:00:00
# Errors: 0, Warnings: 0
# Model Technology ModelSim SE-64 vlog 10.4 Compiler 2014.12 Dec  3 2014
# Start time: 19:26:20 on Nov 08,2022
# vlog -reportprogress 300 D:/hdmi_final/source/source/register.v -work work 
# -- Compiling module register
# 
# Top level modules:
# 	register
# End time: 19:26:20 on Nov 08,2022, Elapsed time: 0:00:00
# Errors: 0, Warnings: 0
# Model Technology ModelSim SE-64 vlog 10.4 Compiler 2014.12 Dec  3 2014
# Start time: 19:26:20 on Nov 08,2022
# vlog -reportprogress 300 D:/hdmi_final/source/source/hdmi_input.v -work work 
# -- Compiling module hdmi_input
# 
# Top level modules:
# 	hdmi_input
# End time: 19:26:20 on Nov 08,2022, Elapsed time: 0:00:00
# Errors: 0, Warnings: 0
# Model Technology ModelSim SE-64 vlog 10.4 Compiler 2014.12 Dec  3 2014
# Start time: 19:26:20 on Nov 08,2022
# vlog -reportprogress 300 D:/hdmi_final/source/source/top.sv -work work 
# -- Compiling module top
# 
# Top level modules:
# 	top
# End time: 19:26:20 on Nov 08,2022, Elapsed time: 0:00:00
# Errors: 0, Warnings: 0
# Model Technology ModelSim SE-64 vlog 10.4 Compiler 2014.12 Dec  3 2014
# Start time: 19:26:20 on Nov 08,2022
# vlog -reportprogress 300 D:/hdmi_final/source/source/judge_rest.v -work work 
# -- Compiling module judge_rest
# 
# Top level modules:
# 	judge_rest
# End time: 19:26:20 on Nov 08,2022, Elapsed time: 0:00:00
# Errors: 0, Warnings: 0
# Model Technology ModelSim SE-64 vlog 10.4 Compiler 2014.12 Dec  3 2014
# Start time: 19:26:20 on Nov 08,2022
# vlog -reportprogress 300 D:/hdmi_final/source/source/areaconfi2.v -work work 
# -- Compiling module areaconfig_down
# 
# Top level modules:
# 	areaconfig_down
# End time: 19:26:20 on Nov 08,2022, Elapsed time: 0:00:00
# Errors: 0, Warnings: 0
# Model Technology ModelSim SE-64 vlog 10.4 Compiler 2014.12 Dec  3 2014
# Start time: 19:26:20 on Nov 08,2022
# vlog -reportprogress 300 D:/hdmi_final/ipcore/cl_xiz_0/cl_xiz_0.v -work work 
# -- Compiling module cl_xiz_0
# 
# Top level modules:
# 	cl_xiz_0
# End time: 19:26:20 on Nov 08,2022, Elapsed time: 0:00:00
# Errors: 0, Warnings: 0
# Model Technology ModelSim SE-64 vlog 10.4 Compiler 2014.12 Dec  3 2014
# Start time: 19:26:20 on Nov 08,2022
# vlog -reportprogress 300 D:/hdmi_final/ipcore/G_re/rtl/ipm_distributed_sdpram_v1_2_G_re.v -work work 
# -- Compiling module ipm_distributed_sdpram_v1_2_G_re
# 
# Top level modules:
# 	ipm_distributed_sdpram_v1_2_G_re
# End time: 19:26:20 on Nov 08,2022, Elapsed time: 0:00:00
# Errors: 0, Warnings: 0
# Model Technology ModelSim SE-64 vlog 10.4 Compiler 2014.12 Dec  3 2014
# Start time: 19:26:20 on Nov 08,2022
# vlog -reportprogress 300 D:/hdmi_final/ipcore/G_re/G_re.v -work work 
# -- Compiling module G_re
# 
# Top level modules:
# 	G_re
# End time: 19:26:20 on Nov 08,2022, Elapsed time: 0:00:00
# Errors: 0, Warnings: 0
# Model Technology ModelSim SE-64 vlog 10.4 Compiler 2014.12 Dec  3 2014
# Start time: 19:26:20 on Nov 08,2022
# vlog -reportprogress 300 D:/hdmi_final/ipcore/clk_wiz_2/clk_wiz_2.v -work work 
# -- Compiling module clk_wiz_2
# 
# Top level modules:
# 	clk_wiz_2
# End time: 19:26:20 on Nov 08,2022, Elapsed time: 0:00:00
# Errors: 0, Warnings: 0
# Model Technology ModelSim SE-64 vlog 10.4 Compiler 2014.12 Dec  3 2014
# Start time: 19:26:20 on Nov 08,2022
# vlog -reportprogress 300 D:/hdmi_final/source/fin_sim.v -work work 
# -- Compiling module final_sim
# 
# Top level modules:
# 	final_sim
# End time: 19:26:20 on Nov 08,2022, Elapsed time: 0:00:00
# Errors: 0, Warnings: 0
# do {run_behav_simulate.tcl}
# vsim -gui -do "do {run_behav_compile.tcl};do {run_behav_simulate.tcl}" -l run_behav_simulate.log 
# Start time: 19:26:20 on Nov 08,2022
# ** Warning: (vsim-8891) All optimizations are turned off because the -novopt switch is in effect. This will cause your simulation to run very slowly. If you are using this switch to preserve visibility for Debug or PLI features please see the User's Manual section on Preserving Object Visibility with vopt.
# 
# Refreshing D:/hdmi_final/sim/behav/work.final_sim
# Loading work.final_sim
# Refreshing D:/hdmi_final/sim/behav/work.top
# Loading sv_std.std
# Loading work.top
# Refreshing D:/hdmi_final/sim/behav/work.cl_xiz_0
# Loading work.cl_xiz_0
# Loading usim.GTP_PLL_E1
# Refreshing D:/hdmi_final/sim/behav/work.hdmi_input
# Loading work.hdmi_input
# Refreshing D:/hdmi_final/sim/behav/work.block_re
# Loading work.block_re
# Refreshing D:/hdmi_final/sim/behav/work.register
# Loading work.register
# Refreshing D:/hdmi_final/sim/behav/work.G_re
# Loading work.G_re
# Refreshing D:/hdmi_final/sim/behav/work.ipm_distributed_sdpram_v1_2_G_re
# Loading work.ipm_distributed_sdpram_v1_2_G_re
# Refreshing D:/hdmi_final/sim/behav/work.divider_man
# Loading work.divider_man
# Refreshing D:/hdmi_final/sim/behav/work.divider_cell
# Loading work.divider_cell
# Refreshing D:/hdmi_final/sim/behav/work.data_to_block
# Loading work.data_to_block
# Refreshing D:/hdmi_final/sim/behav/work.cal_block_rest
# Loading work.cal_block_rest
# Refreshing D:/hdmi_final/sim/behav/work.clk_wiz_2
# Loading work.clk_wiz_2
# Refreshing D:/hdmi_final/sim/behav/work.led_top
# Loading work.led_top
# Refreshing D:/hdmi_final/sim/behav/work.collect
# Loading work.collect
# Refreshing D:/hdmi_final/sim/behav/work.led
# Loading work.led
# Refreshing D:/hdmi_final/sim/behav/work.outputdata
# Loading work.outputdata
# Refreshing D:/hdmi_final/sim/behav/work.choose
# Loading work.choose
# Refreshing D:/hdmi_final/sim/behav/work.panduan
# Loading work.panduan
# Loading usim.GTP_GRS
# Refreshing D:/hdmi_final/sim/behav/work.judge_rest
# Loading work.judge_rest
# Refreshing D:/hdmi_final/sim/behav/work.cal_block
# Loading work.cal_block
# Refreshing D:/hdmi_final/sim/behav/work.areaconfig_up
# Loading work.areaconfig_up
# Refreshing D:/hdmi_final/sim/behav/work.areaconfig_down
# Loading work.areaconfig_down
# Refreshing D:/hdmi_final/sim/behav/work.areaconfig_left
# Loading work.areaconfig_left
# Refreshing D:/hdmi_final/sim/behav/work.areaconfig_right
# Loading work.areaconfig_right
# .main_pane.wave.interior.cs.body.pw.wf
# .main_pane.structure.interior.cs.body.struct
# .main_pane.objects.interior.cs.body.tree
add wave -position insertpoint  \
sim:/final_sim/top_inst/hdmi_input_inst/h_begin
add wave -position insertpoint  \
sim:/final_sim/top_inst/hdmi_input_inst/block_row
add wave -position insertpoint  \
sim:/final_sim/top_inst/hdmi_input_inst/row_counter
run -all
# Break key hit
# Break in Module GTP_PLL_E1 at D:/pango/PDS_2021.1-SP7.3-ads/arch/vendor/pango/verilog/simulation/GTP_PLL_E1.v line 1277
run -all
# End time: 19:36:05 on Nov 08,2022, Elapsed time: 0:09:45
# Errors: 0, Warnings: 1
