#Build: Fabric Compiler 2021.1-SP7.3, Build 94852, May 25 15:09 2022
#Install: D:\pango\PDS_2021.1-SP7.3-ads\bin
#Application name: pds_shell.exe
#OS: Windows 10 10.0.19044
#Hostname: DESKTOP-47517NI
Generated by Fabric Compiler (version 2021.1-SP7.3 build 94852) at Sun Nov  6 19:34:42 2022
Compiling verification operator library.
Compiling common defs.
Compiling prim grid devices.
Compiling gate devices.
Compiling gate operators.
Building architecture model.
Loading device packaging model.
Reading design from DB.
Start Generating Programming File...
Reading design from DB takes 0.953125 sec.
Generating architecture configuration.
The bitstream file is "D:/hdmi_final/generate_bitstream/top.sbit"
Generate programming file takes 11.031250 sec.
Generating Programming File done.
Action gen_bit_stream: Real time elapsed is 15.000 sec
Action gen_bit_stream: CPU time elapsed is 13.391 sec
Current time: Sun Nov  6 19:34:55 2022
Action gen_bit_stream: Peak memory pool usage is 392,642,560 bytes
